Determining if the environ exist failed with the following output:
Change Dir: /home/vboxuser/Desktop/IRT/eval_k_means_coresets_main/cmake-3.20.2/CMakeFiles/CMakeTmp

Run Build Command(s):/usr/bin/gmake -f Makefile cmTC_c6ece/fast && gmake  -f CMakeFiles/cmTC_c6ece.dir/build.make CMakeFiles/cmTC_c6ece.dir/build
gmake[1]: Entering directory '/home/vboxuser/Desktop/IRT/eval_k_means_coresets_main/cmake-3.20.2/CMakeFiles/CMakeTmp'
Building C object CMakeFiles/cmTC_c6ece.dir/CheckSymbolExists.c.o
/usr/bin/gcc   -std=gnu11 -o CMakeFiles/cmTC_c6ece.dir/CheckSymbolExists.c.o -c /home/vboxuser/Desktop/IRT/eval_k_means_coresets_main/cmake-3.20.2/CMakeFiles/CMakeTmp/CheckSymbolExists.c
/home/vboxuser/Desktop/IRT/eval_k_means_coresets_main/cmake-3.20.2/CMakeFiles/CMakeTmp/CheckSymbolExists.c: In function ‘main’:
/home/vboxuser/Desktop/IRT/eval_k_means_coresets_main/cmake-3.20.2/CMakeFiles/CMakeTmp/CheckSymbolExists.c:8:19: error: ‘environ’ undeclared (first use in this function)
    8 |   return ((int*)(&environ))[argc];
      |                   ^~~~~~~
/home/vboxuser/Desktop/IRT/eval_k_means_coresets_main/cmake-3.20.2/CMakeFiles/CMakeTmp/CheckSymbolExists.c:8:19: note: each undeclared identifier is reported only once for each function it appears in
gmake[1]: *** [CMakeFiles/cmTC_c6ece.dir/build.make:78: CMakeFiles/cmTC_c6ece.dir/CheckSymbolExists.c.o] Error 1
gmake[1]: Leaving directory '/home/vboxuser/Desktop/IRT/eval_k_means_coresets_main/cmake-3.20.2/CMakeFiles/CMakeTmp'
gmake: *** [Makefile:127: cmTC_c6ece/fast] Error 2


File /home/vboxuser/Desktop/IRT/eval_k_means_coresets_main/cmake-3.20.2/CMakeFiles/CMakeTmp/CheckSymbolExists.c:
/* */
#include <stdlib.h>

int main(int argc, char** argv)
{
  (void)argv;
#ifndef environ
  return ((int*)(&environ))[argc];
#else
  (void)argc;
  return 0;
#endif
}
Checking whether CXX compiler has environ in stdlib.h failed to compile with the following output:
Change Dir: /home/vboxuser/Desktop/IRT/eval_k_means_coresets_main/cmake-3.20.2/Source/kwsys/CMakeFiles/CMakeTmp

Run Build Command(s):/usr/bin/gmake -f Makefile cmTC_21405/fast && gmake  -f CMakeFiles/cmTC_21405.dir/build.make CMakeFiles/cmTC_21405.dir/build
gmake[1]: Entering directory '/home/vboxuser/Desktop/IRT/eval_k_means_coresets_main/cmake-3.20.2/Source/kwsys/CMakeFiles/CMakeTmp'
Building CXX object CMakeFiles/cmTC_21405.dir/kwsysPlatformTestsCXX.cxx.o
/usr/bin/g++ -DTEST_KWSYS_CXX_HAS_ENVIRON_IN_STDLIB_H  -std=gnu++17 -o CMakeFiles/cmTC_21405.dir/kwsysPlatformTestsCXX.cxx.o -c /home/vboxuser/Desktop/IRT/eval_k_means_coresets_main/cmake-3.20.2/Source/kwsys/kwsysPlatformTestsCXX.cxx
/home/vboxuser/Desktop/IRT/eval_k_means_coresets_main/cmake-3.20.2/Source/kwsys/kwsysPlatformTestsCXX.cxx: In function ‘int main()’:
/home/vboxuser/Desktop/IRT/eval_k_means_coresets_main/cmake-3.20.2/Source/kwsys/kwsysPlatformTestsCXX.cxx:53:13: error: ‘environ’ was not declared in this scope; did you mean ‘union’?
   53 |   char* e = environ[0];
      |             ^~~~~~~
      |             union
gmake[1]: *** [CMakeFiles/cmTC_21405.dir/build.make:78: CMakeFiles/cmTC_21405.dir/kwsysPlatformTestsCXX.cxx.o] Error 1
gmake[1]: Leaving directory '/home/vboxuser/Desktop/IRT/eval_k_means_coresets_main/cmake-3.20.2/Source/kwsys/CMakeFiles/CMakeTmp'
gmake: *** [Makefile:127: cmTC_21405/fast] Error 2



Checking whether CXX compiler struct stat has st_mtimespec member failed to compile with the following output:
Change Dir: /home/vboxuser/Desktop/IRT/eval_k_means_coresets_main/cmake-3.20.2/Source/kwsys/CMakeFiles/CMakeTmp

Run Build Command(s):/usr/bin/gmake -f Makefile cmTC_cfb92/fast && gmake  -f CMakeFiles/cmTC_cfb92.dir/build.make CMakeFiles/cmTC_cfb92.dir/build
gmake[1]: Entering directory '/home/vboxuser/Desktop/IRT/eval_k_means_coresets_main/cmake-3.20.2/Source/kwsys/CMakeFiles/CMakeTmp'
Building CXX object CMakeFiles/cmTC_cfb92.dir/kwsysPlatformTestsCXX.cxx.o
/usr/bin/g++ -DTEST_KWSYS_CXX_STAT_HAS_ST_MTIMESPEC  -std=gnu++17 -o CMakeFiles/cmTC_cfb92.dir/kwsysPlatformTestsCXX.cxx.o -c /home/vboxuser/Desktop/IRT/eval_k_means_coresets_main/cmake-3.20.2/Source/kwsys/kwsysPlatformTestsCXX.cxx
/home/vboxuser/Desktop/IRT/eval_k_means_coresets_main/cmake-3.20.2/Source/kwsys/kwsysPlatformTestsCXX.cxx: In function ‘int main()’:
/home/vboxuser/Desktop/IRT/eval_k_means_coresets_main/cmake-3.20.2/Source/kwsys/kwsysPlatformTestsCXX.cxx:26:15: error: ‘struct stat’ has no member named ‘st_mtimespec’
   26 |   (void)stat1.st_mtimespec.tv_sec;
      |               ^~~~~~~~~~~~
/home/vboxuser/Desktop/IRT/eval_k_means_coresets_main/cmake-3.20.2/Source/kwsys/kwsysPlatformTestsCXX.cxx:27:15: error: ‘struct stat’ has no member named ‘st_mtimespec’
   27 |   (void)stat1.st_mtimespec.tv_nsec;
      |               ^~~~~~~~~~~~
gmake[1]: *** [CMakeFiles/cmTC_cfb92.dir/build.make:78: CMakeFiles/cmTC_cfb92.dir/kwsysPlatformTestsCXX.cxx.o] Error 1
gmake[1]: Leaving directory '/home/vboxuser/Desktop/IRT/eval_k_means_coresets_main/cmake-3.20.2/Source/kwsys/CMakeFiles/CMakeTmp'
gmake: *** [Makefile:127: cmTC_cfb92/fast] Error 2



Determining if the function connect exists in the socket;dl failed with the following output:
Change Dir: /home/vboxuser/Desktop/IRT/eval_k_means_coresets_main/cmake-3.20.2/CMakeFiles/CMakeTmp

Run Build Command(s):/usr/bin/gmake -f Makefile cmTC_1f35c/fast && gmake  -f CMakeFiles/cmTC_1f35c.dir/build.make CMakeFiles/cmTC_1f35c.dir/build
gmake[1]: Entering directory '/home/vboxuser/Desktop/IRT/eval_k_means_coresets_main/cmake-3.20.2/CMakeFiles/CMakeTmp'
Building C object CMakeFiles/cmTC_1f35c.dir/CheckFunctionExists.c.o
/usr/bin/gcc   -w -DCHECK_FUNCTION_EXISTS=connect -std=gnu11 -o CMakeFiles/cmTC_1f35c.dir/CheckFunctionExists.c.o -c /home/vboxuser/Desktop/IRT/eval_k_means_coresets_main/cmake-3.20.2/Modules/CheckFunctionExists.c
Linking C executable cmTC_1f35c
/home/vboxuser/Desktop/IRT/eval_k_means_coresets_main/cmake-3.20.2/Bootstrap.cmk/cmake -E cmake_link_script CMakeFiles/cmTC_1f35c.dir/link.txt --verbose=1
/usr/bin/gcc  -w -DCHECK_FUNCTION_EXISTS=connect CMakeFiles/cmTC_1f35c.dir/CheckFunctionExists.c.o -o cmTC_1f35c  -lsocket -ldl 
/usr/bin/ld: cannot find -lsocket: No such file or directory
collect2: error: ld returned 1 exit status
gmake[1]: *** [CMakeFiles/cmTC_1f35c.dir/build.make:99: cmTC_1f35c] Error 1
gmake[1]: Leaving directory '/home/vboxuser/Desktop/IRT/eval_k_means_coresets_main/cmake-3.20.2/CMakeFiles/CMakeTmp'
gmake: *** [Makefile:127: cmTC_1f35c/fast] Error 2



Determining if the function recv exists in the network;dl failed with the following output:
Change Dir: /home/vboxuser/Desktop/IRT/eval_k_means_coresets_main/cmake-3.20.2/CMakeFiles/CMakeTmp

Run Build Command(s):/usr/bin/gmake -f Makefile cmTC_ec392/fast && gmake  -f CMakeFiles/cmTC_ec392.dir/build.make CMakeFiles/cmTC_ec392.dir/build
gmake[1]: Entering directory '/home/vboxuser/Desktop/IRT/eval_k_means_coresets_main/cmake-3.20.2/CMakeFiles/CMakeTmp'
Building C object CMakeFiles/cmTC_ec392.dir/CheckFunctionExists.c.o
/usr/bin/gcc   -w -DCHECK_FUNCTION_EXISTS=recv -std=gnu11 -o CMakeFiles/cmTC_ec392.dir/CheckFunctionExists.c.o -c /home/vboxuser/Desktop/IRT/eval_k_means_coresets_main/cmake-3.20.2/Modules/CheckFunctionExists.c
Linking C executable cmTC_ec392
/home/vboxuser/Desktop/IRT/eval_k_means_coresets_main/cmake-3.20.2/Bootstrap.cmk/cmake -E cmake_link_script CMakeFiles/cmTC_ec392.dir/link.txt --verbose=1
/usr/bin/gcc  -w -DCHECK_FUNCTION_EXISTS=recv CMakeFiles/cmTC_ec392.dir/CheckFunctionExists.c.o -o cmTC_ec392  -lnetwork -ldl 
/usr/bin/ld: cannot find -lnetwork: No such file or directory
collect2: error: ld returned 1 exit status
gmake[1]: *** [CMakeFiles/cmTC_ec392.dir/build.make:99: cmTC_ec392] Error 1
gmake[1]: Leaving directory '/home/vboxuser/Desktop/IRT/eval_k_means_coresets_main/cmake-3.20.2/CMakeFiles/CMakeTmp'
gmake: *** [Makefile:127: cmTC_ec392/fast] Error 2



Determining if the RAND_status exist failed with the following output:
Change Dir: /home/vboxuser/Desktop/IRT/eval_k_means_coresets_main/cmake-3.20.2/CMakeFiles/CMakeTmp

Run Build Command(s):/usr/bin/gmake -f Makefile cmTC_8bfa6/fast && gmake  -f CMakeFiles/cmTC_8bfa6.dir/build.make CMakeFiles/cmTC_8bfa6.dir/build
gmake[1]: Entering directory '/home/vboxuser/Desktop/IRT/eval_k_means_coresets_main/cmake-3.20.2/CMakeFiles/CMakeTmp'
Building C object CMakeFiles/cmTC_8bfa6.dir/CheckSymbolExists.c.o
/usr/bin/gcc   -w  -std=gnu11 -o CMakeFiles/cmTC_8bfa6.dir/CheckSymbolExists.c.o -c /home/vboxuser/Desktop/IRT/eval_k_means_coresets_main/cmake-3.20.2/CMakeFiles/CMakeTmp/CheckSymbolExists.c
/home/vboxuser/Desktop/IRT/eval_k_means_coresets_main/cmake-3.20.2/CMakeFiles/CMakeTmp/CheckSymbolExists.c: In function ‘main’:
/home/vboxuser/Desktop/IRT/eval_k_means_coresets_main/cmake-3.20.2/CMakeFiles/CMakeTmp/CheckSymbolExists.c:7:19: error: ‘RAND_status’ undeclared (first use in this function)
    7 |   return ((int*)(&RAND_status))[argc];
      |                   ^~~~~~~~~~~
/home/vboxuser/Desktop/IRT/eval_k_means_coresets_main/cmake-3.20.2/CMakeFiles/CMakeTmp/CheckSymbolExists.c:7:19: note: each undeclared identifier is reported only once for each function it appears in
gmake[1]: *** [CMakeFiles/cmTC_8bfa6.dir/build.make:78: CMakeFiles/cmTC_8bfa6.dir/CheckSymbolExists.c.o] Error 1
gmake[1]: Leaving directory '/home/vboxuser/Desktop/IRT/eval_k_means_coresets_main/cmake-3.20.2/CMakeFiles/CMakeTmp'
gmake: *** [Makefile:127: cmTC_8bfa6/fast] Error 2


File /home/vboxuser/Desktop/IRT/eval_k_means_coresets_main/cmake-3.20.2/CMakeFiles/CMakeTmp/CheckSymbolExists.c:
/* */

int main(int argc, char** argv)
{
  (void)argv;
#ifndef RAND_status
  return ((int*)(&RAND_status))[argc];
#else
  (void)argc;
  return 0;
#endif
}
Determining if the RAND_screen exist failed with the following output:
Change Dir: /home/vboxuser/Desktop/IRT/eval_k_means_coresets_main/cmake-3.20.2/CMakeFiles/CMakeTmp

Run Build Command(s):/usr/bin/gmake -f Makefile cmTC_17c09/fast && gmake  -f CMakeFiles/cmTC_17c09.dir/build.make CMakeFiles/cmTC_17c09.dir/build
gmake[1]: Entering directory '/home/vboxuser/Desktop/IRT/eval_k_means_coresets_main/cmake-3.20.2/CMakeFiles/CMakeTmp'
Building C object CMakeFiles/cmTC_17c09.dir/CheckSymbolExists.c.o
/usr/bin/gcc   -w  -std=gnu11 -o CMakeFiles/cmTC_17c09.dir/CheckSymbolExists.c.o -c /home/vboxuser/Desktop/IRT/eval_k_means_coresets_main/cmake-3.20.2/CMakeFiles/CMakeTmp/CheckSymbolExists.c
/home/vboxuser/Desktop/IRT/eval_k_means_coresets_main/cmake-3.20.2/CMakeFiles/CMakeTmp/CheckSymbolExists.c: In function ‘main’:
/home/vboxuser/Desktop/IRT/eval_k_means_coresets_main/cmake-3.20.2/CMakeFiles/CMakeTmp/CheckSymbolExists.c:7:19: error: ‘RAND_screen’ undeclared (first use in this function)
    7 |   return ((int*)(&RAND_screen))[argc];
      |                   ^~~~~~~~~~~
/home/vboxuser/Desktop/IRT/eval_k_means_coresets_main/cmake-3.20.2/CMakeFiles/CMakeTmp/CheckSymbolExists.c:7:19: note: each undeclared identifier is reported only once for each function it appears in
gmake[1]: *** [CMakeFiles/cmTC_17c09.dir/build.make:78: CMakeFiles/cmTC_17c09.dir/CheckSymbolExists.c.o] Error 1
gmake[1]: Leaving directory '/home/vboxuser/Desktop/IRT/eval_k_means_coresets_main/cmake-3.20.2/CMakeFiles/CMakeTmp'
gmake: *** [Makefile:127: cmTC_17c09/fast] Error 2


File /home/vboxuser/Desktop/IRT/eval_k_means_coresets_main/cmake-3.20.2/CMakeFiles/CMakeTmp/CheckSymbolExists.c:
/* */

int main(int argc, char** argv)
{
  (void)argv;
#ifndef RAND_screen
  return ((int*)(&RAND_screen))[argc];
#else
  (void)argc;
  return 0;
#endif
}
Determining if the RAND_egd exist failed with the following output:
Change Dir: /home/vboxuser/Desktop/IRT/eval_k_means_coresets_main/cmake-3.20.2/CMakeFiles/CMakeTmp

Run Build Command(s):/usr/bin/gmake -f Makefile cmTC_bbe66/fast && gmake  -f CMakeFiles/cmTC_bbe66.dir/build.make CMakeFiles/cmTC_bbe66.dir/build
gmake[1]: Entering directory '/home/vboxuser/Desktop/IRT/eval_k_means_coresets_main/cmake-3.20.2/CMakeFiles/CMakeTmp'
Building C object CMakeFiles/cmTC_bbe66.dir/CheckSymbolExists.c.o
/usr/bin/gcc   -w  -std=gnu11 -o CMakeFiles/cmTC_bbe66.dir/CheckSymbolExists.c.o -c /home/vboxuser/Desktop/IRT/eval_k_means_coresets_main/cmake-3.20.2/CMakeFiles/CMakeTmp/CheckSymbolExists.c
/home/vboxuser/Desktop/IRT/eval_k_means_coresets_main/cmake-3.20.2/CMakeFiles/CMakeTmp/CheckSymbolExists.c: In function ‘main’:
/home/vboxuser/Desktop/IRT/eval_k_means_coresets_main/cmake-3.20.2/CMakeFiles/CMakeTmp/CheckSymbolExists.c:7:19: error: ‘RAND_egd’ undeclared (first use in this function)
    7 |   return ((int*)(&RAND_egd))[argc];
      |                   ^~~~~~~~
/home/vboxuser/Desktop/IRT/eval_k_means_coresets_main/cmake-3.20.2/CMakeFiles/CMakeTmp/CheckSymbolExists.c:7:19: note: each undeclared identifier is reported only once for each function it appears in
gmake[1]: *** [CMakeFiles/cmTC_bbe66.dir/build.make:78: CMakeFiles/cmTC_bbe66.dir/CheckSymbolExists.c.o] Error 1
gmake[1]: Leaving directory '/home/vboxuser/Desktop/IRT/eval_k_means_coresets_main/cmake-3.20.2/CMakeFiles/CMakeTmp'
gmake: *** [Makefile:127: cmTC_bbe66/fast] Error 2


File /home/vboxuser/Desktop/IRT/eval_k_means_coresets_main/cmake-3.20.2/CMakeFiles/CMakeTmp/CheckSymbolExists.c:
/* */

int main(int argc, char** argv)
{
  (void)argv;
#ifndef RAND_egd
  return ((int*)(&RAND_egd))[argc];
#else
  (void)argc;
  return 0;
#endif
}
Determining if the function dlopen exists in the dl;/usr/lib/x86_64-linux-gnu/libssl.so;/usr/lib/x86_64-linux-gnu/libcrypto.so;cmnghttp2 failed with the following output:
Change Dir: /home/vboxuser/Desktop/IRT/eval_k_means_coresets_main/cmake-3.20.2/CMakeFiles/CMakeTmp

Run Build Command(s):/usr/bin/gmake -f Makefile cmTC_84139/fast && gmake  -f CMakeFiles/cmTC_84139.dir/build.make CMakeFiles/cmTC_84139.dir/build
gmake[1]: Entering directory '/home/vboxuser/Desktop/IRT/eval_k_means_coresets_main/cmake-3.20.2/CMakeFiles/CMakeTmp'
Building C object CMakeFiles/cmTC_84139.dir/CheckFunctionExists.c.o
/usr/bin/gcc   -w -DCHECK_FUNCTION_EXISTS=dlopen -std=gnu11 -o CMakeFiles/cmTC_84139.dir/CheckFunctionExists.c.o -c /home/vboxuser/Desktop/IRT/eval_k_means_coresets_main/cmake-3.20.2/Modules/CheckFunctionExists.c
Linking C executable cmTC_84139
/home/vboxuser/Desktop/IRT/eval_k_means_coresets_main/cmake-3.20.2/Bootstrap.cmk/cmake -E cmake_link_script CMakeFiles/cmTC_84139.dir/link.txt --verbose=1
/usr/bin/gcc  -w -DCHECK_FUNCTION_EXISTS=dlopen CMakeFiles/cmTC_84139.dir/CheckFunctionExists.c.o -o cmTC_84139  -ldl /usr/lib/x86_64-linux-gnu/libssl.so /usr/lib/x86_64-linux-gnu/libcrypto.so -lcmnghttp2 
/usr/bin/ld: cannot find -lcmnghttp2: No such file or directory
collect2: error: ld returned 1 exit status
gmake[1]: *** [CMakeFiles/cmTC_84139.dir/build.make:101: cmTC_84139] Error 1
gmake[1]: Leaving directory '/home/vboxuser/Desktop/IRT/eval_k_means_coresets_main/cmake-3.20.2/CMakeFiles/CMakeTmp'
gmake: *** [Makefile:127: cmTC_84139/fast] Error 2



Determining if files stdio.h;inttypes.h;sys/filio.h exist failed with the following output:
Change Dir: /home/vboxuser/Desktop/IRT/eval_k_means_coresets_main/cmake-3.20.2/CMakeFiles/CMakeTmp

Run Build Command(s):/usr/bin/gmake -f Makefile cmTC_e1ae1/fast && gmake  -f CMakeFiles/cmTC_e1ae1.dir/build.make CMakeFiles/cmTC_e1ae1.dir/build
gmake[1]: Entering directory '/home/vboxuser/Desktop/IRT/eval_k_means_coresets_main/cmake-3.20.2/CMakeFiles/CMakeTmp'
Building C object CMakeFiles/cmTC_e1ae1.dir/HAVE_SYS_FILIO_H.c.o
/usr/bin/gcc   -w  -std=gnu11 -o CMakeFiles/cmTC_e1ae1.dir/HAVE_SYS_FILIO_H.c.o -c /home/vboxuser/Desktop/IRT/eval_k_means_coresets_main/cmake-3.20.2/CMakeFiles/CheckIncludeFiles/HAVE_SYS_FILIO_H.c
/home/vboxuser/Desktop/IRT/eval_k_means_coresets_main/cmake-3.20.2/CMakeFiles/CheckIncludeFiles/HAVE_SYS_FILIO_H.c:4:10: fatal error: sys/filio.h: No such file or directory
    4 | #include <sys/filio.h>
      |          ^~~~~~~~~~~~~
compilation terminated.
gmake[1]: *** [CMakeFiles/cmTC_e1ae1.dir/build.make:78: CMakeFiles/cmTC_e1ae1.dir/HAVE_SYS_FILIO_H.c.o] Error 1
gmake[1]: Leaving directory '/home/vboxuser/Desktop/IRT/eval_k_means_coresets_main/cmake-3.20.2/CMakeFiles/CMakeTmp'
gmake: *** [Makefile:127: cmTC_e1ae1/fast] Error 2


Source:
/* */
#include <stdio.h>
#include <inttypes.h>
#include <sys/filio.h>


int main(void){return 0;}

Determining if files stdio.h;inttypes.h;sys/ioctl.h;sys/param.h;sys/poll.h;sys/resource.h;sys/select.h;sys/socket.h;sys/sockio.h exist failed with the following output:
Change Dir: /home/vboxuser/Desktop/IRT/eval_k_means_coresets_main/cmake-3.20.2/CMakeFiles/CMakeTmp

Run Build Command(s):/usr/bin/gmake -f Makefile cmTC_a26ac/fast && gmake  -f CMakeFiles/cmTC_a26ac.dir/build.make CMakeFiles/cmTC_a26ac.dir/build
gmake[1]: Entering directory '/home/vboxuser/Desktop/IRT/eval_k_means_coresets_main/cmake-3.20.2/CMakeFiles/CMakeTmp'
Building C object CMakeFiles/cmTC_a26ac.dir/HAVE_SYS_SOCKIO_H.c.o
/usr/bin/gcc   -w  -std=gnu11 -o CMakeFiles/cmTC_a26ac.dir/HAVE_SYS_SOCKIO_H.c.o -c /home/vboxuser/Desktop/IRT/eval_k_means_coresets_main/cmake-3.20.2/CMakeFiles/CheckIncludeFiles/HAVE_SYS_SOCKIO_H.c
/home/vboxuser/Desktop/IRT/eval_k_means_coresets_main/cmake-3.20.2/CMakeFiles/CheckIncludeFiles/HAVE_SYS_SOCKIO_H.c:10:10: fatal error: sys/sockio.h: No such file or directory
   10 | #include <sys/sockio.h>
      |          ^~~~~~~~~~~~~~
compilation terminated.
gmake[1]: *** [CMakeFiles/cmTC_a26ac.dir/build.make:78: CMakeFiles/cmTC_a26ac.dir/HAVE_SYS_SOCKIO_H.c.o] Error 1
gmake[1]: Leaving directory '/home/vboxuser/Desktop/IRT/eval_k_means_coresets_main/cmake-3.20.2/CMakeFiles/CMakeTmp'
gmake: *** [Makefile:127: cmTC_a26ac/fast] Error 2


Source:
/* */
#include <stdio.h>
#include <inttypes.h>
#include <sys/ioctl.h>
#include <sys/param.h>
#include <sys/poll.h>
#include <sys/resource.h>
#include <sys/select.h>
#include <sys/socket.h>
#include <sys/sockio.h>


int main(void){return 0;}

Determining if files stdio.h;inttypes.h;sys/ioctl.h;sys/param.h;sys/poll.h;sys/resource.h;sys/select.h;sys/socket.h;sys/stat.h;sys/time.h;sys/types.h;sys/uio.h;sys/un.h;sys/utime.h exist failed with the following output:
Change Dir: /home/vboxuser/Desktop/IRT/eval_k_means_coresets_main/cmake-3.20.2/CMakeFiles/CMakeTmp

Run Build Command(s):/usr/bin/gmake -f Makefile cmTC_45023/fast && gmake  -f CMakeFiles/cmTC_45023.dir/build.make CMakeFiles/cmTC_45023.dir/build
gmake[1]: Entering directory '/home/vboxuser/Desktop/IRT/eval_k_means_coresets_main/cmake-3.20.2/CMakeFiles/CMakeTmp'
Building C object CMakeFiles/cmTC_45023.dir/HAVE_SYS_UTIME_H.c.o
/usr/bin/gcc   -w  -std=gnu11 -o CMakeFiles/cmTC_45023.dir/HAVE_SYS_UTIME_H.c.o -c /home/vboxuser/Desktop/IRT/eval_k_means_coresets_main/cmake-3.20.2/CMakeFiles/CheckIncludeFiles/HAVE_SYS_UTIME_H.c
/home/vboxuser/Desktop/IRT/eval_k_means_coresets_main/cmake-3.20.2/CMakeFiles/CheckIncludeFiles/HAVE_SYS_UTIME_H.c:15:10: fatal error: sys/utime.h: No such file or directory
   15 | #include <sys/utime.h>
      |          ^~~~~~~~~~~~~
compilation terminated.
gmake[1]: *** [CMakeFiles/cmTC_45023.dir/build.make:78: CMakeFiles/cmTC_45023.dir/HAVE_SYS_UTIME_H.c.o] Error 1
gmake[1]: Leaving directory '/home/vboxuser/Desktop/IRT/eval_k_means_coresets_main/cmake-3.20.2/CMakeFiles/CMakeTmp'
gmake: *** [Makefile:127: cmTC_45023/fast] Error 2


Source:
/* */
#include <stdio.h>
#include <inttypes.h>
#include <sys/ioctl.h>
#include <sys/param.h>
#include <sys/poll.h>
#include <sys/resource.h>
#include <sys/select.h>
#include <sys/socket.h>
#include <sys/stat.h>
#include <sys/time.h>
#include <sys/types.h>
#include <sys/uio.h>
#include <sys/un.h>
#include <sys/utime.h>


int main(void){return 0;}

Determining if files stdio.h;inttypes.h;sys/ioctl.h;sys/param.h;sys/poll.h;sys/resource.h;sys/select.h;sys/socket.h;sys/stat.h;sys/time.h;sys/types.h;sys/uio.h;sys/un.h;sys/xattr.h;alloca.h;arpa/inet.h;arpa/tftp.h;assert.h;crypto.h exist failed with the following output:
Change Dir: /home/vboxuser/Desktop/IRT/eval_k_means_coresets_main/cmake-3.20.2/CMakeFiles/CMakeTmp

Run Build Command(s):/usr/bin/gmake -f Makefile cmTC_2d7cf/fast && gmake  -f CMakeFiles/cmTC_2d7cf.dir/build.make CMakeFiles/cmTC_2d7cf.dir/build
gmake[1]: Entering directory '/home/vboxuser/Desktop/IRT/eval_k_means_coresets_main/cmake-3.20.2/CMakeFiles/CMakeTmp'
Building C object CMakeFiles/cmTC_2d7cf.dir/HAVE_CRYPTO_H.c.o
/usr/bin/gcc   -w  -std=gnu11 -o CMakeFiles/cmTC_2d7cf.dir/HAVE_CRYPTO_H.c.o -c /home/vboxuser/Desktop/IRT/eval_k_means_coresets_main/cmake-3.20.2/CMakeFiles/CheckIncludeFiles/HAVE_CRYPTO_H.c
/home/vboxuser/Desktop/IRT/eval_k_means_coresets_main/cmake-3.20.2/CMakeFiles/CheckIncludeFiles/HAVE_CRYPTO_H.c:20:10: fatal error: crypto.h: No such file or directory
   20 | #include <crypto.h>
      |          ^~~~~~~~~~
compilation terminated.
gmake[1]: *** [CMakeFiles/cmTC_2d7cf.dir/build.make:78: CMakeFiles/cmTC_2d7cf.dir/HAVE_CRYPTO_H.c.o] Error 1
gmake[1]: Leaving directory '/home/vboxuser/Desktop/IRT/eval_k_means_coresets_main/cmake-3.20.2/CMakeFiles/CMakeTmp'
gmake: *** [Makefile:127: cmTC_2d7cf/fast] Error 2


Source:
/* */
#include <stdio.h>
#include <inttypes.h>
#include <sys/ioctl.h>
#include <sys/param.h>
#include <sys/poll.h>
#include <sys/resource.h>
#include <sys/select.h>
#include <sys/socket.h>
#include <sys/stat.h>
#include <sys/time.h>
#include <sys/types.h>
#include <sys/uio.h>
#include <sys/un.h>
#include <sys/xattr.h>
#include <alloca.h>
#include <arpa/inet.h>
#include <arpa/tftp.h>
#include <assert.h>
#include <crypto.h>


int main(void){return 0;}

Determining if files stdio.h;inttypes.h;sys/ioctl.h;sys/param.h;sys/poll.h;sys/resource.h;sys/select.h;sys/socket.h;sys/stat.h;sys/time.h;sys/types.h;sys/uio.h;sys/un.h;sys/xattr.h;alloca.h;arpa/inet.h;arpa/tftp.h;assert.h;err.h;errno.h;fcntl.h;idn2.h exist failed with the following output:
Change Dir: /home/vboxuser/Desktop/IRT/eval_k_means_coresets_main/cmake-3.20.2/CMakeFiles/CMakeTmp

Run Build Command(s):/usr/bin/gmake -f Makefile cmTC_e9f73/fast && gmake  -f CMakeFiles/cmTC_e9f73.dir/build.make CMakeFiles/cmTC_e9f73.dir/build
gmake[1]: Entering directory '/home/vboxuser/Desktop/IRT/eval_k_means_coresets_main/cmake-3.20.2/CMakeFiles/CMakeTmp'
Building C object CMakeFiles/cmTC_e9f73.dir/HAVE_IDN2_H.c.o
/usr/bin/gcc   -w  -std=gnu11 -o CMakeFiles/cmTC_e9f73.dir/HAVE_IDN2_H.c.o -c /home/vboxuser/Desktop/IRT/eval_k_means_coresets_main/cmake-3.20.2/CMakeFiles/CheckIncludeFiles/HAVE_IDN2_H.c
/home/vboxuser/Desktop/IRT/eval_k_means_coresets_main/cmake-3.20.2/CMakeFiles/CheckIncludeFiles/HAVE_IDN2_H.c:23:10: fatal error: idn2.h: No such file or directory
   23 | #include <idn2.h>
      |          ^~~~~~~~
compilation terminated.
gmake[1]: *** [CMakeFiles/cmTC_e9f73.dir/build.make:78: CMakeFiles/cmTC_e9f73.dir/HAVE_IDN2_H.c.o] Error 1
gmake[1]: Leaving directory '/home/vboxuser/Desktop/IRT/eval_k_means_coresets_main/cmake-3.20.2/CMakeFiles/CMakeTmp'
gmake: *** [Makefile:127: cmTC_e9f73/fast] Error 2


Source:
/* */
#include <stdio.h>
#include <inttypes.h>
#include <sys/ioctl.h>
#include <sys/param.h>
#include <sys/poll.h>
#include <sys/resource.h>
#include <sys/select.h>
#include <sys/socket.h>
#include <sys/stat.h>
#include <sys/time.h>
#include <sys/types.h>
#include <sys/uio.h>
#include <sys/un.h>
#include <sys/xattr.h>
#include <alloca.h>
#include <arpa/inet.h>
#include <arpa/tftp.h>
#include <assert.h>
#include <err.h>
#include <errno.h>
#include <fcntl.h>
#include <idn2.h>


int main(void){return 0;}

Determining if files stdio.h;inttypes.h;sys/ioctl.h;sys/param.h;sys/poll.h;sys/resource.h;sys/select.h;sys/socket.h;sys/stat.h;sys/time.h;sys/types.h;sys/uio.h;sys/un.h;sys/xattr.h;alloca.h;arpa/inet.h;arpa/tftp.h;assert.h;err.h;errno.h;fcntl.h;ifaddrs.h;io.h exist failed with the following output:
Change Dir: /home/vboxuser/Desktop/IRT/eval_k_means_coresets_main/cmake-3.20.2/CMakeFiles/CMakeTmp

Run Build Command(s):/usr/bin/gmake -f Makefile cmTC_bf7c1/fast && gmake  -f CMakeFiles/cmTC_bf7c1.dir/build.make CMakeFiles/cmTC_bf7c1.dir/build
gmake[1]: Entering directory '/home/vboxuser/Desktop/IRT/eval_k_means_coresets_main/cmake-3.20.2/CMakeFiles/CMakeTmp'
Building C object CMakeFiles/cmTC_bf7c1.dir/HAVE_IO_H.c.o
/usr/bin/gcc   -w  -std=gnu11 -o CMakeFiles/cmTC_bf7c1.dir/HAVE_IO_H.c.o -c /home/vboxuser/Desktop/IRT/eval_k_means_coresets_main/cmake-3.20.2/CMakeFiles/CheckIncludeFiles/HAVE_IO_H.c
/home/vboxuser/Desktop/IRT/eval_k_means_coresets_main/cmake-3.20.2/CMakeFiles/CheckIncludeFiles/HAVE_IO_H.c:24:10: fatal error: io.h: No such file or directory
   24 | #include <io.h>
      |          ^~~~~~
compilation terminated.
gmake[1]: *** [CMakeFiles/cmTC_bf7c1.dir/build.make:78: CMakeFiles/cmTC_bf7c1.dir/HAVE_IO_H.c.o] Error 1
gmake[1]: Leaving directory '/home/vboxuser/Desktop/IRT/eval_k_means_coresets_main/cmake-3.20.2/CMakeFiles/CMakeTmp'
gmake: *** [Makefile:127: cmTC_bf7c1/fast] Error 2


Source:
/* */
#include <stdio.h>
#include <inttypes.h>
#include <sys/ioctl.h>
#include <sys/param.h>
#include <sys/poll.h>
#include <sys/resource.h>
#include <sys/select.h>
#include <sys/socket.h>
#include <sys/stat.h>
#include <sys/time.h>
#include <sys/types.h>
#include <sys/uio.h>
#include <sys/un.h>
#include <sys/xattr.h>
#include <alloca.h>
#include <arpa/inet.h>
#include <arpa/tftp.h>
#include <assert.h>
#include <err.h>
#include <errno.h>
#include <fcntl.h>
#include <ifaddrs.h>
#include <io.h>


int main(void){return 0;}

Determining if files stdio.h;inttypes.h;sys/ioctl.h;sys/param.h;sys/poll.h;sys/resource.h;sys/select.h;sys/socket.h;sys/stat.h;sys/time.h;sys/types.h;sys/uio.h;sys/un.h;sys/xattr.h;alloca.h;arpa/inet.h;arpa/tftp.h;assert.h;err.h;errno.h;fcntl.h;ifaddrs.h;krb.h exist failed with the following output:
Change Dir: /home/vboxuser/Desktop/IRT/eval_k_means_coresets_main/cmake-3.20.2/CMakeFiles/CMakeTmp

Run Build Command(s):/usr/bin/gmake -f Makefile cmTC_1b918/fast && gmake  -f CMakeFiles/cmTC_1b918.dir/build.make CMakeFiles/cmTC_1b918.dir/build
gmake[1]: Entering directory '/home/vboxuser/Desktop/IRT/eval_k_means_coresets_main/cmake-3.20.2/CMakeFiles/CMakeTmp'
Building C object CMakeFiles/cmTC_1b918.dir/HAVE_KRB_H.c.o
/usr/bin/gcc   -w  -std=gnu11 -o CMakeFiles/cmTC_1b918.dir/HAVE_KRB_H.c.o -c /home/vboxuser/Desktop/IRT/eval_k_means_coresets_main/cmake-3.20.2/CMakeFiles/CheckIncludeFiles/HAVE_KRB_H.c
/home/vboxuser/Desktop/IRT/eval_k_means_coresets_main/cmake-3.20.2/CMakeFiles/CheckIncludeFiles/HAVE_KRB_H.c:24:10: fatal error: krb.h: No such file or directory
   24 | #include <krb.h>
      |          ^~~~~~~
compilation terminated.
gmake[1]: *** [CMakeFiles/cmTC_1b918.dir/build.make:78: CMakeFiles/cmTC_1b918.dir/HAVE_KRB_H.c.o] Error 1
gmake[1]: Leaving directory '/home/vboxuser/Desktop/IRT/eval_k_means_coresets_main/cmake-3.20.2/CMakeFiles/CMakeTmp'
gmake: *** [Makefile:127: cmTC_1b918/fast] Error 2


Source:
/* */
#include <stdio.h>
#include <inttypes.h>
#include <sys/ioctl.h>
#include <sys/param.h>
#include <sys/poll.h>
#include <sys/resource.h>
#include <sys/select.h>
#include <sys/socket.h>
#include <sys/stat.h>
#include <sys/time.h>
#include <sys/types.h>
#include <sys/uio.h>
#include <sys/un.h>
#include <sys/xattr.h>
#include <alloca.h>
#include <arpa/inet.h>
#include <arpa/tftp.h>
#include <assert.h>
#include <err.h>
#include <errno.h>
#include <fcntl.h>
#include <ifaddrs.h>
#include <krb.h>


int main(void){return 0;}

Determining if files stdio.h;inttypes.h;sys/ioctl.h;sys/param.h;sys/poll.h;sys/resource.h;sys/select.h;sys/socket.h;sys/stat.h;sys/time.h;sys/types.h;sys/uio.h;sys/un.h;sys/xattr.h;alloca.h;arpa/inet.h;arpa/tftp.h;assert.h;err.h;errno.h;fcntl.h;ifaddrs.h;libgen.h;locale.h;net/if.h;netdb.h;netinet/in.h;netinet/tcp.h;pem.h exist failed with the following output:
Change Dir: /home/vboxuser/Desktop/IRT/eval_k_means_coresets_main/cmake-3.20.2/CMakeFiles/CMakeTmp

Run Build Command(s):/usr/bin/gmake -f Makefile cmTC_711a9/fast && gmake  -f CMakeFiles/cmTC_711a9.dir/build.make CMakeFiles/cmTC_711a9.dir/build
gmake[1]: Entering directory '/home/vboxuser/Desktop/IRT/eval_k_means_coresets_main/cmake-3.20.2/CMakeFiles/CMakeTmp'
Building C object CMakeFiles/cmTC_711a9.dir/HAVE_PEM_H.c.o
/usr/bin/gcc   -w  -std=gnu11 -o CMakeFiles/cmTC_711a9.dir/HAVE_PEM_H.c.o -c /home/vboxuser/Desktop/IRT/eval_k_means_coresets_main/cmake-3.20.2/CMakeFiles/CheckIncludeFiles/HAVE_PEM_H.c
/home/vboxuser/Desktop/IRT/eval_k_means_coresets_main/cmake-3.20.2/CMakeFiles/CheckIncludeFiles/HAVE_PEM_H.c:30:10: fatal error: pem.h: No such file or directory
   30 | #include <pem.h>
      |          ^~~~~~~
compilation terminated.
gmake[1]: *** [CMakeFiles/cmTC_711a9.dir/build.make:78: CMakeFiles/cmTC_711a9.dir/HAVE_PEM_H.c.o] Error 1
gmake[1]: Leaving directory '/home/vboxuser/Desktop/IRT/eval_k_means_coresets_main/cmake-3.20.2/CMakeFiles/CMakeTmp'
gmake: *** [Makefile:127: cmTC_711a9/fast] Error 2


Source:
/* */
#include <stdio.h>
#include <inttypes.h>
#include <sys/ioctl.h>
#include <sys/param.h>
#include <sys/poll.h>
#include <sys/resource.h>
#include <sys/select.h>
#include <sys/socket.h>
#include <sys/stat.h>
#include <sys/time.h>
#include <sys/types.h>
#include <sys/uio.h>
#include <sys/un.h>
#include <sys/xattr.h>
#include <alloca.h>
#include <arpa/inet.h>
#include <arpa/tftp.h>
#include <assert.h>
#include <err.h>
#include <errno.h>
#include <fcntl.h>
#include <ifaddrs.h>
#include <libgen.h>
#include <locale.h>
#include <net/if.h>
#include <netdb.h>
#include <netinet/in.h>
#include <netinet/tcp.h>
#include <pem.h>


int main(void){return 0;}

Determining if files stdio.h;inttypes.h;sys/ioctl.h;sys/param.h;sys/poll.h;sys/resource.h;sys/select.h;sys/socket.h;sys/stat.h;sys/time.h;sys/types.h;sys/uio.h;sys/un.h;sys/xattr.h;alloca.h;arpa/inet.h;arpa/tftp.h;assert.h;err.h;errno.h;fcntl.h;ifaddrs.h;libgen.h;locale.h;net/if.h;netdb.h;netinet/in.h;netinet/tcp.h;poll.h;pwd.h;rsa.h exist failed with the following output:
Change Dir: /home/vboxuser/Desktop/IRT/eval_k_means_coresets_main/cmake-3.20.2/CMakeFiles/CMakeTmp

Run Build Command(s):/usr/bin/gmake -f Makefile cmTC_66869/fast && gmake  -f CMakeFiles/cmTC_66869.dir/build.make CMakeFiles/cmTC_66869.dir/build
gmake[1]: Entering directory '/home/vboxuser/Desktop/IRT/eval_k_means_coresets_main/cmake-3.20.2/CMakeFiles/CMakeTmp'
Building C object CMakeFiles/cmTC_66869.dir/HAVE_RSA_H.c.o
/usr/bin/gcc   -w  -std=gnu11 -o CMakeFiles/cmTC_66869.dir/HAVE_RSA_H.c.o -c /home/vboxuser/Desktop/IRT/eval_k_means_coresets_main/cmake-3.20.2/CMakeFiles/CheckIncludeFiles/HAVE_RSA_H.c
/home/vboxuser/Desktop/IRT/eval_k_means_coresets_main/cmake-3.20.2/CMakeFiles/CheckIncludeFiles/HAVE_RSA_H.c:32:10: fatal error: rsa.h: No such file or directory
   32 | #include <rsa.h>
      |          ^~~~~~~
compilation terminated.
gmake[1]: *** [CMakeFiles/cmTC_66869.dir/build.make:78: CMakeFiles/cmTC_66869.dir/HAVE_RSA_H.c.o] Error 1
gmake[1]: Leaving directory '/home/vboxuser/Desktop/IRT/eval_k_means_coresets_main/cmake-3.20.2/CMakeFiles/CMakeTmp'
gmake: *** [Makefile:127: cmTC_66869/fast] Error 2


Source:
/* */
#include <stdio.h>
#include <inttypes.h>
#include <sys/ioctl.h>
#include <sys/param.h>
#include <sys/poll.h>
#include <sys/resource.h>
#include <sys/select.h>
#include <sys/socket.h>
#include <sys/stat.h>
#include <sys/time.h>
#include <sys/types.h>
#include <sys/uio.h>
#include <sys/un.h>
#include <sys/xattr.h>
#include <alloca.h>
#include <arpa/inet.h>
#include <arpa/tftp.h>
#include <assert.h>
#include <err.h>
#include <errno.h>
#include <fcntl.h>
#include <ifaddrs.h>
#include <libgen.h>
#include <locale.h>
#include <net/if.h>
#include <netdb.h>
#include <netinet/in.h>
#include <netinet/tcp.h>
#include <poll.h>
#include <pwd.h>
#include <rsa.h>


int main(void){return 0;}

Determining if files stdio.h;inttypes.h;sys/ioctl.h;sys/param.h;sys/poll.h;sys/resource.h;sys/select.h;sys/socket.h;sys/stat.h;sys/time.h;sys/types.h;sys/uio.h;sys/un.h;sys/xattr.h;alloca.h;arpa/inet.h;arpa/tftp.h;assert.h;err.h;errno.h;fcntl.h;ifaddrs.h;libgen.h;locale.h;net/if.h;netdb.h;netinet/in.h;netinet/tcp.h;poll.h;pwd.h;setjmp.h;sgtty.h;signal.h;ssl.h exist failed with the following output:
Change Dir: /home/vboxuser/Desktop/IRT/eval_k_means_coresets_main/cmake-3.20.2/CMakeFiles/CMakeTmp

Run Build Command(s):/usr/bin/gmake -f Makefile cmTC_55872/fast && gmake  -f CMakeFiles/cmTC_55872.dir/build.make CMakeFiles/cmTC_55872.dir/build
gmake[1]: Entering directory '/home/vboxuser/Desktop/IRT/eval_k_means_coresets_main/cmake-3.20.2/CMakeFiles/CMakeTmp'
Building C object CMakeFiles/cmTC_55872.dir/HAVE_SSL_H.c.o
/usr/bin/gcc   -w  -std=gnu11 -o CMakeFiles/cmTC_55872.dir/HAVE_SSL_H.c.o -c /home/vboxuser/Desktop/IRT/eval_k_means_coresets_main/cmake-3.20.2/CMakeFiles/CheckIncludeFiles/HAVE_SSL_H.c
/home/vboxuser/Desktop/IRT/eval_k_means_coresets_main/cmake-3.20.2/CMakeFiles/CheckIncludeFiles/HAVE_SSL_H.c:35:10: fatal error: ssl.h: No such file or directory
   35 | #include <ssl.h>
      |          ^~~~~~~
compilation terminated.
gmake[1]: *** [CMakeFiles/cmTC_55872.dir/build.make:78: CMakeFiles/cmTC_55872.dir/HAVE_SSL_H.c.o] Error 1
gmake[1]: Leaving directory '/home/vboxuser/Desktop/IRT/eval_k_means_coresets_main/cmake-3.20.2/CMakeFiles/CMakeTmp'
gmake: *** [Makefile:127: cmTC_55872/fast] Error 2


Source:
/* */
#include <stdio.h>
#include <inttypes.h>
#include <sys/ioctl.h>
#include <sys/param.h>
#include <sys/poll.h>
#include <sys/resource.h>
#include <sys/select.h>
#include <sys/socket.h>
#include <sys/stat.h>
#include <sys/time.h>
#include <sys/types.h>
#include <sys/uio.h>
#include <sys/un.h>
#include <sys/xattr.h>
#include <alloca.h>
#include <arpa/inet.h>
#include <arpa/tftp.h>
#include <assert.h>
#include <err.h>
#include <errno.h>
#include <fcntl.h>
#include <ifaddrs.h>
#include <libgen.h>
#include <locale.h>
#include <net/if.h>
#include <netdb.h>
#include <netinet/in.h>
#include <netinet/tcp.h>
#include <poll.h>
#include <pwd.h>
#include <setjmp.h>
#include <sgtty.h>
#include <signal.h>
#include <ssl.h>


int main(void){return 0;}

Determining if files stdio.h;inttypes.h;sys/ioctl.h;sys/param.h;sys/poll.h;sys/resource.h;sys/select.h;sys/socket.h;sys/stat.h;sys/time.h;sys/types.h;sys/uio.h;sys/un.h;sys/xattr.h;alloca.h;arpa/inet.h;arpa/tftp.h;assert.h;err.h;errno.h;fcntl.h;ifaddrs.h;libgen.h;locale.h;net/if.h;netdb.h;netinet/in.h;netinet/tcp.h;poll.h;pwd.h;setjmp.h;sgtty.h;signal.h;stdbool.h;stdint.h;stdio.h;stdlib.h;string.h;strings.h;stropts.h exist failed with the following output:
Change Dir: /home/vboxuser/Desktop/IRT/eval_k_means_coresets_main/cmake-3.20.2/CMakeFiles/CMakeTmp

Run Build Command(s):/usr/bin/gmake -f Makefile cmTC_6de6a/fast && gmake  -f CMakeFiles/cmTC_6de6a.dir/build.make CMakeFiles/cmTC_6de6a.dir/build
gmake[1]: Entering directory '/home/vboxuser/Desktop/IRT/eval_k_means_coresets_main/cmake-3.20.2/CMakeFiles/CMakeTmp'
Building C object CMakeFiles/cmTC_6de6a.dir/HAVE_STROPTS_H.c.o
/usr/bin/gcc   -w  -std=gnu11 -o CMakeFiles/cmTC_6de6a.dir/HAVE_STROPTS_H.c.o -c /home/vboxuser/Desktop/IRT/eval_k_means_coresets_main/cmake-3.20.2/CMakeFiles/CheckIncludeFiles/HAVE_STROPTS_H.c
/home/vboxuser/Desktop/IRT/eval_k_means_coresets_main/cmake-3.20.2/CMakeFiles/CheckIncludeFiles/HAVE_STROPTS_H.c:41:10: fatal error: stropts.h: No such file or directory
   41 | #include <stropts.h>
      |          ^~~~~~~~~~~
compilation terminated.
gmake[1]: *** [CMakeFiles/cmTC_6de6a.dir/build.make:78: CMakeFiles/cmTC_6de6a.dir/HAVE_STROPTS_H.c.o] Error 1
gmake[1]: Leaving directory '/home/vboxuser/Desktop/IRT/eval_k_means_coresets_main/cmake-3.20.2/CMakeFiles/CMakeTmp'
gmake: *** [Makefile:127: cmTC_6de6a/fast] Error 2


Source:
/* */
#include <stdio.h>
#include <inttypes.h>
#include <sys/ioctl.h>
#include <sys/param.h>
#include <sys/poll.h>
#include <sys/resource.h>
#include <sys/select.h>
#include <sys/socket.h>
#include <sys/stat.h>
#include <sys/time.h>
#include <sys/types.h>
#include <sys/uio.h>
#include <sys/un.h>
#include <sys/xattr.h>
#include <alloca.h>
#include <arpa/inet.h>
#include <arpa/tftp.h>
#include <assert.h>
#include <err.h>
#include <errno.h>
#include <fcntl.h>
#include <ifaddrs.h>
#include <libgen.h>
#include <locale.h>
#include <net/if.h>
#include <netdb.h>
#include <netinet/in.h>
#include <netinet/tcp.h>
#include <poll.h>
#include <pwd.h>
#include <setjmp.h>
#include <sgtty.h>
#include <signal.h>
#include <stdbool.h>
#include <stdint.h>
#include <stdio.h>
#include <stdlib.h>
#include <string.h>
#include <strings.h>
#include <stropts.h>


int main(void){return 0;}

Determining if files stdio.h;inttypes.h;sys/ioctl.h;sys/param.h;sys/poll.h;sys/resource.h;sys/select.h;sys/socket.h;sys/stat.h;sys/time.h;sys/types.h;sys/uio.h;sys/un.h;sys/xattr.h;alloca.h;arpa/inet.h;arpa/tftp.h;assert.h;err.h;errno.h;fcntl.h;ifaddrs.h;libgen.h;locale.h;net/if.h;netdb.h;netinet/in.h;netinet/tcp.h;poll.h;pwd.h;setjmp.h;sgtty.h;signal.h;stdbool.h;stdint.h;stdio.h;stdlib.h;string.h;strings.h;termio.h;termios.h;time.h;unistd.h;utime.h;x509.h exist failed with the following output:
Change Dir: /home/vboxuser/Desktop/IRT/eval_k_means_coresets_main/cmake-3.20.2/CMakeFiles/CMakeTmp

Run Build Command(s):/usr/bin/gmake -f Makefile cmTC_7bcda/fast && gmake  -f CMakeFiles/cmTC_7bcda.dir/build.make CMakeFiles/cmTC_7bcda.dir/build
gmake[1]: Entering directory '/home/vboxuser/Desktop/IRT/eval_k_means_coresets_main/cmake-3.20.2/CMakeFiles/CMakeTmp'
Building C object CMakeFiles/cmTC_7bcda.dir/HAVE_X509_H.c.o
/usr/bin/gcc   -w  -std=gnu11 -o CMakeFiles/cmTC_7bcda.dir/HAVE_X509_H.c.o -c /home/vboxuser/Desktop/IRT/eval_k_means_coresets_main/cmake-3.20.2/CMakeFiles/CheckIncludeFiles/HAVE_X509_H.c
/home/vboxuser/Desktop/IRT/eval_k_means_coresets_main/cmake-3.20.2/CMakeFiles/CheckIncludeFiles/HAVE_X509_H.c:46:10: fatal error: x509.h: No such file or directory
   46 | #include <x509.h>
      |          ^~~~~~~~
compilation terminated.
gmake[1]: *** [CMakeFiles/cmTC_7bcda.dir/build.make:78: CMakeFiles/cmTC_7bcda.dir/HAVE_X509_H.c.o] Error 1
gmake[1]: Leaving directory '/home/vboxuser/Desktop/IRT/eval_k_means_coresets_main/cmake-3.20.2/CMakeFiles/CMakeTmp'
gmake: *** [Makefile:127: cmTC_7bcda/fast] Error 2


Source:
/* */
#include <stdio.h>
#include <inttypes.h>
#include <sys/ioctl.h>
#include <sys/param.h>
#include <sys/poll.h>
#include <sys/resource.h>
#include <sys/select.h>
#include <sys/socket.h>
#include <sys/stat.h>
#include <sys/time.h>
#include <sys/types.h>
#include <sys/uio.h>
#include <sys/un.h>
#include <sys/xattr.h>
#include <alloca.h>
#include <arpa/inet.h>
#include <arpa/tftp.h>
#include <assert.h>
#include <err.h>
#include <errno.h>
#include <fcntl.h>
#include <ifaddrs.h>
#include <libgen.h>
#include <locale.h>
#include <net/if.h>
#include <netdb.h>
#include <netinet/in.h>
#include <netinet/tcp.h>
#include <poll.h>
#include <pwd.h>
#include <setjmp.h>
#include <sgtty.h>
#include <signal.h>
#include <stdbool.h>
#include <stdint.h>
#include <stdio.h>
#include <stdlib.h>
#include <string.h>
#include <strings.h>
#include <termio.h>
#include <termios.h>
#include <time.h>
#include <unistd.h>
#include <utime.h>
#include <x509.h>


int main(void){return 0;}

Determining if files stdio.h;inttypes.h;sys/ioctl.h;sys/param.h;sys/poll.h;sys/resource.h;sys/select.h;sys/socket.h;sys/stat.h;sys/time.h;sys/types.h;sys/uio.h;sys/un.h;sys/xattr.h;alloca.h;arpa/inet.h;arpa/tftp.h;assert.h;err.h;errno.h;fcntl.h;ifaddrs.h;libgen.h;locale.h;net/if.h;netdb.h;netinet/in.h;netinet/tcp.h;poll.h;pwd.h;setjmp.h;sgtty.h;signal.h;stdbool.h;stdint.h;stdio.h;stdlib.h;string.h;strings.h;termio.h;termios.h;time.h;unistd.h;utime.h;process.h exist failed with the following output:
Change Dir: /home/vboxuser/Desktop/IRT/eval_k_means_coresets_main/cmake-3.20.2/CMakeFiles/CMakeTmp

Run Build Command(s):/usr/bin/gmake -f Makefile cmTC_719e1/fast && gmake  -f CMakeFiles/cmTC_719e1.dir/build.make CMakeFiles/cmTC_719e1.dir/build
gmake[1]: Entering directory '/home/vboxuser/Desktop/IRT/eval_k_means_coresets_main/cmake-3.20.2/CMakeFiles/CMakeTmp'
Building C object CMakeFiles/cmTC_719e1.dir/HAVE_PROCESS_H.c.o
/usr/bin/gcc   -w  -std=gnu11 -o CMakeFiles/cmTC_719e1.dir/HAVE_PROCESS_H.c.o -c /home/vboxuser/Desktop/IRT/eval_k_means_coresets_main/cmake-3.20.2/CMakeFiles/CheckIncludeFiles/HAVE_PROCESS_H.c
/home/vboxuser/Desktop/IRT/eval_k_means_coresets_main/cmake-3.20.2/CMakeFiles/CheckIncludeFiles/HAVE_PROCESS_H.c:46:10: fatal error: process.h: No such file or directory
   46 | #include <process.h>
      |          ^~~~~~~~~~~
compilation terminated.
gmake[1]: *** [CMakeFiles/cmTC_719e1.dir/build.make:78: CMakeFiles/cmTC_719e1.dir/HAVE_PROCESS_H.c.o] Error 1
gmake[1]: Leaving directory '/home/vboxuser/Desktop/IRT/eval_k_means_coresets_main/cmake-3.20.2/CMakeFiles/CMakeTmp'
gmake: *** [Makefile:127: cmTC_719e1/fast] Error 2


Source:
/* */
#include <stdio.h>
#include <inttypes.h>
#include <sys/ioctl.h>
#include <sys/param.h>
#include <sys/poll.h>
#include <sys/resource.h>
#include <sys/select.h>
#include <sys/socket.h>
#include <sys/stat.h>
#include <sys/time.h>
#include <sys/types.h>
#include <sys/uio.h>
#include <sys/un.h>
#include <sys/xattr.h>
#include <alloca.h>
#include <arpa/inet.h>
#include <arpa/tftp.h>
#include <assert.h>
#include <err.h>
#include <errno.h>
#include <fcntl.h>
#include <ifaddrs.h>
#include <libgen.h>
#include <locale.h>
#include <net/if.h>
#include <netdb.h>
#include <netinet/in.h>
#include <netinet/tcp.h>
#include <poll.h>
#include <pwd.h>
#include <setjmp.h>
#include <sgtty.h>
#include <signal.h>
#include <stdbool.h>
#include <stdint.h>
#include <stdio.h>
#include <stdlib.h>
#include <string.h>
#include <strings.h>
#include <termio.h>
#include <termios.h>
#include <time.h>
#include <unistd.h>
#include <utime.h>
#include <process.h>


int main(void){return 0;}

Determining if files stdio.h;inttypes.h;sys/ioctl.h;sys/param.h;sys/poll.h;sys/resource.h;sys/select.h;sys/socket.h;sys/stat.h;sys/time.h;sys/types.h;sys/uio.h;sys/un.h;sys/xattr.h;alloca.h;arpa/inet.h;arpa/tftp.h;assert.h;err.h;errno.h;fcntl.h;ifaddrs.h;libgen.h;locale.h;net/if.h;netdb.h;netinet/in.h;netinet/tcp.h;poll.h;pwd.h;setjmp.h;sgtty.h;signal.h;stdbool.h;stdint.h;stdio.h;stdlib.h;string.h;strings.h;termio.h;termios.h;time.h;unistd.h;utime.h;stddef.h;dlfcn.h;malloc.h;memory.h;netinet/if_ether.h;stdint.h;sockio.h exist failed with the following output:
Change Dir: /home/vboxuser/Desktop/IRT/eval_k_means_coresets_main/cmake-3.20.2/CMakeFiles/CMakeTmp

Run Build Command(s):/usr/bin/gmake -f Makefile cmTC_37bc0/fast && gmake  -f CMakeFiles/cmTC_37bc0.dir/build.make CMakeFiles/cmTC_37bc0.dir/build
gmake[1]: Entering directory '/home/vboxuser/Desktop/IRT/eval_k_means_coresets_main/cmake-3.20.2/CMakeFiles/CMakeTmp'
Building C object CMakeFiles/cmTC_37bc0.dir/HAVE_SOCKIO_H.c.o
/usr/bin/gcc   -w  -std=gnu11 -o CMakeFiles/cmTC_37bc0.dir/HAVE_SOCKIO_H.c.o -c /home/vboxuser/Desktop/IRT/eval_k_means_coresets_main/cmake-3.20.2/CMakeFiles/CheckIncludeFiles/HAVE_SOCKIO_H.c
/home/vboxuser/Desktop/IRT/eval_k_means_coresets_main/cmake-3.20.2/CMakeFiles/CheckIncludeFiles/HAVE_SOCKIO_H.c:52:10: fatal error: sockio.h: No such file or directory
   52 | #include <sockio.h>
      |          ^~~~~~~~~~
compilation terminated.
gmake[1]: *** [CMakeFiles/cmTC_37bc0.dir/build.make:78: CMakeFiles/cmTC_37bc0.dir/HAVE_SOCKIO_H.c.o] Error 1
gmake[1]: Leaving directory '/home/vboxuser/Desktop/IRT/eval_k_means_coresets_main/cmake-3.20.2/CMakeFiles/CMakeTmp'
gmake: *** [Makefile:127: cmTC_37bc0/fast] Error 2


Source:
/* */
#include <stdio.h>
#include <inttypes.h>
#include <sys/ioctl.h>
#include <sys/param.h>
#include <sys/poll.h>
#include <sys/resource.h>
#include <sys/select.h>
#include <sys/socket.h>
#include <sys/stat.h>
#include <sys/time.h>
#include <sys/types.h>
#include <sys/uio.h>
#include <sys/un.h>
#include <sys/xattr.h>
#include <alloca.h>
#include <arpa/inet.h>
#include <arpa/tftp.h>
#include <assert.h>
#include <err.h>
#include <errno.h>
#include <fcntl.h>
#include <ifaddrs.h>
#include <libgen.h>
#include <locale.h>
#include <net/if.h>
#include <netdb.h>
#include <netinet/in.h>
#include <netinet/tcp.h>
#include <poll.h>
#include <pwd.h>
#include <setjmp.h>
#include <sgtty.h>
#include <signal.h>
#include <stdbool.h>
#include <stdint.h>
#include <stdio.h>
#include <stdlib.h>
#include <string.h>
#include <strings.h>
#include <termio.h>
#include <termios.h>
#include <time.h>
#include <unistd.h>
#include <utime.h>
#include <stddef.h>
#include <dlfcn.h>
#include <malloc.h>
#include <memory.h>
#include <netinet/if_ether.h>
#include <stdint.h>
#include <sockio.h>


int main(void){return 0;}

Determining if the stricmp exist failed with the following output:
Change Dir: /home/vboxuser/Desktop/IRT/eval_k_means_coresets_main/cmake-3.20.2/CMakeFiles/CMakeTmp

Run Build Command(s):/usr/bin/gmake -f Makefile cmTC_0ebfb/fast && gmake  -f CMakeFiles/cmTC_0ebfb.dir/build.make CMakeFiles/cmTC_0ebfb.dir/build
gmake[1]: Entering directory '/home/vboxuser/Desktop/IRT/eval_k_means_coresets_main/cmake-3.20.2/CMakeFiles/CMakeTmp'
Building C object CMakeFiles/cmTC_0ebfb.dir/CheckSymbolExists.c.o
/usr/bin/gcc   -w  -std=gnu11 -o CMakeFiles/cmTC_0ebfb.dir/CheckSymbolExists.c.o -c /home/vboxuser/Desktop/IRT/eval_k_means_coresets_main/cmake-3.20.2/CMakeFiles/CMakeTmp/CheckSymbolExists.c
/home/vboxuser/Desktop/IRT/eval_k_means_coresets_main/cmake-3.20.2/CMakeFiles/CMakeTmp/CheckSymbolExists.c: In function ‘main’:
/home/vboxuser/Desktop/IRT/eval_k_means_coresets_main/cmake-3.20.2/CMakeFiles/CMakeTmp/CheckSymbolExists.c:58:19: error: ‘stricmp’ undeclared (first use in this function); did you mean ‘strncmp’?
   58 |   return ((int*)(&stricmp))[argc];
      |                   ^~~~~~~
      |                   strncmp
/home/vboxuser/Desktop/IRT/eval_k_means_coresets_main/cmake-3.20.2/CMakeFiles/CMakeTmp/CheckSymbolExists.c:58:19: note: each undeclared identifier is reported only once for each function it appears in
gmake[1]: *** [CMakeFiles/cmTC_0ebfb.dir/build.make:78: CMakeFiles/cmTC_0ebfb.dir/CheckSymbolExists.c.o] Error 1
gmake[1]: Leaving directory '/home/vboxuser/Desktop/IRT/eval_k_means_coresets_main/cmake-3.20.2/CMakeFiles/CMakeTmp'
gmake: *** [Makefile:127: cmTC_0ebfb/fast] Error 2


File /home/vboxuser/Desktop/IRT/eval_k_means_coresets_main/cmake-3.20.2/CMakeFiles/CMakeTmp/CheckSymbolExists.c:
/* */
#include <stdio.h>
#include <inttypes.h>
#include <sys/ioctl.h>
#include <sys/param.h>
#include <sys/poll.h>
#include <sys/resource.h>
#include <sys/select.h>
#include <sys/socket.h>
#include <sys/stat.h>
#include <sys/time.h>
#include <sys/types.h>
#include <sys/uio.h>
#include <sys/un.h>
#include <sys/xattr.h>
#include <alloca.h>
#include <arpa/inet.h>
#include <arpa/tftp.h>
#include <assert.h>
#include <err.h>
#include <errno.h>
#include <fcntl.h>
#include <ifaddrs.h>
#include <libgen.h>
#include <locale.h>
#include <net/if.h>
#include <netdb.h>
#include <netinet/in.h>
#include <netinet/tcp.h>
#include <poll.h>
#include <pwd.h>
#include <setjmp.h>
#include <sgtty.h>
#include <signal.h>
#include <stdbool.h>
#include <stdint.h>
#include <stdio.h>
#include <stdlib.h>
#include <string.h>
#include <strings.h>
#include <termio.h>
#include <termios.h>
#include <time.h>
#include <unistd.h>
#include <utime.h>
#include <stddef.h>
#include <dlfcn.h>
#include <malloc.h>
#include <memory.h>
#include <netinet/if_ether.h>
#include <stdint.h>
#include <sys/utsname.h>

int main(int argc, char** argv)
{
  (void)argv;
#ifndef stricmp
  return ((int*)(&stricmp))[argc];
#else
  (void)argc;
  return 0;
#endif
}
Determining if the strcmpi exist failed with the following output:
Change Dir: /home/vboxuser/Desktop/IRT/eval_k_means_coresets_main/cmake-3.20.2/CMakeFiles/CMakeTmp

Run Build Command(s):/usr/bin/gmake -f Makefile cmTC_1c543/fast && gmake  -f CMakeFiles/cmTC_1c543.dir/build.make CMakeFiles/cmTC_1c543.dir/build
gmake[1]: Entering directory '/home/vboxuser/Desktop/IRT/eval_k_means_coresets_main/cmake-3.20.2/CMakeFiles/CMakeTmp'
Building C object CMakeFiles/cmTC_1c543.dir/CheckSymbolExists.c.o
/usr/bin/gcc   -w  -std=gnu11 -o CMakeFiles/cmTC_1c543.dir/CheckSymbolExists.c.o -c /home/vboxuser/Desktop/IRT/eval_k_means_coresets_main/cmake-3.20.2/CMakeFiles/CMakeTmp/CheckSymbolExists.c
/home/vboxuser/Desktop/IRT/eval_k_means_coresets_main/cmake-3.20.2/CMakeFiles/CMakeTmp/CheckSymbolExists.c: In function ‘main’:
/home/vboxuser/Desktop/IRT/eval_k_means_coresets_main/cmake-3.20.2/CMakeFiles/CMakeTmp/CheckSymbolExists.c:58:19: error: ‘strcmpi’ undeclared (first use in this function); did you mean ‘strcmp’?
   58 |   return ((int*)(&strcmpi))[argc];
      |                   ^~~~~~~
      |                   strcmp
/home/vboxuser/Desktop/IRT/eval_k_means_coresets_main/cmake-3.20.2/CMakeFiles/CMakeTmp/CheckSymbolExists.c:58:19: note: each undeclared identifier is reported only once for each function it appears in
gmake[1]: *** [CMakeFiles/cmTC_1c543.dir/build.make:78: CMakeFiles/cmTC_1c543.dir/CheckSymbolExists.c.o] Error 1
gmake[1]: Leaving directory '/home/vboxuser/Desktop/IRT/eval_k_means_coresets_main/cmake-3.20.2/CMakeFiles/CMakeTmp'
gmake: *** [Makefile:127: cmTC_1c543/fast] Error 2


File /home/vboxuser/Desktop/IRT/eval_k_means_coresets_main/cmake-3.20.2/CMakeFiles/CMakeTmp/CheckSymbolExists.c:
/* */
#include <stdio.h>
#include <inttypes.h>
#include <sys/ioctl.h>
#include <sys/param.h>
#include <sys/poll.h>
#include <sys/resource.h>
#include <sys/select.h>
#include <sys/socket.h>
#include <sys/stat.h>
#include <sys/time.h>
#include <sys/types.h>
#include <sys/uio.h>
#include <sys/un.h>
#include <sys/xattr.h>
#include <alloca.h>
#include <arpa/inet.h>
#include <arpa/tftp.h>
#include <assert.h>
#include <err.h>
#include <errno.h>
#include <fcntl.h>
#include <ifaddrs.h>
#include <libgen.h>
#include <locale.h>
#include <net/if.h>
#include <netdb.h>
#include <netinet/in.h>
#include <netinet/tcp.h>
#include <poll.h>
#include <pwd.h>
#include <setjmp.h>
#include <sgtty.h>
#include <signal.h>
#include <stdbool.h>
#include <stdint.h>
#include <stdio.h>
#include <stdlib.h>
#include <string.h>
#include <strings.h>
#include <termio.h>
#include <termios.h>
#include <time.h>
#include <unistd.h>
#include <utime.h>
#include <stddef.h>
#include <dlfcn.h>
#include <malloc.h>
#include <memory.h>
#include <netinet/if_ether.h>
#include <stdint.h>
#include <sys/utsname.h>

int main(int argc, char** argv)
{
  (void)argv;
#ifndef strcmpi
  return ((int*)(&strcmpi))[argc];
#else
  (void)argc;
  return 0;
#endif
}
Determining if the strncmpi exist failed with the following output:
Change Dir: /home/vboxuser/Desktop/IRT/eval_k_means_coresets_main/cmake-3.20.2/CMakeFiles/CMakeTmp

Run Build Command(s):/usr/bin/gmake -f Makefile cmTC_57101/fast && gmake  -f CMakeFiles/cmTC_57101.dir/build.make CMakeFiles/cmTC_57101.dir/build
gmake[1]: Entering directory '/home/vboxuser/Desktop/IRT/eval_k_means_coresets_main/cmake-3.20.2/CMakeFiles/CMakeTmp'
Building C object CMakeFiles/cmTC_57101.dir/CheckSymbolExists.c.o
/usr/bin/gcc   -w  -std=gnu11 -o CMakeFiles/cmTC_57101.dir/CheckSymbolExists.c.o -c /home/vboxuser/Desktop/IRT/eval_k_means_coresets_main/cmake-3.20.2/CMakeFiles/CMakeTmp/CheckSymbolExists.c
/home/vboxuser/Desktop/IRT/eval_k_means_coresets_main/cmake-3.20.2/CMakeFiles/CMakeTmp/CheckSymbolExists.c: In function ‘main’:
/home/vboxuser/Desktop/IRT/eval_k_means_coresets_main/cmake-3.20.2/CMakeFiles/CMakeTmp/CheckSymbolExists.c:58:19: error: ‘strncmpi’ undeclared (first use in this function); did you mean ‘strncmp’?
   58 |   return ((int*)(&strncmpi))[argc];
      |                   ^~~~~~~~
      |                   strncmp
/home/vboxuser/Desktop/IRT/eval_k_means_coresets_main/cmake-3.20.2/CMakeFiles/CMakeTmp/CheckSymbolExists.c:58:19: note: each undeclared identifier is reported only once for each function it appears in
gmake[1]: *** [CMakeFiles/cmTC_57101.dir/build.make:78: CMakeFiles/cmTC_57101.dir/CheckSymbolExists.c.o] Error 1
gmake[1]: Leaving directory '/home/vboxuser/Desktop/IRT/eval_k_means_coresets_main/cmake-3.20.2/CMakeFiles/CMakeTmp'
gmake: *** [Makefile:127: cmTC_57101/fast] Error 2


File /home/vboxuser/Desktop/IRT/eval_k_means_coresets_main/cmake-3.20.2/CMakeFiles/CMakeTmp/CheckSymbolExists.c:
/* */
#include <stdio.h>
#include <inttypes.h>
#include <sys/ioctl.h>
#include <sys/param.h>
#include <sys/poll.h>
#include <sys/resource.h>
#include <sys/select.h>
#include <sys/socket.h>
#include <sys/stat.h>
#include <sys/time.h>
#include <sys/types.h>
#include <sys/uio.h>
#include <sys/un.h>
#include <sys/xattr.h>
#include <alloca.h>
#include <arpa/inet.h>
#include <arpa/tftp.h>
#include <assert.h>
#include <err.h>
#include <errno.h>
#include <fcntl.h>
#include <ifaddrs.h>
#include <libgen.h>
#include <locale.h>
#include <net/if.h>
#include <netdb.h>
#include <netinet/in.h>
#include <netinet/tcp.h>
#include <poll.h>
#include <pwd.h>
#include <setjmp.h>
#include <sgtty.h>
#include <signal.h>
#include <stdbool.h>
#include <stdint.h>
#include <stdio.h>
#include <stdlib.h>
#include <string.h>
#include <strings.h>
#include <termio.h>
#include <termios.h>
#include <time.h>
#include <unistd.h>
#include <utime.h>
#include <stddef.h>
#include <dlfcn.h>
#include <malloc.h>
#include <memory.h>
#include <netinet/if_ether.h>
#include <stdint.h>
#include <sys/utsname.h>

int main(int argc, char** argv)
{
  (void)argv;
#ifndef strncmpi
  return ((int*)(&strncmpi))[argc];
#else
  (void)argc;
  return 0;
#endif
}
Determining if the inet_ntoa_r exist failed with the following output:
Change Dir: /home/vboxuser/Desktop/IRT/eval_k_means_coresets_main/cmake-3.20.2/CMakeFiles/CMakeTmp

Run Build Command(s):/usr/bin/gmake -f Makefile cmTC_6985b/fast && gmake  -f CMakeFiles/cmTC_6985b.dir/build.make CMakeFiles/cmTC_6985b.dir/build
gmake[1]: Entering directory '/home/vboxuser/Desktop/IRT/eval_k_means_coresets_main/cmake-3.20.2/CMakeFiles/CMakeTmp'
Building C object CMakeFiles/cmTC_6985b.dir/CheckSymbolExists.c.o
/usr/bin/gcc   -w  -std=gnu11 -o CMakeFiles/cmTC_6985b.dir/CheckSymbolExists.c.o -c /home/vboxuser/Desktop/IRT/eval_k_means_coresets_main/cmake-3.20.2/CMakeFiles/CMakeTmp/CheckSymbolExists.c
/home/vboxuser/Desktop/IRT/eval_k_means_coresets_main/cmake-3.20.2/CMakeFiles/CMakeTmp/CheckSymbolExists.c: In function ‘main’:
/home/vboxuser/Desktop/IRT/eval_k_means_coresets_main/cmake-3.20.2/CMakeFiles/CMakeTmp/CheckSymbolExists.c:58:19: error: ‘inet_ntoa_r’ undeclared (first use in this function); did you mean ‘inet_ntoa’?
   58 |   return ((int*)(&inet_ntoa_r))[argc];
      |                   ^~~~~~~~~~~
      |                   inet_ntoa
/home/vboxuser/Desktop/IRT/eval_k_means_coresets_main/cmake-3.20.2/CMakeFiles/CMakeTmp/CheckSymbolExists.c:58:19: note: each undeclared identifier is reported only once for each function it appears in
gmake[1]: *** [CMakeFiles/cmTC_6985b.dir/build.make:78: CMakeFiles/cmTC_6985b.dir/CheckSymbolExists.c.o] Error 1
gmake[1]: Leaving directory '/home/vboxuser/Desktop/IRT/eval_k_means_coresets_main/cmake-3.20.2/CMakeFiles/CMakeTmp'
gmake: *** [Makefile:127: cmTC_6985b/fast] Error 2


File /home/vboxuser/Desktop/IRT/eval_k_means_coresets_main/cmake-3.20.2/CMakeFiles/CMakeTmp/CheckSymbolExists.c:
/* */
#include <stdio.h>
#include <inttypes.h>
#include <sys/ioctl.h>
#include <sys/param.h>
#include <sys/poll.h>
#include <sys/resource.h>
#include <sys/select.h>
#include <sys/socket.h>
#include <sys/stat.h>
#include <sys/time.h>
#include <sys/types.h>
#include <sys/uio.h>
#include <sys/un.h>
#include <sys/xattr.h>
#include <alloca.h>
#include <arpa/inet.h>
#include <arpa/tftp.h>
#include <assert.h>
#include <err.h>
#include <errno.h>
#include <fcntl.h>
#include <ifaddrs.h>
#include <libgen.h>
#include <locale.h>
#include <net/if.h>
#include <netdb.h>
#include <netinet/in.h>
#include <netinet/tcp.h>
#include <poll.h>
#include <pwd.h>
#include <setjmp.h>
#include <sgtty.h>
#include <signal.h>
#include <stdbool.h>
#include <stdint.h>
#include <stdio.h>
#include <stdlib.h>
#include <string.h>
#include <strings.h>
#include <termio.h>
#include <termios.h>
#include <time.h>
#include <unistd.h>
#include <utime.h>
#include <stddef.h>
#include <dlfcn.h>
#include <malloc.h>
#include <memory.h>
#include <netinet/if_ether.h>
#include <stdint.h>
#include <sys/utsname.h>

int main(int argc, char** argv)
{
  (void)argv;
#ifndef inet_ntoa_r
  return ((int*)(&inet_ntoa_r))[argc];
#else
  (void)argc;
  return 0;
#endif
}
Determining if the closesocket exist failed with the following output:
Change Dir: /home/vboxuser/Desktop/IRT/eval_k_means_coresets_main/cmake-3.20.2/CMakeFiles/CMakeTmp

Run Build Command(s):/usr/bin/gmake -f Makefile cmTC_ed8f2/fast && gmake  -f CMakeFiles/cmTC_ed8f2.dir/build.make CMakeFiles/cmTC_ed8f2.dir/build
gmake[1]: Entering directory '/home/vboxuser/Desktop/IRT/eval_k_means_coresets_main/cmake-3.20.2/CMakeFiles/CMakeTmp'
Building C object CMakeFiles/cmTC_ed8f2.dir/CheckSymbolExists.c.o
/usr/bin/gcc   -w  -std=gnu11 -o CMakeFiles/cmTC_ed8f2.dir/CheckSymbolExists.c.o -c /home/vboxuser/Desktop/IRT/eval_k_means_coresets_main/cmake-3.20.2/CMakeFiles/CMakeTmp/CheckSymbolExists.c
/home/vboxuser/Desktop/IRT/eval_k_means_coresets_main/cmake-3.20.2/CMakeFiles/CMakeTmp/CheckSymbolExists.c: In function ‘main’:
/home/vboxuser/Desktop/IRT/eval_k_means_coresets_main/cmake-3.20.2/CMakeFiles/CMakeTmp/CheckSymbolExists.c:58:19: error: ‘closesocket’ undeclared (first use in this function)
   58 |   return ((int*)(&closesocket))[argc];
      |                   ^~~~~~~~~~~
/home/vboxuser/Desktop/IRT/eval_k_means_coresets_main/cmake-3.20.2/CMakeFiles/CMakeTmp/CheckSymbolExists.c:58:19: note: each undeclared identifier is reported only once for each function it appears in
gmake[1]: *** [CMakeFiles/cmTC_ed8f2.dir/build.make:78: CMakeFiles/cmTC_ed8f2.dir/CheckSymbolExists.c.o] Error 1
gmake[1]: Leaving directory '/home/vboxuser/Desktop/IRT/eval_k_means_coresets_main/cmake-3.20.2/CMakeFiles/CMakeTmp'
gmake: *** [Makefile:127: cmTC_ed8f2/fast] Error 2


File /home/vboxuser/Desktop/IRT/eval_k_means_coresets_main/cmake-3.20.2/CMakeFiles/CMakeTmp/CheckSymbolExists.c:
/* */
#include <stdio.h>
#include <inttypes.h>
#include <sys/ioctl.h>
#include <sys/param.h>
#include <sys/poll.h>
#include <sys/resource.h>
#include <sys/select.h>
#include <sys/socket.h>
#include <sys/stat.h>
#include <sys/time.h>
#include <sys/types.h>
#include <sys/uio.h>
#include <sys/un.h>
#include <sys/xattr.h>
#include <alloca.h>
#include <arpa/inet.h>
#include <arpa/tftp.h>
#include <assert.h>
#include <err.h>
#include <errno.h>
#include <fcntl.h>
#include <ifaddrs.h>
#include <libgen.h>
#include <locale.h>
#include <net/if.h>
#include <netdb.h>
#include <netinet/in.h>
#include <netinet/tcp.h>
#include <poll.h>
#include <pwd.h>
#include <setjmp.h>
#include <sgtty.h>
#include <signal.h>
#include <stdbool.h>
#include <stdint.h>
#include <stdio.h>
#include <stdlib.h>
#include <string.h>
#include <strings.h>
#include <termio.h>
#include <termios.h>
#include <time.h>
#include <unistd.h>
#include <utime.h>
#include <stddef.h>
#include <dlfcn.h>
#include <malloc.h>
#include <memory.h>
#include <netinet/if_ether.h>
#include <stdint.h>
#include <sys/utsname.h>

int main(int argc, char** argv)
{
  (void)argv;
#ifndef closesocket
  return ((int*)(&closesocket))[argc];
#else
  (void)argc;
  return 0;
#endif
}
Determining if the getpass_r exist failed with the following output:
Change Dir: /home/vboxuser/Desktop/IRT/eval_k_means_coresets_main/cmake-3.20.2/CMakeFiles/CMakeTmp

Run Build Command(s):/usr/bin/gmake -f Makefile cmTC_0ca64/fast && gmake  -f CMakeFiles/cmTC_0ca64.dir/build.make CMakeFiles/cmTC_0ca64.dir/build
gmake[1]: Entering directory '/home/vboxuser/Desktop/IRT/eval_k_means_coresets_main/cmake-3.20.2/CMakeFiles/CMakeTmp'
Building C object CMakeFiles/cmTC_0ca64.dir/CheckSymbolExists.c.o
/usr/bin/gcc   -w  -std=gnu11 -o CMakeFiles/cmTC_0ca64.dir/CheckSymbolExists.c.o -c /home/vboxuser/Desktop/IRT/eval_k_means_coresets_main/cmake-3.20.2/CMakeFiles/CMakeTmp/CheckSymbolExists.c
/home/vboxuser/Desktop/IRT/eval_k_means_coresets_main/cmake-3.20.2/CMakeFiles/CMakeTmp/CheckSymbolExists.c: In function ‘main’:
/home/vboxuser/Desktop/IRT/eval_k_means_coresets_main/cmake-3.20.2/CMakeFiles/CMakeTmp/CheckSymbolExists.c:58:19: error: ‘getpass_r’ undeclared (first use in this function); did you mean ‘getpass’?
   58 |   return ((int*)(&getpass_r))[argc];
      |                   ^~~~~~~~~
      |                   getpass
/home/vboxuser/Desktop/IRT/eval_k_means_coresets_main/cmake-3.20.2/CMakeFiles/CMakeTmp/CheckSymbolExists.c:58:19: note: each undeclared identifier is reported only once for each function it appears in
gmake[1]: *** [CMakeFiles/cmTC_0ca64.dir/build.make:78: CMakeFiles/cmTC_0ca64.dir/CheckSymbolExists.c.o] Error 1
gmake[1]: Leaving directory '/home/vboxuser/Desktop/IRT/eval_k_means_coresets_main/cmake-3.20.2/CMakeFiles/CMakeTmp'
gmake: *** [Makefile:127: cmTC_0ca64/fast] Error 2


File /home/vboxuser/Desktop/IRT/eval_k_means_coresets_main/cmake-3.20.2/CMakeFiles/CMakeTmp/CheckSymbolExists.c:
/* */
#include <stdio.h>
#include <inttypes.h>
#include <sys/ioctl.h>
#include <sys/param.h>
#include <sys/poll.h>
#include <sys/resource.h>
#include <sys/select.h>
#include <sys/socket.h>
#include <sys/stat.h>
#include <sys/time.h>
#include <sys/types.h>
#include <sys/uio.h>
#include <sys/un.h>
#include <sys/xattr.h>
#include <alloca.h>
#include <arpa/inet.h>
#include <arpa/tftp.h>
#include <assert.h>
#include <err.h>
#include <errno.h>
#include <fcntl.h>
#include <ifaddrs.h>
#include <libgen.h>
#include <locale.h>
#include <net/if.h>
#include <netdb.h>
#include <netinet/in.h>
#include <netinet/tcp.h>
#include <poll.h>
#include <pwd.h>
#include <setjmp.h>
#include <sgtty.h>
#include <signal.h>
#include <stdbool.h>
#include <stdint.h>
#include <stdio.h>
#include <stdlib.h>
#include <string.h>
#include <strings.h>
#include <termio.h>
#include <termios.h>
#include <time.h>
#include <unistd.h>
#include <utime.h>
#include <stddef.h>
#include <dlfcn.h>
#include <malloc.h>
#include <memory.h>
#include <netinet/if_ether.h>
#include <stdint.h>
#include <sys/utsname.h>

int main(int argc, char** argv)
{
  (void)argv;
#ifndef getpass_r
  return ((int*)(&getpass_r))[argc];
#else
  (void)argc;
  return 0;
#endif
}
Determining if the strlcat exist failed with the following output:
Change Dir: /home/vboxuser/Desktop/IRT/eval_k_means_coresets_main/cmake-3.20.2/CMakeFiles/CMakeTmp

Run Build Command(s):/usr/bin/gmake -f Makefile cmTC_c789e/fast && gmake  -f CMakeFiles/cmTC_c789e.dir/build.make CMakeFiles/cmTC_c789e.dir/build
gmake[1]: Entering directory '/home/vboxuser/Desktop/IRT/eval_k_means_coresets_main/cmake-3.20.2/CMakeFiles/CMakeTmp'
Building C object CMakeFiles/cmTC_c789e.dir/CheckSymbolExists.c.o
/usr/bin/gcc   -w  -std=gnu11 -o CMakeFiles/cmTC_c789e.dir/CheckSymbolExists.c.o -c /home/vboxuser/Desktop/IRT/eval_k_means_coresets_main/cmake-3.20.2/CMakeFiles/CMakeTmp/CheckSymbolExists.c
/home/vboxuser/Desktop/IRT/eval_k_means_coresets_main/cmake-3.20.2/CMakeFiles/CMakeTmp/CheckSymbolExists.c: In function ‘main’:
/home/vboxuser/Desktop/IRT/eval_k_means_coresets_main/cmake-3.20.2/CMakeFiles/CMakeTmp/CheckSymbolExists.c:58:19: error: ‘strlcat’ undeclared (first use in this function); did you mean ‘strncat’?
   58 |   return ((int*)(&strlcat))[argc];
      |                   ^~~~~~~
      |                   strncat
/home/vboxuser/Desktop/IRT/eval_k_means_coresets_main/cmake-3.20.2/CMakeFiles/CMakeTmp/CheckSymbolExists.c:58:19: note: each undeclared identifier is reported only once for each function it appears in
gmake[1]: *** [CMakeFiles/cmTC_c789e.dir/build.make:78: CMakeFiles/cmTC_c789e.dir/CheckSymbolExists.c.o] Error 1
gmake[1]: Leaving directory '/home/vboxuser/Desktop/IRT/eval_k_means_coresets_main/cmake-3.20.2/CMakeFiles/CMakeTmp'
gmake: *** [Makefile:127: cmTC_c789e/fast] Error 2


File /home/vboxuser/Desktop/IRT/eval_k_means_coresets_main/cmake-3.20.2/CMakeFiles/CMakeTmp/CheckSymbolExists.c:
/* */
#include <stdio.h>
#include <inttypes.h>
#include <sys/ioctl.h>
#include <sys/param.h>
#include <sys/poll.h>
#include <sys/resource.h>
#include <sys/select.h>
#include <sys/socket.h>
#include <sys/stat.h>
#include <sys/time.h>
#include <sys/types.h>
#include <sys/uio.h>
#include <sys/un.h>
#include <sys/xattr.h>
#include <alloca.h>
#include <arpa/inet.h>
#include <arpa/tftp.h>
#include <assert.h>
#include <err.h>
#include <errno.h>
#include <fcntl.h>
#include <ifaddrs.h>
#include <libgen.h>
#include <locale.h>
#include <net/if.h>
#include <netdb.h>
#include <netinet/in.h>
#include <netinet/tcp.h>
#include <poll.h>
#include <pwd.h>
#include <setjmp.h>
#include <sgtty.h>
#include <signal.h>
#include <stdbool.h>
#include <stdint.h>
#include <stdio.h>
#include <stdlib.h>
#include <string.h>
#include <strings.h>
#include <termio.h>
#include <termios.h>
#include <time.h>
#include <unistd.h>
#include <utime.h>
#include <stddef.h>
#include <dlfcn.h>
#include <malloc.h>
#include <memory.h>
#include <netinet/if_ether.h>
#include <stdint.h>
#include <sys/utsname.h>

int main(int argc, char** argv)
{
  (void)argv;
#ifndef strlcat
  return ((int*)(&strlcat))[argc];
#else
  (void)argc;
  return 0;
#endif
}
Determining if the _strtoi64 exist failed with the following output:
Change Dir: /home/vboxuser/Desktop/IRT/eval_k_means_coresets_main/cmake-3.20.2/CMakeFiles/CMakeTmp

Run Build Command(s):/usr/bin/gmake -f Makefile cmTC_7c98a/fast && gmake  -f CMakeFiles/cmTC_7c98a.dir/build.make CMakeFiles/cmTC_7c98a.dir/build
gmake[1]: Entering directory '/home/vboxuser/Desktop/IRT/eval_k_means_coresets_main/cmake-3.20.2/CMakeFiles/CMakeTmp'
Building C object CMakeFiles/cmTC_7c98a.dir/CheckSymbolExists.c.o
/usr/bin/gcc   -w  -std=gnu11 -o CMakeFiles/cmTC_7c98a.dir/CheckSymbolExists.c.o -c /home/vboxuser/Desktop/IRT/eval_k_means_coresets_main/cmake-3.20.2/CMakeFiles/CMakeTmp/CheckSymbolExists.c
/home/vboxuser/Desktop/IRT/eval_k_means_coresets_main/cmake-3.20.2/CMakeFiles/CMakeTmp/CheckSymbolExists.c: In function ‘main’:
/home/vboxuser/Desktop/IRT/eval_k_means_coresets_main/cmake-3.20.2/CMakeFiles/CMakeTmp/CheckSymbolExists.c:58:19: error: ‘_strtoi64’ undeclared (first use in this function)
   58 |   return ((int*)(&_strtoi64))[argc];
      |                   ^~~~~~~~~
/home/vboxuser/Desktop/IRT/eval_k_means_coresets_main/cmake-3.20.2/CMakeFiles/CMakeTmp/CheckSymbolExists.c:58:19: note: each undeclared identifier is reported only once for each function it appears in
gmake[1]: *** [CMakeFiles/cmTC_7c98a.dir/build.make:78: CMakeFiles/cmTC_7c98a.dir/CheckSymbolExists.c.o] Error 1
gmake[1]: Leaving directory '/home/vboxuser/Desktop/IRT/eval_k_means_coresets_main/cmake-3.20.2/CMakeFiles/CMakeTmp'
gmake: *** [Makefile:127: cmTC_7c98a/fast] Error 2


File /home/vboxuser/Desktop/IRT/eval_k_means_coresets_main/cmake-3.20.2/CMakeFiles/CMakeTmp/CheckSymbolExists.c:
/* */
#include <stdio.h>
#include <inttypes.h>
#include <sys/ioctl.h>
#include <sys/param.h>
#include <sys/poll.h>
#include <sys/resource.h>
#include <sys/select.h>
#include <sys/socket.h>
#include <sys/stat.h>
#include <sys/time.h>
#include <sys/types.h>
#include <sys/uio.h>
#include <sys/un.h>
#include <sys/xattr.h>
#include <alloca.h>
#include <arpa/inet.h>
#include <arpa/tftp.h>
#include <assert.h>
#include <err.h>
#include <errno.h>
#include <fcntl.h>
#include <ifaddrs.h>
#include <libgen.h>
#include <locale.h>
#include <net/if.h>
#include <netdb.h>
#include <netinet/in.h>
#include <netinet/tcp.h>
#include <poll.h>
#include <pwd.h>
#include <setjmp.h>
#include <sgtty.h>
#include <signal.h>
#include <stdbool.h>
#include <stdint.h>
#include <stdio.h>
#include <stdlib.h>
#include <string.h>
#include <strings.h>
#include <termio.h>
#include <termios.h>
#include <time.h>
#include <unistd.h>
#include <utime.h>
#include <stddef.h>
#include <dlfcn.h>
#include <malloc.h>
#include <memory.h>
#include <netinet/if_ether.h>
#include <stdint.h>
#include <sys/utsname.h>

int main(int argc, char** argv)
{
  (void)argv;
#ifndef _strtoi64
  return ((int*)(&_strtoi64))[argc];
#else
  (void)argc;
  return 0;
#endif
}
Determining if the setmode exist failed with the following output:
Change Dir: /home/vboxuser/Desktop/IRT/eval_k_means_coresets_main/cmake-3.20.2/CMakeFiles/CMakeTmp

Run Build Command(s):/usr/bin/gmake -f Makefile cmTC_d99ee/fast && gmake  -f CMakeFiles/cmTC_d99ee.dir/build.make CMakeFiles/cmTC_d99ee.dir/build
gmake[1]: Entering directory '/home/vboxuser/Desktop/IRT/eval_k_means_coresets_main/cmake-3.20.2/CMakeFiles/CMakeTmp'
Building C object CMakeFiles/cmTC_d99ee.dir/CheckSymbolExists.c.o
/usr/bin/gcc   -w  -std=gnu11 -o CMakeFiles/cmTC_d99ee.dir/CheckSymbolExists.c.o -c /home/vboxuser/Desktop/IRT/eval_k_means_coresets_main/cmake-3.20.2/CMakeFiles/CMakeTmp/CheckSymbolExists.c
/home/vboxuser/Desktop/IRT/eval_k_means_coresets_main/cmake-3.20.2/CMakeFiles/CMakeTmp/CheckSymbolExists.c: In function ‘main’:
/home/vboxuser/Desktop/IRT/eval_k_means_coresets_main/cmake-3.20.2/CMakeFiles/CMakeTmp/CheckSymbolExists.c:58:19: error: ‘setmode’ undeclared (first use in this function)
   58 |   return ((int*)(&setmode))[argc];
      |                   ^~~~~~~
/home/vboxuser/Desktop/IRT/eval_k_means_coresets_main/cmake-3.20.2/CMakeFiles/CMakeTmp/CheckSymbolExists.c:58:19: note: each undeclared identifier is reported only once for each function it appears in
gmake[1]: *** [CMakeFiles/cmTC_d99ee.dir/build.make:78: CMakeFiles/cmTC_d99ee.dir/CheckSymbolExists.c.o] Error 1
gmake[1]: Leaving directory '/home/vboxuser/Desktop/IRT/eval_k_means_coresets_main/cmake-3.20.2/CMakeFiles/CMakeTmp'
gmake: *** [Makefile:127: cmTC_d99ee/fast] Error 2


File /home/vboxuser/Desktop/IRT/eval_k_means_coresets_main/cmake-3.20.2/CMakeFiles/CMakeTmp/CheckSymbolExists.c:
/* */
#include <stdio.h>
#include <inttypes.h>
#include <sys/ioctl.h>
#include <sys/param.h>
#include <sys/poll.h>
#include <sys/resource.h>
#include <sys/select.h>
#include <sys/socket.h>
#include <sys/stat.h>
#include <sys/time.h>
#include <sys/types.h>
#include <sys/uio.h>
#include <sys/un.h>
#include <sys/xattr.h>
#include <alloca.h>
#include <arpa/inet.h>
#include <arpa/tftp.h>
#include <assert.h>
#include <err.h>
#include <errno.h>
#include <fcntl.h>
#include <ifaddrs.h>
#include <libgen.h>
#include <locale.h>
#include <net/if.h>
#include <netdb.h>
#include <netinet/in.h>
#include <netinet/tcp.h>
#include <poll.h>
#include <pwd.h>
#include <setjmp.h>
#include <sgtty.h>
#include <signal.h>
#include <stdbool.h>
#include <stdint.h>
#include <stdio.h>
#include <stdlib.h>
#include <string.h>
#include <strings.h>
#include <termio.h>
#include <termios.h>
#include <time.h>
#include <unistd.h>
#include <utime.h>
#include <stddef.h>
#include <dlfcn.h>
#include <malloc.h>
#include <memory.h>
#include <netinet/if_ether.h>
#include <stdint.h>
#include <sys/utsname.h>

int main(int argc, char** argv)
{
  (void)argv;
#ifndef setmode
  return ((int*)(&setmode))[argc];
#else
  (void)argc;
  return 0;
#endif
}
Determining if the function mach_absolute_time exists failed with the following output:
Change Dir: /home/vboxuser/Desktop/IRT/eval_k_means_coresets_main/cmake-3.20.2/CMakeFiles/CMakeTmp

Run Build Command(s):/usr/bin/gmake -f Makefile cmTC_1f293/fast && gmake  -f CMakeFiles/cmTC_1f293.dir/build.make CMakeFiles/cmTC_1f293.dir/build
gmake[1]: Entering directory '/home/vboxuser/Desktop/IRT/eval_k_means_coresets_main/cmake-3.20.2/CMakeFiles/CMakeTmp'
Building C object CMakeFiles/cmTC_1f293.dir/CheckFunctionExists.c.o
/usr/bin/gcc   -w -DCHECK_FUNCTION_EXISTS=mach_absolute_time -std=gnu11 -o CMakeFiles/cmTC_1f293.dir/CheckFunctionExists.c.o -c /home/vboxuser/Desktop/IRT/eval_k_means_coresets_main/cmake-3.20.2/Modules/CheckFunctionExists.c
Linking C executable cmTC_1f293
/home/vboxuser/Desktop/IRT/eval_k_means_coresets_main/cmake-3.20.2/Bootstrap.cmk/cmake -E cmake_link_script CMakeFiles/cmTC_1f293.dir/link.txt --verbose=1
/usr/bin/gcc  -w -DCHECK_FUNCTION_EXISTS=mach_absolute_time CMakeFiles/cmTC_1f293.dir/CheckFunctionExists.c.o -o cmTC_1f293 
/usr/bin/ld: CMakeFiles/cmTC_1f293.dir/CheckFunctionExists.c.o: in function `main':
CheckFunctionExists.c:(.text+0x14): undefined reference to `mach_absolute_time'
collect2: error: ld returned 1 exit status
gmake[1]: *** [CMakeFiles/cmTC_1f293.dir/build.make:99: cmTC_1f293] Error 1
gmake[1]: Leaving directory '/home/vboxuser/Desktop/IRT/eval_k_means_coresets_main/cmake-3.20.2/CMakeFiles/CMakeTmp'
gmake: *** [Makefile:127: cmTC_1f293/fast] Error 2



Performing Curl Test HAVE_FSETXATTR_6 failed with the following output:
Change Dir: /home/vboxuser/Desktop/IRT/eval_k_means_coresets_main/cmake-3.20.2/CMakeFiles/CMakeTmp

Run Build Command(s):/usr/bin/gmake -f Makefile cmTC_6f461/fast && gmake  -f CMakeFiles/cmTC_6f461.dir/build.make CMakeFiles/cmTC_6f461.dir/build
gmake[1]: Entering directory '/home/vboxuser/Desktop/IRT/eval_k_means_coresets_main/cmake-3.20.2/CMakeFiles/CMakeTmp'
Building C object CMakeFiles/cmTC_6f461.dir/CurlTests.c.o
/usr/bin/gcc   -w -DHAVE_FSETXATTR_6  -DHAVE_STDIO_H -DHAVE_INTTYPES_H -DHAVE_SYS_IOCTL_H -DHAVE_SYS_PARAM_H -DHAVE_SYS_POLL_H -DHAVE_SYS_RESOURCE_H -DHAVE_SYS_SELECT_H -DHAVE_SYS_SOCKET_H -DHAVE_SYS_STAT_H -DHAVE_SYS_TIME_H -DHAVE_SYS_TYPES_H -DHAVE_SYS_UIO_H -DHAVE_SYS_UN_H -DHAVE_SYS_XATTR_H -DHAVE_ALLOCA_H -DHAVE_ARPA_INET_H -DHAVE_ARPA_TFTP_H -DHAVE_ASSERT_H -DHAVE_ERR_H -DHAVE_ERRNO_H -DHAVE_FCNTL_H -DHAVE_IFADDRS_H -DHAVE_LIBGEN_H -DHAVE_LOCALE_H -DHAVE_NET_IF_H -DHAVE_NETDB_H -DHAVE_NETINET_IN_H -DHAVE_NETINET_TCP_H -DHAVE_POLL_H -DHAVE_PWD_H -DHAVE_SETJMP_H -DHAVE_SGTTY_H -DHAVE_SIGNAL_H -DHAVE_STDBOOL_H -DHAVE_STDINT_H -DHAVE_STDIO_H -DHAVE_STDLIB_H -DHAVE_STRING_H -DHAVE_STRINGS_H -DHAVE_TERMIO_H -DHAVE_TERMIOS_H -DHAVE_TIME_H -DHAVE_UNISTD_H -DHAVE_UTIME_H -DHAVE_STDDEF_H -DHAVE_DLFCN_H -DHAVE_MALLOC_H -DHAVE_MEMORY_H -DHAVE_NETINET_IF_ETHER_H -DHAVE_STDINT_H -DHAVE_SYS_UTSNAME_H -std=gnu11 -o CMakeFiles/cmTC_6f461.dir/CurlTests.c.o -c /home/vboxuser/Desktop/IRT/eval_k_means_coresets_main/cmake-3.20.2/Utilities/cmcurl/CMake/CurlTests.c
/home/vboxuser/Desktop/IRT/eval_k_means_coresets_main/cmake-3.20.2/Utilities/cmcurl/CMake/CurlTests.c: In function ‘main’:
/home/vboxuser/Desktop/IRT/eval_k_means_coresets_main/cmake-3.20.2/Utilities/cmcurl/CMake/CurlTests.c:544:3: error: too many arguments to function ‘fsetxattr’
  544 |   fsetxattr(0, 0, 0, 0, 0, 0);
      |   ^~~~~~~~~
In file included from /home/vboxuser/Desktop/IRT/eval_k_means_coresets_main/cmake-3.20.2/Utilities/cmcurl/CMake/CurlTests.c:541:
/usr/include/x86_64-linux-gnu/sys/xattr.h:54:12: note: declared here
   54 | extern int fsetxattr (int __fd, const char *__name, const void *__value,
      |            ^~~~~~~~~
gmake[1]: *** [CMakeFiles/cmTC_6f461.dir/build.make:78: CMakeFiles/cmTC_6f461.dir/CurlTests.c.o] Error 1
gmake[1]: Leaving directory '/home/vboxuser/Desktop/IRT/eval_k_means_coresets_main/cmake-3.20.2/CMakeFiles/CMakeTmp'
gmake: *** [Makefile:127: cmTC_6f461/fast] Error 2


Performing Curl Test HAVE_IOCTLSOCKET failed with the following output:
Change Dir: /home/vboxuser/Desktop/IRT/eval_k_means_coresets_main/cmake-3.20.2/CMakeFiles/CMakeTmp

Run Build Command(s):/usr/bin/gmake -f Makefile cmTC_46bc5/fast && gmake  -f CMakeFiles/cmTC_46bc5.dir/build.make CMakeFiles/cmTC_46bc5.dir/build
gmake[1]: Entering directory '/home/vboxuser/Desktop/IRT/eval_k_means_coresets_main/cmake-3.20.2/CMakeFiles/CMakeTmp'
Building C object CMakeFiles/cmTC_46bc5.dir/CurlTests.c.o
/usr/bin/gcc   -w -DHAVE_IOCTLSOCKET  -DHAVE_STDIO_H -DHAVE_INTTYPES_H -DHAVE_SYS_IOCTL_H -DHAVE_SYS_PARAM_H -DHAVE_SYS_POLL_H -DHAVE_SYS_RESOURCE_H -DHAVE_SYS_SELECT_H -DHAVE_SYS_SOCKET_H -DHAVE_SYS_STAT_H -DHAVE_SYS_TIME_H -DHAVE_SYS_TYPES_H -DHAVE_SYS_UIO_H -DHAVE_SYS_UN_H -DHAVE_SYS_XATTR_H -DHAVE_ALLOCA_H -DHAVE_ARPA_INET_H -DHAVE_ARPA_TFTP_H -DHAVE_ASSERT_H -DHAVE_ERR_H -DHAVE_ERRNO_H -DHAVE_FCNTL_H -DHAVE_IFADDRS_H -DHAVE_LIBGEN_H -DHAVE_LOCALE_H -DHAVE_NET_IF_H -DHAVE_NETDB_H -DHAVE_NETINET_IN_H -DHAVE_NETINET_TCP_H -DHAVE_POLL_H -DHAVE_PWD_H -DHAVE_SETJMP_H -DHAVE_SGTTY_H -DHAVE_SIGNAL_H -DHAVE_STDBOOL_H -DHAVE_STDINT_H -DHAVE_STDIO_H -DHAVE_STDLIB_H -DHAVE_STRING_H -DHAVE_STRINGS_H -DHAVE_TERMIO_H -DHAVE_TERMIOS_H -DHAVE_TIME_H -DHAVE_UNISTD_H -DHAVE_UTIME_H -DHAVE_STDDEF_H -DHAVE_DLFCN_H -DHAVE_MALLOC_H -DHAVE_MEMORY_H -DHAVE_NETINET_IF_ETHER_H -DHAVE_STDINT_H -DHAVE_SYS_UTSNAME_H -std=gnu11 -o CMakeFiles/cmTC_46bc5.dir/CurlTests.c.o -c /home/vboxuser/Desktop/IRT/eval_k_means_coresets_main/cmake-3.20.2/Utilities/cmcurl/CMake/CurlTests.c
/home/vboxuser/Desktop/IRT/eval_k_means_coresets_main/cmake-3.20.2/Utilities/cmcurl/CMake/CurlTests.c: In function ‘main’:
/home/vboxuser/Desktop/IRT/eval_k_means_coresets_main/cmake-3.20.2/Utilities/cmcurl/CMake/CurlTests.c:326:44: error: ‘FIONBIO’ undeclared (first use in this function)
  326 |  unsigned long flags = ioctlsocket(socket, FIONBIO, &flags);
      |                                            ^~~~~~~
/home/vboxuser/Desktop/IRT/eval_k_means_coresets_main/cmake-3.20.2/Utilities/cmcurl/CMake/CurlTests.c:326:44: note: each undeclared identifier is reported only once for each function it appears in
gmake[1]: *** [CMakeFiles/cmTC_46bc5.dir/build.make:78: CMakeFiles/cmTC_46bc5.dir/CurlTests.c.o] Error 1
gmake[1]: Leaving directory '/home/vboxuser/Desktop/IRT/eval_k_means_coresets_main/cmake-3.20.2/CMakeFiles/CMakeTmp'
gmake: *** [Makefile:127: cmTC_46bc5/fast] Error 2


Performing Curl Test HAVE_IOCTLSOCKET_CAMEL failed with the following output:
Change Dir: /home/vboxuser/Desktop/IRT/eval_k_means_coresets_main/cmake-3.20.2/CMakeFiles/CMakeTmp

Run Build Command(s):/usr/bin/gmake -f Makefile cmTC_78255/fast && gmake  -f CMakeFiles/cmTC_78255.dir/build.make CMakeFiles/cmTC_78255.dir/build
gmake[1]: Entering directory '/home/vboxuser/Desktop/IRT/eval_k_means_coresets_main/cmake-3.20.2/CMakeFiles/CMakeTmp'
Building C object CMakeFiles/cmTC_78255.dir/CurlTests.c.o
/usr/bin/gcc   -w -DHAVE_IOCTLSOCKET_CAMEL  -DHAVE_STDIO_H -DHAVE_INTTYPES_H -DHAVE_SYS_IOCTL_H -DHAVE_SYS_PARAM_H -DHAVE_SYS_POLL_H -DHAVE_SYS_RESOURCE_H -DHAVE_SYS_SELECT_H -DHAVE_SYS_SOCKET_H -DHAVE_SYS_STAT_H -DHAVE_SYS_TIME_H -DHAVE_SYS_TYPES_H -DHAVE_SYS_UIO_H -DHAVE_SYS_UN_H -DHAVE_SYS_XATTR_H -DHAVE_ALLOCA_H -DHAVE_ARPA_INET_H -DHAVE_ARPA_TFTP_H -DHAVE_ASSERT_H -DHAVE_ERR_H -DHAVE_ERRNO_H -DHAVE_FCNTL_H -DHAVE_IFADDRS_H -DHAVE_LIBGEN_H -DHAVE_LOCALE_H -DHAVE_NET_IF_H -DHAVE_NETDB_H -DHAVE_NETINET_IN_H -DHAVE_NETINET_TCP_H -DHAVE_POLL_H -DHAVE_PWD_H -DHAVE_SETJMP_H -DHAVE_SGTTY_H -DHAVE_SIGNAL_H -DHAVE_STDBOOL_H -DHAVE_STDINT_H -DHAVE_STDIO_H -DHAVE_STDLIB_H -DHAVE_STRING_H -DHAVE_STRINGS_H -DHAVE_TERMIO_H -DHAVE_TERMIOS_H -DHAVE_TIME_H -DHAVE_UNISTD_H -DHAVE_UTIME_H -DHAVE_STDDEF_H -DHAVE_DLFCN_H -DHAVE_MALLOC_H -DHAVE_MEMORY_H -DHAVE_NETINET_IF_ETHER_H -DHAVE_STDINT_H -DHAVE_SYS_UTSNAME_H -std=gnu11 -o CMakeFiles/cmTC_78255.dir/CurlTests.c.o -c /home/vboxuser/Desktop/IRT/eval_k_means_coresets_main/cmake-3.20.2/Utilities/cmcurl/CMake/CurlTests.c
Linking C executable cmTC_78255
/home/vboxuser/Desktop/IRT/eval_k_means_coresets_main/cmake-3.20.2/Bootstrap.cmk/cmake -E cmake_link_script CMakeFiles/cmTC_78255.dir/link.txt --verbose=1
/usr/bin/gcc  -w -DHAVE_IOCTLSOCKET_CAMEL  -DHAVE_STDIO_H -DHAVE_INTTYPES_H -DHAVE_SYS_IOCTL_H -DHAVE_SYS_PARAM_H -DHAVE_SYS_POLL_H -DHAVE_SYS_RESOURCE_H -DHAVE_SYS_SELECT_H -DHAVE_SYS_SOCKET_H -DHAVE_SYS_STAT_H -DHAVE_SYS_TIME_H -DHAVE_SYS_TYPES_H -DHAVE_SYS_UIO_H -DHAVE_SYS_UN_H -DHAVE_SYS_XATTR_H -DHAVE_ALLOCA_H -DHAVE_ARPA_INET_H -DHAVE_ARPA_TFTP_H -DHAVE_ASSERT_H -DHAVE_ERR_H -DHAVE_ERRNO_H -DHAVE_FCNTL_H -DHAVE_IFADDRS_H -DHAVE_LIBGEN_H -DHAVE_LOCALE_H -DHAVE_NET_IF_H -DHAVE_NETDB_H -DHAVE_NETINET_IN_H -DHAVE_NETINET_TCP_H -DHAVE_POLL_H -DHAVE_PWD_H -DHAVE_SETJMP_H -DHAVE_SGTTY_H -DHAVE_SIGNAL_H -DHAVE_STDBOOL_H -DHAVE_STDINT_H -DHAVE_STDIO_H -DHAVE_STDLIB_H -DHAVE_STRING_H -DHAVE_STRINGS_H -DHAVE_TERMIO_H -DHAVE_TERMIOS_H -DHAVE_TIME_H -DHAVE_UNISTD_H -DHAVE_UTIME_H -DHAVE_STDDEF_H -DHAVE_DLFCN_H -DHAVE_MALLOC_H -DHAVE_MEMORY_H -DHAVE_NETINET_IF_ETHER_H -DHAVE_STDINT_H -DHAVE_SYS_UTSNAME_H CMakeFiles/cmTC_78255.dir/CurlTests.c.o -o cmTC_78255 
/usr/bin/ld: CMakeFiles/cmTC_78255.dir/CurlTests.c.o: in function `main':
CurlTests.c:(.text+0x1d): undefined reference to `IoctlSocket'
collect2: error: ld returned 1 exit status
gmake[1]: *** [CMakeFiles/cmTC_78255.dir/build.make:99: cmTC_78255] Error 1
gmake[1]: Leaving directory '/home/vboxuser/Desktop/IRT/eval_k_means_coresets_main/cmake-3.20.2/CMakeFiles/CMakeTmp'
gmake: *** [Makefile:127: cmTC_78255/fast] Error 2


Performing Curl Test HAVE_IOCTLSOCKET_CAMEL_FIONBIO failed with the following output:
Change Dir: /home/vboxuser/Desktop/IRT/eval_k_means_coresets_main/cmake-3.20.2/CMakeFiles/CMakeTmp

Run Build Command(s):/usr/bin/gmake -f Makefile cmTC_a9500/fast && gmake  -f CMakeFiles/cmTC_a9500.dir/build.make CMakeFiles/cmTC_a9500.dir/build
gmake[1]: Entering directory '/home/vboxuser/Desktop/IRT/eval_k_means_coresets_main/cmake-3.20.2/CMakeFiles/CMakeTmp'
Building C object CMakeFiles/cmTC_a9500.dir/CurlTests.c.o
/usr/bin/gcc   -w -DHAVE_IOCTLSOCKET_CAMEL_FIONBIO  -DHAVE_STDIO_H -DHAVE_INTTYPES_H -DHAVE_SYS_IOCTL_H -DHAVE_SYS_PARAM_H -DHAVE_SYS_POLL_H -DHAVE_SYS_RESOURCE_H -DHAVE_SYS_SELECT_H -DHAVE_SYS_SOCKET_H -DHAVE_SYS_STAT_H -DHAVE_SYS_TIME_H -DHAVE_SYS_TYPES_H -DHAVE_SYS_UIO_H -DHAVE_SYS_UN_H -DHAVE_SYS_XATTR_H -DHAVE_ALLOCA_H -DHAVE_ARPA_INET_H -DHAVE_ARPA_TFTP_H -DHAVE_ASSERT_H -DHAVE_ERR_H -DHAVE_ERRNO_H -DHAVE_FCNTL_H -DHAVE_IFADDRS_H -DHAVE_LIBGEN_H -DHAVE_LOCALE_H -DHAVE_NET_IF_H -DHAVE_NETDB_H -DHAVE_NETINET_IN_H -DHAVE_NETINET_TCP_H -DHAVE_POLL_H -DHAVE_PWD_H -DHAVE_SETJMP_H -DHAVE_SGTTY_H -DHAVE_SIGNAL_H -DHAVE_STDBOOL_H -DHAVE_STDINT_H -DHAVE_STDIO_H -DHAVE_STDLIB_H -DHAVE_STRING_H -DHAVE_STRINGS_H -DHAVE_TERMIO_H -DHAVE_TERMIOS_H -DHAVE_TIME_H -DHAVE_UNISTD_H -DHAVE_UTIME_H -DHAVE_STDDEF_H -DHAVE_DLFCN_H -DHAVE_MALLOC_H -DHAVE_MEMORY_H -DHAVE_NETINET_IF_ETHER_H -DHAVE_STDINT_H -DHAVE_SYS_UTSNAME_H -std=gnu11 -o CMakeFiles/cmTC_a9500.dir/CurlTests.c.o -c /home/vboxuser/Desktop/IRT/eval_k_means_coresets_main/cmake-3.20.2/Utilities/cmcurl/CMake/CurlTests.c
/home/vboxuser/Desktop/IRT/eval_k_means_coresets_main/cmake-3.20.2/Utilities/cmcurl/CMake/CurlTests.c: In function ‘main’:
/home/vboxuser/Desktop/IRT/eval_k_means_coresets_main/cmake-3.20.2/Utilities/cmcurl/CMake/CurlTests.c:382:32: error: ‘FIONBIO’ undeclared (first use in this function)
  382 |         if(0 != ioctlsocket(0, FIONBIO, &flags))
      |                                ^~~~~~~
/home/vboxuser/Desktop/IRT/eval_k_means_coresets_main/cmake-3.20.2/Utilities/cmcurl/CMake/CurlTests.c:382:32: note: each undeclared identifier is reported only once for each function it appears in
gmake[1]: *** [CMakeFiles/cmTC_a9500.dir/build.make:78: CMakeFiles/cmTC_a9500.dir/CurlTests.c.o] Error 1
gmake[1]: Leaving directory '/home/vboxuser/Desktop/IRT/eval_k_means_coresets_main/cmake-3.20.2/CMakeFiles/CMakeTmp'
gmake: *** [Makefile:127: cmTC_a9500/fast] Error 2


Performing Curl Test HAVE_IOCTLSOCKET_FIONBIO failed with the following output:
Change Dir: /home/vboxuser/Desktop/IRT/eval_k_means_coresets_main/cmake-3.20.2/CMakeFiles/CMakeTmp

Run Build Command(s):/usr/bin/gmake -f Makefile cmTC_7da81/fast && gmake  -f CMakeFiles/cmTC_7da81.dir/build.make CMakeFiles/cmTC_7da81.dir/build
gmake[1]: Entering directory '/home/vboxuser/Desktop/IRT/eval_k_means_coresets_main/cmake-3.20.2/CMakeFiles/CMakeTmp'
Building C object CMakeFiles/cmTC_7da81.dir/CurlTests.c.o
/usr/bin/gcc   -w -DHAVE_IOCTLSOCKET_FIONBIO  -DHAVE_STDIO_H -DHAVE_INTTYPES_H -DHAVE_SYS_IOCTL_H -DHAVE_SYS_PARAM_H -DHAVE_SYS_POLL_H -DHAVE_SYS_RESOURCE_H -DHAVE_SYS_SELECT_H -DHAVE_SYS_SOCKET_H -DHAVE_SYS_STAT_H -DHAVE_SYS_TIME_H -DHAVE_SYS_TYPES_H -DHAVE_SYS_UIO_H -DHAVE_SYS_UN_H -DHAVE_SYS_XATTR_H -DHAVE_ALLOCA_H -DHAVE_ARPA_INET_H -DHAVE_ARPA_TFTP_H -DHAVE_ASSERT_H -DHAVE_ERR_H -DHAVE_ERRNO_H -DHAVE_FCNTL_H -DHAVE_IFADDRS_H -DHAVE_LIBGEN_H -DHAVE_LOCALE_H -DHAVE_NET_IF_H -DHAVE_NETDB_H -DHAVE_NETINET_IN_H -DHAVE_NETINET_TCP_H -DHAVE_POLL_H -DHAVE_PWD_H -DHAVE_SETJMP_H -DHAVE_SGTTY_H -DHAVE_SIGNAL_H -DHAVE_STDBOOL_H -DHAVE_STDINT_H -DHAVE_STDIO_H -DHAVE_STDLIB_H -DHAVE_STRING_H -DHAVE_STRINGS_H -DHAVE_TERMIO_H -DHAVE_TERMIOS_H -DHAVE_TIME_H -DHAVE_UNISTD_H -DHAVE_UTIME_H -DHAVE_STDDEF_H -DHAVE_DLFCN_H -DHAVE_MALLOC_H -DHAVE_MEMORY_H -DHAVE_NETINET_IF_ETHER_H -DHAVE_STDINT_H -DHAVE_SYS_UTSNAME_H -std=gnu11 -o CMakeFiles/cmTC_7da81.dir/CurlTests.c.o -c /home/vboxuser/Desktop/IRT/eval_k_means_coresets_main/cmake-3.20.2/Utilities/cmcurl/CMake/CurlTests.c
/home/vboxuser/Desktop/IRT/eval_k_means_coresets_main/cmake-3.20.2/Utilities/cmcurl/CMake/CurlTests.c: In function ‘main’:
/home/vboxuser/Desktop/IRT/eval_k_means_coresets_main/cmake-3.20.2/Utilities/cmcurl/CMake/CurlTests.c:409:32: error: ‘FIONBIO’ undeclared (first use in this function)
  409 |         if(0 != ioctlsocket(0, FIONBIO, &flags))
      |                                ^~~~~~~
/home/vboxuser/Desktop/IRT/eval_k_means_coresets_main/cmake-3.20.2/Utilities/cmcurl/CMake/CurlTests.c:409:32: note: each undeclared identifier is reported only once for each function it appears in
gmake[1]: *** [CMakeFiles/cmTC_7da81.dir/build.make:78: CMakeFiles/cmTC_7da81.dir/CurlTests.c.o] Error 1
gmake[1]: Leaving directory '/home/vboxuser/Desktop/IRT/eval_k_means_coresets_main/cmake-3.20.2/CMakeFiles/CMakeTmp'
gmake: *** [Makefile:127: cmTC_7da81/fast] Error 2


Performing Curl Test HAVE_SETSOCKOPT_SO_NONBLOCK failed with the following output:
Change Dir: /home/vboxuser/Desktop/IRT/eval_k_means_coresets_main/cmake-3.20.2/CMakeFiles/CMakeTmp

Run Build Command(s):/usr/bin/gmake -f Makefile cmTC_75b0d/fast && gmake  -f CMakeFiles/cmTC_75b0d.dir/build.make CMakeFiles/cmTC_75b0d.dir/build
gmake[1]: Entering directory '/home/vboxuser/Desktop/IRT/eval_k_means_coresets_main/cmake-3.20.2/CMakeFiles/CMakeTmp'
Building C object CMakeFiles/cmTC_75b0d.dir/CurlTests.c.o
/usr/bin/gcc   -w -DHAVE_SETSOCKOPT_SO_NONBLOCK  -DHAVE_STDIO_H -DHAVE_INTTYPES_H -DHAVE_SYS_IOCTL_H -DHAVE_SYS_PARAM_H -DHAVE_SYS_POLL_H -DHAVE_SYS_RESOURCE_H -DHAVE_SYS_SELECT_H -DHAVE_SYS_SOCKET_H -DHAVE_SYS_STAT_H -DHAVE_SYS_TIME_H -DHAVE_SYS_TYPES_H -DHAVE_SYS_UIO_H -DHAVE_SYS_UN_H -DHAVE_SYS_XATTR_H -DHAVE_ALLOCA_H -DHAVE_ARPA_INET_H -DHAVE_ARPA_TFTP_H -DHAVE_ASSERT_H -DHAVE_ERR_H -DHAVE_ERRNO_H -DHAVE_FCNTL_H -DHAVE_IFADDRS_H -DHAVE_LIBGEN_H -DHAVE_LOCALE_H -DHAVE_NET_IF_H -DHAVE_NETDB_H -DHAVE_NETINET_IN_H -DHAVE_NETINET_TCP_H -DHAVE_POLL_H -DHAVE_PWD_H -DHAVE_SETJMP_H -DHAVE_SGTTY_H -DHAVE_SIGNAL_H -DHAVE_STDBOOL_H -DHAVE_STDINT_H -DHAVE_STDIO_H -DHAVE_STDLIB_H -DHAVE_STRING_H -DHAVE_STRINGS_H -DHAVE_TERMIO_H -DHAVE_TERMIOS_H -DHAVE_TIME_H -DHAVE_UNISTD_H -DHAVE_UTIME_H -DHAVE_STDDEF_H -DHAVE_DLFCN_H -DHAVE_MALLOC_H -DHAVE_MEMORY_H -DHAVE_NETINET_IF_ETHER_H -DHAVE_STDINT_H -DHAVE_SYS_UTSNAME_H -std=gnu11 -o CMakeFiles/cmTC_75b0d.dir/CurlTests.c.o -c /home/vboxuser/Desktop/IRT/eval_k_means_coresets_main/cmake-3.20.2/Utilities/cmcurl/CMake/CurlTests.c
/home/vboxuser/Desktop/IRT/eval_k_means_coresets_main/cmake-3.20.2/Utilities/cmcurl/CMake/CurlTests.c: In function ‘main’:
/home/vboxuser/Desktop/IRT/eval_k_means_coresets_main/cmake-3.20.2/Utilities/cmcurl/CMake/CurlTests.c:505:43: error: ‘SO_NONBLOCK’ undeclared (first use in this function); did you mean ‘SOCK_NONBLOCK’?
  505 |         if(0 != setsockopt(0, SOL_SOCKET, SO_NONBLOCK, 0, 0))
      |                                           ^~~~~~~~~~~
      |                                           SOCK_NONBLOCK
/home/vboxuser/Desktop/IRT/eval_k_means_coresets_main/cmake-3.20.2/Utilities/cmcurl/CMake/CurlTests.c:505:43: note: each undeclared identifier is reported only once for each function it appears in
gmake[1]: *** [CMakeFiles/cmTC_75b0d.dir/build.make:78: CMakeFiles/cmTC_75b0d.dir/CurlTests.c.o] Error 1
gmake[1]: Leaving directory '/home/vboxuser/Desktop/IRT/eval_k_means_coresets_main/cmake-3.20.2/CMakeFiles/CMakeTmp'
gmake: *** [Makefile:127: cmTC_75b0d/fast] Error 2


Performing Curl Test HAVE_O_NONBLOCK failed with the following output:
Change Dir: /home/vboxuser/Desktop/IRT/eval_k_means_coresets_main/cmake-3.20.2/CMakeFiles/CMakeTmp

Run Build Command(s):/usr/bin/gmake -f Makefile cmTC_6310f/fast && gmake  -f CMakeFiles/cmTC_6310f.dir/build.make CMakeFiles/cmTC_6310f.dir/build
gmake[1]: Entering directory '/home/vboxuser/Desktop/IRT/eval_k_means_coresets_main/cmake-3.20.2/CMakeFiles/CMakeTmp'
Building C object CMakeFiles/cmTC_6310f.dir/CurlTests.c.o
/usr/bin/gcc   -w -DHAVE_O_NONBLOCK  -DHAVE_STDIO_H -DHAVE_INTTYPES_H -DHAVE_SYS_IOCTL_H -DHAVE_SYS_PARAM_H -DHAVE_SYS_POLL_H -DHAVE_SYS_RESOURCE_H -DHAVE_SYS_SELECT_H -DHAVE_SYS_SOCKET_H -DHAVE_SYS_STAT_H -DHAVE_SYS_TIME_H -DHAVE_SYS_TYPES_H -DHAVE_SYS_UIO_H -DHAVE_SYS_UN_H -DHAVE_SYS_XATTR_H -DHAVE_ALLOCA_H -DHAVE_ARPA_INET_H -DHAVE_ARPA_TFTP_H -DHAVE_ASSERT_H -DHAVE_ERR_H -DHAVE_ERRNO_H -DHAVE_FCNTL_H -DHAVE_IFADDRS_H -DHAVE_LIBGEN_H -DHAVE_LOCALE_H -DHAVE_NET_IF_H -DHAVE_NETDB_H -DHAVE_NETINET_IN_H -DHAVE_NETINET_TCP_H -DHAVE_POLL_H -DHAVE_PWD_H -DHAVE_SETJMP_H -DHAVE_SGTTY_H -DHAVE_SIGNAL_H -DHAVE_STDBOOL_H -DHAVE_STDINT_H -DHAVE_STDIO_H -DHAVE_STDLIB_H -DHAVE_STRING_H -DHAVE_STRINGS_H -DHAVE_TERMIO_H -DHAVE_TERMIOS_H -DHAVE_TIME_H -DHAVE_UNISTD_H -DHAVE_UTIME_H -DHAVE_STDDEF_H -DHAVE_DLFCN_H -DHAVE_MALLOC_H -DHAVE_MEMORY_H -DHAVE_NETINET_IF_ETHER_H -DHAVE_STDINT_H -DHAVE_SYS_UTSNAME_H -std=gnu11 -o CMakeFiles/cmTC_6310f.dir/CurlTests.c.o -c /home/vboxuser/Desktop/IRT/eval_k_means_coresets_main/cmake-3.20.2/Utilities/cmcurl/CMake/CurlTests.c
Linking C executable cmTC_6310f
/home/vboxuser/Desktop/IRT/eval_k_means_coresets_main/cmake-3.20.2/Bootstrap.cmk/cmake -E cmake_link_script CMakeFiles/cmTC_6310f.dir/link.txt --verbose=1
/usr/bin/gcc  -w -DHAVE_O_NONBLOCK  -DHAVE_STDIO_H -DHAVE_INTTYPES_H -DHAVE_SYS_IOCTL_H -DHAVE_SYS_PARAM_H -DHAVE_SYS_POLL_H -DHAVE_SYS_RESOURCE_H -DHAVE_SYS_SELECT_H -DHAVE_SYS_SOCKET_H -DHAVE_SYS_STAT_H -DHAVE_SYS_TIME_H -DHAVE_SYS_TYPES_H -DHAVE_SYS_UIO_H -DHAVE_SYS_UN_H -DHAVE_SYS_XATTR_H -DHAVE_ALLOCA_H -DHAVE_ARPA_INET_H -DHAVE_ARPA_TFTP_H -DHAVE_ASSERT_H -DHAVE_ERR_H -DHAVE_ERRNO_H -DHAVE_FCNTL_H -DHAVE_IFADDRS_H -DHAVE_LIBGEN_H -DHAVE_LOCALE_H -DHAVE_NET_IF_H -DHAVE_NETDB_H -DHAVE_NETINET_IN_H -DHAVE_NETINET_TCP_H -DHAVE_POLL_H -DHAVE_PWD_H -DHAVE_SETJMP_H -DHAVE_SGTTY_H -DHAVE_SIGNAL_H -DHAVE_STDBOOL_H -DHAVE_STDINT_H -DHAVE_STDIO_H -DHAVE_STDLIB_H -DHAVE_STRING_H -DHAVE_STRINGS_H -DHAVE_TERMIO_H -DHAVE_TERMIOS_H -DHAVE_TIME_H -DHAVE_UNISTD_H -DHAVE_UTIME_H -DHAVE_STDDEF_H -DHAVE_DLFCN_H -DHAVE_MALLOC_H -DHAVE_MEMORY_H -DHAVE_NETINET_IF_ETHER_H -DHAVE_STDINT_H -DHAVE_SYS_UTSNAME_H CMakeFiles/cmTC_6310f.dir/CurlTests.c.o -o cmTC_6310f 
/usr/bin/ld: /usr/lib/gcc/x86_64-linux-gnu/11/../../../x86_64-linux-gnu/Scrt1.o: in function `_start':
(.text+0x1b): undefined reference to `main'
collect2: error: ld returned 1 exit status
gmake[1]: *** [CMakeFiles/cmTC_6310f.dir/build.make:99: cmTC_6310f] Error 1
gmake[1]: Leaving directory '/home/vboxuser/Desktop/IRT/eval_k_means_coresets_main/cmake-3.20.2/CMakeFiles/CMakeTmp'
gmake: *** [Makefile:127: cmTC_6310f/fast] Error 2


Performing Curl Test HAVE_GETHOSTBYADDR_R_5 failed with the following output:
Change Dir: /home/vboxuser/Desktop/IRT/eval_k_means_coresets_main/cmake-3.20.2/CMakeFiles/CMakeTmp

Run Build Command(s):/usr/bin/gmake -f Makefile cmTC_0eecd/fast && gmake  -f CMakeFiles/cmTC_0eecd.dir/build.make CMakeFiles/cmTC_0eecd.dir/build
gmake[1]: Entering directory '/home/vboxuser/Desktop/IRT/eval_k_means_coresets_main/cmake-3.20.2/CMakeFiles/CMakeTmp'
Building C object CMakeFiles/cmTC_0eecd.dir/CurlTests.c.o
/usr/bin/gcc   -w -DHAVE_GETHOSTBYADDR_R_5  -DHAVE_STDIO_H -DHAVE_INTTYPES_H -DHAVE_SYS_IOCTL_H -DHAVE_SYS_PARAM_H -DHAVE_SYS_POLL_H -DHAVE_SYS_RESOURCE_H -DHAVE_SYS_SELECT_H -DHAVE_SYS_SOCKET_H -DHAVE_SYS_STAT_H -DHAVE_SYS_TIME_H -DHAVE_SYS_TYPES_H -DHAVE_SYS_UIO_H -DHAVE_SYS_UN_H -DHAVE_SYS_XATTR_H -DHAVE_ALLOCA_H -DHAVE_ARPA_INET_H -DHAVE_ARPA_TFTP_H -DHAVE_ASSERT_H -DHAVE_ERR_H -DHAVE_ERRNO_H -DHAVE_FCNTL_H -DHAVE_IFADDRS_H -DHAVE_LIBGEN_H -DHAVE_LOCALE_H -DHAVE_NET_IF_H -DHAVE_NETDB_H -DHAVE_NETINET_IN_H -DHAVE_NETINET_TCP_H -DHAVE_POLL_H -DHAVE_PWD_H -DHAVE_SETJMP_H -DHAVE_SGTTY_H -DHAVE_SIGNAL_H -DHAVE_STDBOOL_H -DHAVE_STDINT_H -DHAVE_STDIO_H -DHAVE_STDLIB_H -DHAVE_STRING_H -DHAVE_STRINGS_H -DHAVE_TERMIO_H -DHAVE_TERMIOS_H -DHAVE_TIME_H -DHAVE_UNISTD_H -DHAVE_UTIME_H -DHAVE_STDDEF_H -DHAVE_DLFCN_H -DHAVE_MALLOC_H -DHAVE_MEMORY_H -DHAVE_NETINET_IF_ETHER_H -DHAVE_STDINT_H -DHAVE_SYS_UTSNAME_H -std=gnu11 -o CMakeFiles/cmTC_0eecd.dir/CurlTests.c.o -c /home/vboxuser/Desktop/IRT/eval_k_means_coresets_main/cmake-3.20.2/Utilities/cmcurl/CMake/CurlTests.c
/home/vboxuser/Desktop/IRT/eval_k_means_coresets_main/cmake-3.20.2/Utilities/cmcurl/CMake/CurlTests.c: In function ‘main’:
/home/vboxuser/Desktop/IRT/eval_k_means_coresets_main/cmake-3.20.2/Utilities/cmcurl/CMake/CurlTests.c:106:23: error: storage size of ‘hdata’ isn’t known
  106 |   struct hostent_data hdata;
      |                       ^~~~~
/home/vboxuser/Desktop/IRT/eval_k_means_coresets_main/cmake-3.20.2/Utilities/cmcurl/CMake/CurlTests.c:127:8: error: too few arguments to function ‘gethostbyaddr_r’
  127 |   rc = gethostbyaddr_r(address, length, type, &h, &hdata);
      |        ^~~~~~~~~~~~~~~
In file included from /home/vboxuser/Desktop/IRT/eval_k_means_coresets_main/cmake-3.20.2/Utilities/cmcurl/CMake/CurlTests.c:93:
/usr/include/netdb.h:170:12: note: declared here
  170 | extern int gethostbyaddr_r (const void *__restrict __addr, __socklen_t __len,
      |            ^~~~~~~~~~~~~~~
gmake[1]: *** [CMakeFiles/cmTC_0eecd.dir/build.make:78: CMakeFiles/cmTC_0eecd.dir/CurlTests.c.o] Error 1
gmake[1]: Leaving directory '/home/vboxuser/Desktop/IRT/eval_k_means_coresets_main/cmake-3.20.2/CMakeFiles/CMakeTmp'
gmake: *** [Makefile:127: cmTC_0eecd/fast] Error 2


Performing Curl Test HAVE_GETHOSTBYADDR_R_7 failed with the following output:
Change Dir: /home/vboxuser/Desktop/IRT/eval_k_means_coresets_main/cmake-3.20.2/CMakeFiles/CMakeTmp

Run Build Command(s):/usr/bin/gmake -f Makefile cmTC_82a00/fast && gmake  -f CMakeFiles/cmTC_82a00.dir/build.make CMakeFiles/cmTC_82a00.dir/build
gmake[1]: Entering directory '/home/vboxuser/Desktop/IRT/eval_k_means_coresets_main/cmake-3.20.2/CMakeFiles/CMakeTmp'
Building C object CMakeFiles/cmTC_82a00.dir/CurlTests.c.o
/usr/bin/gcc   -w -DHAVE_GETHOSTBYADDR_R_7  -DHAVE_STDIO_H -DHAVE_INTTYPES_H -DHAVE_SYS_IOCTL_H -DHAVE_SYS_PARAM_H -DHAVE_SYS_POLL_H -DHAVE_SYS_RESOURCE_H -DHAVE_SYS_SELECT_H -DHAVE_SYS_SOCKET_H -DHAVE_SYS_STAT_H -DHAVE_SYS_TIME_H -DHAVE_SYS_TYPES_H -DHAVE_SYS_UIO_H -DHAVE_SYS_UN_H -DHAVE_SYS_XATTR_H -DHAVE_ALLOCA_H -DHAVE_ARPA_INET_H -DHAVE_ARPA_TFTP_H -DHAVE_ASSERT_H -DHAVE_ERR_H -DHAVE_ERRNO_H -DHAVE_FCNTL_H -DHAVE_IFADDRS_H -DHAVE_LIBGEN_H -DHAVE_LOCALE_H -DHAVE_NET_IF_H -DHAVE_NETDB_H -DHAVE_NETINET_IN_H -DHAVE_NETINET_TCP_H -DHAVE_POLL_H -DHAVE_PWD_H -DHAVE_SETJMP_H -DHAVE_SGTTY_H -DHAVE_SIGNAL_H -DHAVE_STDBOOL_H -DHAVE_STDINT_H -DHAVE_STDIO_H -DHAVE_STDLIB_H -DHAVE_STRING_H -DHAVE_STRINGS_H -DHAVE_TERMIO_H -DHAVE_TERMIOS_H -DHAVE_TIME_H -DHAVE_UNISTD_H -DHAVE_UTIME_H -DHAVE_STDDEF_H -DHAVE_DLFCN_H -DHAVE_MALLOC_H -DHAVE_MEMORY_H -DHAVE_NETINET_IF_ETHER_H -DHAVE_STDINT_H -DHAVE_SYS_UTSNAME_H -std=gnu11 -o CMakeFiles/cmTC_82a00.dir/CurlTests.c.o -c /home/vboxuser/Desktop/IRT/eval_k_means_coresets_main/cmake-3.20.2/Utilities/cmcurl/CMake/CurlTests.c
/home/vboxuser/Desktop/IRT/eval_k_means_coresets_main/cmake-3.20.2/Utilities/cmcurl/CMake/CurlTests.c: In function ‘main’:
/home/vboxuser/Desktop/IRT/eval_k_means_coresets_main/cmake-3.20.2/Utilities/cmcurl/CMake/CurlTests.c:131:8: error: too few arguments to function ‘gethostbyaddr_r’
  131 |   hp = gethostbyaddr_r(address, length, type, &h, buffer, 8192, &h_errnop);
      |        ^~~~~~~~~~~~~~~
In file included from /home/vboxuser/Desktop/IRT/eval_k_means_coresets_main/cmake-3.20.2/Utilities/cmcurl/CMake/CurlTests.c:93:
/usr/include/netdb.h:170:12: note: declared here
  170 | extern int gethostbyaddr_r (const void *__restrict __addr, __socklen_t __len,
      |            ^~~~~~~~~~~~~~~
gmake[1]: *** [CMakeFiles/cmTC_82a00.dir/build.make:78: CMakeFiles/cmTC_82a00.dir/CurlTests.c.o] Error 1
gmake[1]: Leaving directory '/home/vboxuser/Desktop/IRT/eval_k_means_coresets_main/cmake-3.20.2/CMakeFiles/CMakeTmp'
gmake: *** [Makefile:127: cmTC_82a00/fast] Error 2


Performing Curl Test HAVE_GETHOSTBYADDR_R_5_REENTRANT failed with the following output:
Change Dir: /home/vboxuser/Desktop/IRT/eval_k_means_coresets_main/cmake-3.20.2/CMakeFiles/CMakeTmp

Run Build Command(s):/usr/bin/gmake -f Makefile cmTC_b0360/fast && gmake  -f CMakeFiles/cmTC_b0360.dir/build.make CMakeFiles/cmTC_b0360.dir/build
gmake[1]: Entering directory '/home/vboxuser/Desktop/IRT/eval_k_means_coresets_main/cmake-3.20.2/CMakeFiles/CMakeTmp'
Building C object CMakeFiles/cmTC_b0360.dir/CurlTests.c.o
/usr/bin/gcc   -w -DHAVE_GETHOSTBYADDR_R_5_REENTRANT  -DHAVE_STDIO_H -DHAVE_INTTYPES_H -DHAVE_SYS_IOCTL_H -DHAVE_SYS_PARAM_H -DHAVE_SYS_POLL_H -DHAVE_SYS_RESOURCE_H -DHAVE_SYS_SELECT_H -DHAVE_SYS_SOCKET_H -DHAVE_SYS_STAT_H -DHAVE_SYS_TIME_H -DHAVE_SYS_TYPES_H -DHAVE_SYS_UIO_H -DHAVE_SYS_UN_H -DHAVE_SYS_XATTR_H -DHAVE_ALLOCA_H -DHAVE_ARPA_INET_H -DHAVE_ARPA_TFTP_H -DHAVE_ASSERT_H -DHAVE_ERR_H -DHAVE_ERRNO_H -DHAVE_FCNTL_H -DHAVE_IFADDRS_H -DHAVE_LIBGEN_H -DHAVE_LOCALE_H -DHAVE_NET_IF_H -DHAVE_NETDB_H -DHAVE_NETINET_IN_H -DHAVE_NETINET_TCP_H -DHAVE_POLL_H -DHAVE_PWD_H -DHAVE_SETJMP_H -DHAVE_SGTTY_H -DHAVE_SIGNAL_H -DHAVE_STDBOOL_H -DHAVE_STDINT_H -DHAVE_STDIO_H -DHAVE_STDLIB_H -DHAVE_STRING_H -DHAVE_STRINGS_H -DHAVE_TERMIO_H -DHAVE_TERMIOS_H -DHAVE_TIME_H -DHAVE_UNISTD_H -DHAVE_UTIME_H -DHAVE_STDDEF_H -DHAVE_DLFCN_H -DHAVE_MALLOC_H -DHAVE_MEMORY_H -DHAVE_NETINET_IF_ETHER_H -DHAVE_STDINT_H -DHAVE_SYS_UTSNAME_H -std=gnu11 -o CMakeFiles/cmTC_b0360.dir/CurlTests.c.o -c /home/vboxuser/Desktop/IRT/eval_k_means_coresets_main/cmake-3.20.2/Utilities/cmcurl/CMake/CurlTests.c
/home/vboxuser/Desktop/IRT/eval_k_means_coresets_main/cmake-3.20.2/Utilities/cmcurl/CMake/CurlTests.c: In function ‘main’:
/home/vboxuser/Desktop/IRT/eval_k_means_coresets_main/cmake-3.20.2/Utilities/cmcurl/CMake/CurlTests.c:106:23: error: storage size of ‘hdata’ isn’t known
  106 |   struct hostent_data hdata;
      |                       ^~~~~
/home/vboxuser/Desktop/IRT/eval_k_means_coresets_main/cmake-3.20.2/Utilities/cmcurl/CMake/CurlTests.c:127:8: error: too few arguments to function ‘gethostbyaddr_r’
  127 |   rc = gethostbyaddr_r(address, length, type, &h, &hdata);
      |        ^~~~~~~~~~~~~~~
In file included from /home/vboxuser/Desktop/IRT/eval_k_means_coresets_main/cmake-3.20.2/Utilities/cmcurl/CMake/CurlTests.c:93:
/usr/include/netdb.h:170:12: note: declared here
  170 | extern int gethostbyaddr_r (const void *__restrict __addr, __socklen_t __len,
      |            ^~~~~~~~~~~~~~~
gmake[1]: *** [CMakeFiles/cmTC_b0360.dir/build.make:78: CMakeFiles/cmTC_b0360.dir/CurlTests.c.o] Error 1
gmake[1]: Leaving directory '/home/vboxuser/Desktop/IRT/eval_k_means_coresets_main/cmake-3.20.2/CMakeFiles/CMakeTmp'
gmake: *** [Makefile:127: cmTC_b0360/fast] Error 2


Performing Curl Test HAVE_GETHOSTBYADDR_R_7_REENTRANT failed with the following output:
Change Dir: /home/vboxuser/Desktop/IRT/eval_k_means_coresets_main/cmake-3.20.2/CMakeFiles/CMakeTmp

Run Build Command(s):/usr/bin/gmake -f Makefile cmTC_5f2af/fast && gmake  -f CMakeFiles/cmTC_5f2af.dir/build.make CMakeFiles/cmTC_5f2af.dir/build
gmake[1]: Entering directory '/home/vboxuser/Desktop/IRT/eval_k_means_coresets_main/cmake-3.20.2/CMakeFiles/CMakeTmp'
Building C object CMakeFiles/cmTC_5f2af.dir/CurlTests.c.o
/usr/bin/gcc   -w -DHAVE_GETHOSTBYADDR_R_7_REENTRANT  -DHAVE_STDIO_H -DHAVE_INTTYPES_H -DHAVE_SYS_IOCTL_H -DHAVE_SYS_PARAM_H -DHAVE_SYS_POLL_H -DHAVE_SYS_RESOURCE_H -DHAVE_SYS_SELECT_H -DHAVE_SYS_SOCKET_H -DHAVE_SYS_STAT_H -DHAVE_SYS_TIME_H -DHAVE_SYS_TYPES_H -DHAVE_SYS_UIO_H -DHAVE_SYS_UN_H -DHAVE_SYS_XATTR_H -DHAVE_ALLOCA_H -DHAVE_ARPA_INET_H -DHAVE_ARPA_TFTP_H -DHAVE_ASSERT_H -DHAVE_ERR_H -DHAVE_ERRNO_H -DHAVE_FCNTL_H -DHAVE_IFADDRS_H -DHAVE_LIBGEN_H -DHAVE_LOCALE_H -DHAVE_NET_IF_H -DHAVE_NETDB_H -DHAVE_NETINET_IN_H -DHAVE_NETINET_TCP_H -DHAVE_POLL_H -DHAVE_PWD_H -DHAVE_SETJMP_H -DHAVE_SGTTY_H -DHAVE_SIGNAL_H -DHAVE_STDBOOL_H -DHAVE_STDINT_H -DHAVE_STDIO_H -DHAVE_STDLIB_H -DHAVE_STRING_H -DHAVE_STRINGS_H -DHAVE_TERMIO_H -DHAVE_TERMIOS_H -DHAVE_TIME_H -DHAVE_UNISTD_H -DHAVE_UTIME_H -DHAVE_STDDEF_H -DHAVE_DLFCN_H -DHAVE_MALLOC_H -DHAVE_MEMORY_H -DHAVE_NETINET_IF_ETHER_H -DHAVE_STDINT_H -DHAVE_SYS_UTSNAME_H -std=gnu11 -o CMakeFiles/cmTC_5f2af.dir/CurlTests.c.o -c /home/vboxuser/Desktop/IRT/eval_k_means_coresets_main/cmake-3.20.2/Utilities/cmcurl/CMake/CurlTests.c
/home/vboxuser/Desktop/IRT/eval_k_means_coresets_main/cmake-3.20.2/Utilities/cmcurl/CMake/CurlTests.c: In function ‘main’:
/home/vboxuser/Desktop/IRT/eval_k_means_coresets_main/cmake-3.20.2/Utilities/cmcurl/CMake/CurlTests.c:131:8: error: too few arguments to function ‘gethostbyaddr_r’
  131 |   hp = gethostbyaddr_r(address, length, type, &h, buffer, 8192, &h_errnop);
      |        ^~~~~~~~~~~~~~~
In file included from /home/vboxuser/Desktop/IRT/eval_k_means_coresets_main/cmake-3.20.2/Utilities/cmcurl/CMake/CurlTests.c:93:
/usr/include/netdb.h:170:12: note: declared here
  170 | extern int gethostbyaddr_r (const void *__restrict __addr, __socklen_t __len,
      |            ^~~~~~~~~~~~~~~
gmake[1]: *** [CMakeFiles/cmTC_5f2af.dir/build.make:78: CMakeFiles/cmTC_5f2af.dir/CurlTests.c.o] Error 1
gmake[1]: Leaving directory '/home/vboxuser/Desktop/IRT/eval_k_means_coresets_main/cmake-3.20.2/CMakeFiles/CMakeTmp'
gmake: *** [Makefile:127: cmTC_5f2af/fast] Error 2


Performing Curl Test HAVE_GETHOSTBYNAME_R_3 failed with the following output:
Change Dir: /home/vboxuser/Desktop/IRT/eval_k_means_coresets_main/cmake-3.20.2/CMakeFiles/CMakeTmp

Run Build Command(s):/usr/bin/gmake -f Makefile cmTC_0256e/fast && gmake  -f CMakeFiles/cmTC_0256e.dir/build.make CMakeFiles/cmTC_0256e.dir/build
gmake[1]: Entering directory '/home/vboxuser/Desktop/IRT/eval_k_means_coresets_main/cmake-3.20.2/CMakeFiles/CMakeTmp'
Building C object CMakeFiles/cmTC_0256e.dir/CurlTests.c.o
/usr/bin/gcc   -w -DHAVE_GETHOSTBYNAME_R_3  -DHAVE_STDIO_H -DHAVE_INTTYPES_H -DHAVE_SYS_IOCTL_H -DHAVE_SYS_PARAM_H -DHAVE_SYS_POLL_H -DHAVE_SYS_RESOURCE_H -DHAVE_SYS_SELECT_H -DHAVE_SYS_SOCKET_H -DHAVE_SYS_STAT_H -DHAVE_SYS_TIME_H -DHAVE_SYS_TYPES_H -DHAVE_SYS_UIO_H -DHAVE_SYS_UN_H -DHAVE_SYS_XATTR_H -DHAVE_ALLOCA_H -DHAVE_ARPA_INET_H -DHAVE_ARPA_TFTP_H -DHAVE_ASSERT_H -DHAVE_ERR_H -DHAVE_ERRNO_H -DHAVE_FCNTL_H -DHAVE_IFADDRS_H -DHAVE_LIBGEN_H -DHAVE_LOCALE_H -DHAVE_NET_IF_H -DHAVE_NETDB_H -DHAVE_NETINET_IN_H -DHAVE_NETINET_TCP_H -DHAVE_POLL_H -DHAVE_PWD_H -DHAVE_SETJMP_H -DHAVE_SGTTY_H -DHAVE_SIGNAL_H -DHAVE_STDBOOL_H -DHAVE_STDINT_H -DHAVE_STDIO_H -DHAVE_STDLIB_H -DHAVE_STRING_H -DHAVE_STRINGS_H -DHAVE_TERMIO_H -DHAVE_TERMIOS_H -DHAVE_TIME_H -DHAVE_UNISTD_H -DHAVE_UTIME_H -DHAVE_STDDEF_H -DHAVE_DLFCN_H -DHAVE_MALLOC_H -DHAVE_MEMORY_H -DHAVE_NETINET_IF_ETHER_H -DHAVE_STDINT_H -DHAVE_SYS_UTSNAME_H -std=gnu11 -o CMakeFiles/cmTC_0256e.dir/CurlTests.c.o -c /home/vboxuser/Desktop/IRT/eval_k_means_coresets_main/cmake-3.20.2/Utilities/cmcurl/CMake/CurlTests.c
/home/vboxuser/Desktop/IRT/eval_k_means_coresets_main/cmake-3.20.2/Utilities/cmcurl/CMake/CurlTests.c: In function ‘main’:
/home/vboxuser/Desktop/IRT/eval_k_means_coresets_main/cmake-3.20.2/Utilities/cmcurl/CMake/CurlTests.c:106:23: error: storage size of ‘hdata’ isn’t known
  106 |   struct hostent_data hdata;
      |                       ^~~~~
/home/vboxuser/Desktop/IRT/eval_k_means_coresets_main/cmake-3.20.2/Utilities/cmcurl/CMake/CurlTests.c:141:8: error: too few arguments to function ‘gethostbyname_r’
  141 |   rc = gethostbyname_r(address, &h, &hdata);
      |        ^~~~~~~~~~~~~~~
In file included from /home/vboxuser/Desktop/IRT/eval_k_means_coresets_main/cmake-3.20.2/Utilities/cmcurl/CMake/CurlTests.c:93:
/usr/include/netdb.h:177:12: note: declared here
  177 | extern int gethostbyname_r (const char *__restrict __name,
      |            ^~~~~~~~~~~~~~~
gmake[1]: *** [CMakeFiles/cmTC_0256e.dir/build.make:78: CMakeFiles/cmTC_0256e.dir/CurlTests.c.o] Error 1
gmake[1]: Leaving directory '/home/vboxuser/Desktop/IRT/eval_k_means_coresets_main/cmake-3.20.2/CMakeFiles/CMakeTmp'
gmake: *** [Makefile:127: cmTC_0256e/fast] Error 2


Performing Curl Test HAVE_GETHOSTBYNAME_R_5 failed with the following output:
Change Dir: /home/vboxuser/Desktop/IRT/eval_k_means_coresets_main/cmake-3.20.2/CMakeFiles/CMakeTmp

Run Build Command(s):/usr/bin/gmake -f Makefile cmTC_8bdf3/fast && gmake  -f CMakeFiles/cmTC_8bdf3.dir/build.make CMakeFiles/cmTC_8bdf3.dir/build
gmake[1]: Entering directory '/home/vboxuser/Desktop/IRT/eval_k_means_coresets_main/cmake-3.20.2/CMakeFiles/CMakeTmp'
Building C object CMakeFiles/cmTC_8bdf3.dir/CurlTests.c.o
/usr/bin/gcc   -w -DHAVE_GETHOSTBYNAME_R_5  -DHAVE_STDIO_H -DHAVE_INTTYPES_H -DHAVE_SYS_IOCTL_H -DHAVE_SYS_PARAM_H -DHAVE_SYS_POLL_H -DHAVE_SYS_RESOURCE_H -DHAVE_SYS_SELECT_H -DHAVE_SYS_SOCKET_H -DHAVE_SYS_STAT_H -DHAVE_SYS_TIME_H -DHAVE_SYS_TYPES_H -DHAVE_SYS_UIO_H -DHAVE_SYS_UN_H -DHAVE_SYS_XATTR_H -DHAVE_ALLOCA_H -DHAVE_ARPA_INET_H -DHAVE_ARPA_TFTP_H -DHAVE_ASSERT_H -DHAVE_ERR_H -DHAVE_ERRNO_H -DHAVE_FCNTL_H -DHAVE_IFADDRS_H -DHAVE_LIBGEN_H -DHAVE_LOCALE_H -DHAVE_NET_IF_H -DHAVE_NETDB_H -DHAVE_NETINET_IN_H -DHAVE_NETINET_TCP_H -DHAVE_POLL_H -DHAVE_PWD_H -DHAVE_SETJMP_H -DHAVE_SGTTY_H -DHAVE_SIGNAL_H -DHAVE_STDBOOL_H -DHAVE_STDINT_H -DHAVE_STDIO_H -DHAVE_STDLIB_H -DHAVE_STRING_H -DHAVE_STRINGS_H -DHAVE_TERMIO_H -DHAVE_TERMIOS_H -DHAVE_TIME_H -DHAVE_UNISTD_H -DHAVE_UTIME_H -DHAVE_STDDEF_H -DHAVE_DLFCN_H -DHAVE_MALLOC_H -DHAVE_MEMORY_H -DHAVE_NETINET_IF_ETHER_H -DHAVE_STDINT_H -DHAVE_SYS_UTSNAME_H -std=gnu11 -o CMakeFiles/cmTC_8bdf3.dir/CurlTests.c.o -c /home/vboxuser/Desktop/IRT/eval_k_means_coresets_main/cmake-3.20.2/Utilities/cmcurl/CMake/CurlTests.c
/home/vboxuser/Desktop/IRT/eval_k_means_coresets_main/cmake-3.20.2/Utilities/cmcurl/CMake/CurlTests.c: In function ‘main’:
/home/vboxuser/Desktop/IRT/eval_k_means_coresets_main/cmake-3.20.2/Utilities/cmcurl/CMake/CurlTests.c:144:8: error: too few arguments to function ‘gethostbyname_r’
  144 |   rc = gethostbyname_r(address, &h, buffer, 8192, &h_errnop);
      |        ^~~~~~~~~~~~~~~
In file included from /home/vboxuser/Desktop/IRT/eval_k_means_coresets_main/cmake-3.20.2/Utilities/cmcurl/CMake/CurlTests.c:93:
/usr/include/netdb.h:177:12: note: declared here
  177 | extern int gethostbyname_r (const char *__restrict __name,
      |            ^~~~~~~~~~~~~~~
gmake[1]: *** [CMakeFiles/cmTC_8bdf3.dir/build.make:78: CMakeFiles/cmTC_8bdf3.dir/CurlTests.c.o] Error 1
gmake[1]: Leaving directory '/home/vboxuser/Desktop/IRT/eval_k_means_coresets_main/cmake-3.20.2/CMakeFiles/CMakeTmp'
gmake: *** [Makefile:127: cmTC_8bdf3/fast] Error 2


Performing Curl Test HAVE_GETHOSTBYNAME_R_3_REENTRANT failed with the following output:
Change Dir: /home/vboxuser/Desktop/IRT/eval_k_means_coresets_main/cmake-3.20.2/CMakeFiles/CMakeTmp

Run Build Command(s):/usr/bin/gmake -f Makefile cmTC_ea642/fast && gmake  -f CMakeFiles/cmTC_ea642.dir/build.make CMakeFiles/cmTC_ea642.dir/build
gmake[1]: Entering directory '/home/vboxuser/Desktop/IRT/eval_k_means_coresets_main/cmake-3.20.2/CMakeFiles/CMakeTmp'
Building C object CMakeFiles/cmTC_ea642.dir/CurlTests.c.o
/usr/bin/gcc   -w -DHAVE_GETHOSTBYNAME_R_3_REENTRANT  -DHAVE_STDIO_H -DHAVE_INTTYPES_H -DHAVE_SYS_IOCTL_H -DHAVE_SYS_PARAM_H -DHAVE_SYS_POLL_H -DHAVE_SYS_RESOURCE_H -DHAVE_SYS_SELECT_H -DHAVE_SYS_SOCKET_H -DHAVE_SYS_STAT_H -DHAVE_SYS_TIME_H -DHAVE_SYS_TYPES_H -DHAVE_SYS_UIO_H -DHAVE_SYS_UN_H -DHAVE_SYS_XATTR_H -DHAVE_ALLOCA_H -DHAVE_ARPA_INET_H -DHAVE_ARPA_TFTP_H -DHAVE_ASSERT_H -DHAVE_ERR_H -DHAVE_ERRNO_H -DHAVE_FCNTL_H -DHAVE_IFADDRS_H -DHAVE_LIBGEN_H -DHAVE_LOCALE_H -DHAVE_NET_IF_H -DHAVE_NETDB_H -DHAVE_NETINET_IN_H -DHAVE_NETINET_TCP_H -DHAVE_POLL_H -DHAVE_PWD_H -DHAVE_SETJMP_H -DHAVE_SGTTY_H -DHAVE_SIGNAL_H -DHAVE_STDBOOL_H -DHAVE_STDINT_H -DHAVE_STDIO_H -DHAVE_STDLIB_H -DHAVE_STRING_H -DHAVE_STRINGS_H -DHAVE_TERMIO_H -DHAVE_TERMIOS_H -DHAVE_TIME_H -DHAVE_UNISTD_H -DHAVE_UTIME_H -DHAVE_STDDEF_H -DHAVE_DLFCN_H -DHAVE_MALLOC_H -DHAVE_MEMORY_H -DHAVE_NETINET_IF_ETHER_H -DHAVE_STDINT_H -DHAVE_SYS_UTSNAME_H -std=gnu11 -o CMakeFiles/cmTC_ea642.dir/CurlTests.c.o -c /home/vboxuser/Desktop/IRT/eval_k_means_coresets_main/cmake-3.20.2/Utilities/cmcurl/CMake/CurlTests.c
/home/vboxuser/Desktop/IRT/eval_k_means_coresets_main/cmake-3.20.2/Utilities/cmcurl/CMake/CurlTests.c: In function ‘main’:
/home/vboxuser/Desktop/IRT/eval_k_means_coresets_main/cmake-3.20.2/Utilities/cmcurl/CMake/CurlTests.c:106:23: error: storage size of ‘hdata’ isn’t known
  106 |   struct hostent_data hdata;
      |                       ^~~~~
/home/vboxuser/Desktop/IRT/eval_k_means_coresets_main/cmake-3.20.2/Utilities/cmcurl/CMake/CurlTests.c:141:8: error: too few arguments to function ‘gethostbyname_r’
  141 |   rc = gethostbyname_r(address, &h, &hdata);
      |        ^~~~~~~~~~~~~~~
In file included from /home/vboxuser/Desktop/IRT/eval_k_means_coresets_main/cmake-3.20.2/Utilities/cmcurl/CMake/CurlTests.c:93:
/usr/include/netdb.h:177:12: note: declared here
  177 | extern int gethostbyname_r (const char *__restrict __name,
      |            ^~~~~~~~~~~~~~~
gmake[1]: *** [CMakeFiles/cmTC_ea642.dir/build.make:78: CMakeFiles/cmTC_ea642.dir/CurlTests.c.o] Error 1
gmake[1]: Leaving directory '/home/vboxuser/Desktop/IRT/eval_k_means_coresets_main/cmake-3.20.2/CMakeFiles/CMakeTmp'
gmake: *** [Makefile:127: cmTC_ea642/fast] Error 2


Performing Curl Test HAVE_GETHOSTBYNAME_R_5_REENTRANT failed with the following output:
Change Dir: /home/vboxuser/Desktop/IRT/eval_k_means_coresets_main/cmake-3.20.2/CMakeFiles/CMakeTmp

Run Build Command(s):/usr/bin/gmake -f Makefile cmTC_893a5/fast && gmake  -f CMakeFiles/cmTC_893a5.dir/build.make CMakeFiles/cmTC_893a5.dir/build
gmake[1]: Entering directory '/home/vboxuser/Desktop/IRT/eval_k_means_coresets_main/cmake-3.20.2/CMakeFiles/CMakeTmp'
Building C object CMakeFiles/cmTC_893a5.dir/CurlTests.c.o
/usr/bin/gcc   -w -DHAVE_GETHOSTBYNAME_R_5_REENTRANT  -DHAVE_STDIO_H -DHAVE_INTTYPES_H -DHAVE_SYS_IOCTL_H -DHAVE_SYS_PARAM_H -DHAVE_SYS_POLL_H -DHAVE_SYS_RESOURCE_H -DHAVE_SYS_SELECT_H -DHAVE_SYS_SOCKET_H -DHAVE_SYS_STAT_H -DHAVE_SYS_TIME_H -DHAVE_SYS_TYPES_H -DHAVE_SYS_UIO_H -DHAVE_SYS_UN_H -DHAVE_SYS_XATTR_H -DHAVE_ALLOCA_H -DHAVE_ARPA_INET_H -DHAVE_ARPA_TFTP_H -DHAVE_ASSERT_H -DHAVE_ERR_H -DHAVE_ERRNO_H -DHAVE_FCNTL_H -DHAVE_IFADDRS_H -DHAVE_LIBGEN_H -DHAVE_LOCALE_H -DHAVE_NET_IF_H -DHAVE_NETDB_H -DHAVE_NETINET_IN_H -DHAVE_NETINET_TCP_H -DHAVE_POLL_H -DHAVE_PWD_H -DHAVE_SETJMP_H -DHAVE_SGTTY_H -DHAVE_SIGNAL_H -DHAVE_STDBOOL_H -DHAVE_STDINT_H -DHAVE_STDIO_H -DHAVE_STDLIB_H -DHAVE_STRING_H -DHAVE_STRINGS_H -DHAVE_TERMIO_H -DHAVE_TERMIOS_H -DHAVE_TIME_H -DHAVE_UNISTD_H -DHAVE_UTIME_H -DHAVE_STDDEF_H -DHAVE_DLFCN_H -DHAVE_MALLOC_H -DHAVE_MEMORY_H -DHAVE_NETINET_IF_ETHER_H -DHAVE_STDINT_H -DHAVE_SYS_UTSNAME_H -std=gnu11 -o CMakeFiles/cmTC_893a5.dir/CurlTests.c.o -c /home/vboxuser/Desktop/IRT/eval_k_means_coresets_main/cmake-3.20.2/Utilities/cmcurl/CMake/CurlTests.c
/home/vboxuser/Desktop/IRT/eval_k_means_coresets_main/cmake-3.20.2/Utilities/cmcurl/CMake/CurlTests.c: In function ‘main’:
/home/vboxuser/Desktop/IRT/eval_k_means_coresets_main/cmake-3.20.2/Utilities/cmcurl/CMake/CurlTests.c:144:8: error: too few arguments to function ‘gethostbyname_r’
  144 |   rc = gethostbyname_r(address, &h, buffer, 8192, &h_errnop);
      |        ^~~~~~~~~~~~~~~
In file included from /home/vboxuser/Desktop/IRT/eval_k_means_coresets_main/cmake-3.20.2/Utilities/cmcurl/CMake/CurlTests.c:93:
/usr/include/netdb.h:177:12: note: declared here
  177 | extern int gethostbyname_r (const char *__restrict __name,
      |            ^~~~~~~~~~~~~~~
gmake[1]: *** [CMakeFiles/cmTC_893a5.dir/build.make:78: CMakeFiles/cmTC_893a5.dir/CurlTests.c.o] Error 1
gmake[1]: Leaving directory '/home/vboxuser/Desktop/IRT/eval_k_means_coresets_main/cmake-3.20.2/CMakeFiles/CMakeTmp'
gmake: *** [Makefile:127: cmTC_893a5/fast] Error 2


Performing Curl Test HAVE_INET_NTOA_R_DECL failed with the following output:
Change Dir: /home/vboxuser/Desktop/IRT/eval_k_means_coresets_main/cmake-3.20.2/CMakeFiles/CMakeTmp

Run Build Command(s):/usr/bin/gmake -f Makefile cmTC_9533e/fast && gmake  -f CMakeFiles/cmTC_9533e.dir/build.make CMakeFiles/cmTC_9533e.dir/build
gmake[1]: Entering directory '/home/vboxuser/Desktop/IRT/eval_k_means_coresets_main/cmake-3.20.2/CMakeFiles/CMakeTmp'
Building C object CMakeFiles/cmTC_9533e.dir/CurlTests.c.o
/usr/bin/gcc   -w -DHAVE_INET_NTOA_R_DECL  -DHAVE_STDIO_H -DHAVE_INTTYPES_H -DHAVE_SYS_IOCTL_H -DHAVE_SYS_PARAM_H -DHAVE_SYS_POLL_H -DHAVE_SYS_RESOURCE_H -DHAVE_SYS_SELECT_H -DHAVE_SYS_SOCKET_H -DHAVE_SYS_STAT_H -DHAVE_SYS_TIME_H -DHAVE_SYS_TYPES_H -DHAVE_SYS_UIO_H -DHAVE_SYS_UN_H -DHAVE_SYS_XATTR_H -DHAVE_ALLOCA_H -DHAVE_ARPA_INET_H -DHAVE_ARPA_TFTP_H -DHAVE_ASSERT_H -DHAVE_ERR_H -DHAVE_ERRNO_H -DHAVE_FCNTL_H -DHAVE_IFADDRS_H -DHAVE_LIBGEN_H -DHAVE_LOCALE_H -DHAVE_NET_IF_H -DHAVE_NETDB_H -DHAVE_NETINET_IN_H -DHAVE_NETINET_TCP_H -DHAVE_POLL_H -DHAVE_PWD_H -DHAVE_SETJMP_H -DHAVE_SGTTY_H -DHAVE_SIGNAL_H -DHAVE_STDBOOL_H -DHAVE_STDINT_H -DHAVE_STDIO_H -DHAVE_STDLIB_H -DHAVE_STRING_H -DHAVE_STRINGS_H -DHAVE_TERMIO_H -DHAVE_TERMIOS_H -DHAVE_TIME_H -DHAVE_UNISTD_H -DHAVE_UTIME_H -DHAVE_STDDEF_H -DHAVE_DLFCN_H -DHAVE_MALLOC_H -DHAVE_MEMORY_H -DHAVE_NETINET_IF_ETHER_H -DHAVE_STDINT_H -DHAVE_SYS_UTSNAME_H -std=gnu11 -o CMakeFiles/cmTC_9533e.dir/CurlTests.c.o -c /home/vboxuser/Desktop/IRT/eval_k_means_coresets_main/cmake-3.20.2/Utilities/cmcurl/CMake/CurlTests.c
/home/vboxuser/Desktop/IRT/eval_k_means_coresets_main/cmake-3.20.2/Utilities/cmcurl/CMake/CurlTests.c: In function ‘main’:
/home/vboxuser/Desktop/IRT/eval_k_means_coresets_main/cmake-3.20.2/Utilities/cmcurl/CMake/CurlTests.c:244:21: error: ‘inet_ntoa_r’ undeclared (first use in this function); did you mean ‘inet_ntoa’?
  244 |   func = (func_type)inet_ntoa_r;
      |                     ^~~~~~~~~~~
      |                     inet_ntoa
/home/vboxuser/Desktop/IRT/eval_k_means_coresets_main/cmake-3.20.2/Utilities/cmcurl/CMake/CurlTests.c:244:21: note: each undeclared identifier is reported only once for each function it appears in
gmake[1]: *** [CMakeFiles/cmTC_9533e.dir/build.make:78: CMakeFiles/cmTC_9533e.dir/CurlTests.c.o] Error 1
gmake[1]: Leaving directory '/home/vboxuser/Desktop/IRT/eval_k_means_coresets_main/cmake-3.20.2/CMakeFiles/CMakeTmp'
gmake: *** [Makefile:127: cmTC_9533e/fast] Error 2


Performing Curl Test HAVE_INET_NTOA_R_DECL_REENTRANT failed with the following output:
Change Dir: /home/vboxuser/Desktop/IRT/eval_k_means_coresets_main/cmake-3.20.2/CMakeFiles/CMakeTmp

Run Build Command(s):/usr/bin/gmake -f Makefile cmTC_62b42/fast && gmake  -f CMakeFiles/cmTC_62b42.dir/build.make CMakeFiles/cmTC_62b42.dir/build
gmake[1]: Entering directory '/home/vboxuser/Desktop/IRT/eval_k_means_coresets_main/cmake-3.20.2/CMakeFiles/CMakeTmp'
Building C object CMakeFiles/cmTC_62b42.dir/CurlTests.c.o
/usr/bin/gcc   -w -DHAVE_INET_NTOA_R_DECL_REENTRANT  -DHAVE_STDIO_H -DHAVE_INTTYPES_H -DHAVE_SYS_IOCTL_H -DHAVE_SYS_PARAM_H -DHAVE_SYS_POLL_H -DHAVE_SYS_RESOURCE_H -DHAVE_SYS_SELECT_H -DHAVE_SYS_SOCKET_H -DHAVE_SYS_STAT_H -DHAVE_SYS_TIME_H -DHAVE_SYS_TYPES_H -DHAVE_SYS_UIO_H -DHAVE_SYS_UN_H -DHAVE_SYS_XATTR_H -DHAVE_ALLOCA_H -DHAVE_ARPA_INET_H -DHAVE_ARPA_TFTP_H -DHAVE_ASSERT_H -DHAVE_ERR_H -DHAVE_ERRNO_H -DHAVE_FCNTL_H -DHAVE_IFADDRS_H -DHAVE_LIBGEN_H -DHAVE_LOCALE_H -DHAVE_NET_IF_H -DHAVE_NETDB_H -DHAVE_NETINET_IN_H -DHAVE_NETINET_TCP_H -DHAVE_POLL_H -DHAVE_PWD_H -DHAVE_SETJMP_H -DHAVE_SGTTY_H -DHAVE_SIGNAL_H -DHAVE_STDBOOL_H -DHAVE_STDINT_H -DHAVE_STDIO_H -DHAVE_STDLIB_H -DHAVE_STRING_H -DHAVE_STRINGS_H -DHAVE_TERMIO_H -DHAVE_TERMIOS_H -DHAVE_TIME_H -DHAVE_UNISTD_H -DHAVE_UTIME_H -DHAVE_STDDEF_H -DHAVE_DLFCN_H -DHAVE_MALLOC_H -DHAVE_MEMORY_H -DHAVE_NETINET_IF_ETHER_H -DHAVE_STDINT_H -DHAVE_SYS_UTSNAME_H -std=gnu11 -o CMakeFiles/cmTC_62b42.dir/CurlTests.c.o -c /home/vboxuser/Desktop/IRT/eval_k_means_coresets_main/cmake-3.20.2/Utilities/cmcurl/CMake/CurlTests.c
/home/vboxuser/Desktop/IRT/eval_k_means_coresets_main/cmake-3.20.2/Utilities/cmcurl/CMake/CurlTests.c: In function ‘main’:
/home/vboxuser/Desktop/IRT/eval_k_means_coresets_main/cmake-3.20.2/Utilities/cmcurl/CMake/CurlTests.c:260:22: error: ‘inet_ntoa_r’ undeclared (first use in this function); did you mean ‘inet_ntoa’?
  260 |   func = (func_type)&inet_ntoa_r;
      |                      ^~~~~~~~~~~
      |                      inet_ntoa
/home/vboxuser/Desktop/IRT/eval_k_means_coresets_main/cmake-3.20.2/Utilities/cmcurl/CMake/CurlTests.c:260:22: note: each undeclared identifier is reported only once for each function it appears in
gmake[1]: *** [CMakeFiles/cmTC_62b42.dir/build.make:78: CMakeFiles/cmTC_62b42.dir/CurlTests.c.o] Error 1
gmake[1]: Leaving directory '/home/vboxuser/Desktop/IRT/eval_k_means_coresets_main/cmake-3.20.2/CMakeFiles/CMakeTmp'
gmake: *** [Makefile:127: cmTC_62b42/fast] Error 2


Performing Curl Test HAVE_GLIBC_STRERROR_R failed with the following output:
Change Dir: /home/vboxuser/Desktop/IRT/eval_k_means_coresets_main/cmake-3.20.2/CMakeFiles/CMakeTmp

Run Build Command(s):/usr/bin/gmake -f Makefile cmTC_3c001/fast && gmake  -f CMakeFiles/cmTC_3c001.dir/build.make CMakeFiles/cmTC_3c001.dir/build
gmake[1]: Entering directory '/home/vboxuser/Desktop/IRT/eval_k_means_coresets_main/cmake-3.20.2/CMakeFiles/CMakeTmp'
Building C object CMakeFiles/cmTC_3c001.dir/CurlTests.c.o
/usr/bin/gcc   -w -DHAVE_GLIBC_STRERROR_R  -DHAVE_STDIO_H -DHAVE_INTTYPES_H -DHAVE_SYS_IOCTL_H -DHAVE_SYS_PARAM_H -DHAVE_SYS_POLL_H -DHAVE_SYS_RESOURCE_H -DHAVE_SYS_SELECT_H -DHAVE_SYS_SOCKET_H -DHAVE_SYS_STAT_H -DHAVE_SYS_TIME_H -DHAVE_SYS_TYPES_H -DHAVE_SYS_UIO_H -DHAVE_SYS_UN_H -DHAVE_SYS_XATTR_H -DHAVE_ALLOCA_H -DHAVE_ARPA_INET_H -DHAVE_ARPA_TFTP_H -DHAVE_ASSERT_H -DHAVE_ERR_H -DHAVE_ERRNO_H -DHAVE_FCNTL_H -DHAVE_IFADDRS_H -DHAVE_LIBGEN_H -DHAVE_LOCALE_H -DHAVE_NET_IF_H -DHAVE_NETDB_H -DHAVE_NETINET_IN_H -DHAVE_NETINET_TCP_H -DHAVE_POLL_H -DHAVE_PWD_H -DHAVE_SETJMP_H -DHAVE_SGTTY_H -DHAVE_SIGNAL_H -DHAVE_STDBOOL_H -DHAVE_STDINT_H -DHAVE_STDIO_H -DHAVE_STDLIB_H -DHAVE_STRING_H -DHAVE_STRINGS_H -DHAVE_TERMIO_H -DHAVE_TERMIOS_H -DHAVE_TIME_H -DHAVE_UNISTD_H -DHAVE_UTIME_H -DHAVE_STDDEF_H -DHAVE_DLFCN_H -DHAVE_MALLOC_H -DHAVE_MEMORY_H -DHAVE_NETINET_IF_ETHER_H -DHAVE_STDINT_H -DHAVE_SYS_UTSNAME_H -std=gnu11 -o CMakeFiles/cmTC_3c001.dir/CurlTests.c.o -c /home/vboxuser/Desktop/IRT/eval_k_means_coresets_main/cmake-3.20.2/Utilities/cmcurl/CMake/CurlTests.c
/home/vboxuser/Desktop/IRT/eval_k_means_coresets_main/cmake-3.20.2/Utilities/cmcurl/CMake/CurlTests.c: In function ‘main’:
/home/vboxuser/Desktop/IRT/eval_k_means_coresets_main/cmake-3.20.2/Utilities/cmcurl/CMake/CurlTests.c:521:51: error: subscripted value is neither array nor pointer nor vector
  521 |   check(strerror_r(EACCES, buffer, sizeof(buffer))[0]);
      |                                                   ^
gmake[1]: *** [CMakeFiles/cmTC_3c001.dir/build.make:78: CMakeFiles/cmTC_3c001.dir/CurlTests.c.o] Error 1
gmake[1]: Leaving directory '/home/vboxuser/Desktop/IRT/eval_k_means_coresets_main/cmake-3.20.2/CMakeFiles/CMakeTmp'
gmake: *** [Makefile:127: cmTC_3c001/fast] Error 2


Performing Curl Test HAVE_BUILTIN_AVAILABLE failed with the following output:
Change Dir: /home/vboxuser/Desktop/IRT/eval_k_means_coresets_main/cmake-3.20.2/CMakeFiles/CMakeTmp

Run Build Command(s):/usr/bin/gmake -f Makefile cmTC_555b3/fast && gmake  -f CMakeFiles/cmTC_555b3.dir/build.make CMakeFiles/cmTC_555b3.dir/build
gmake[1]: Entering directory '/home/vboxuser/Desktop/IRT/eval_k_means_coresets_main/cmake-3.20.2/CMakeFiles/CMakeTmp'
Building C object CMakeFiles/cmTC_555b3.dir/CurlTests.c.o
/usr/bin/gcc   -w -DHAVE_BUILTIN_AVAILABLE  -DHAVE_STDIO_H -DHAVE_INTTYPES_H -DHAVE_SYS_IOCTL_H -DHAVE_SYS_PARAM_H -DHAVE_SYS_POLL_H -DHAVE_SYS_RESOURCE_H -DHAVE_SYS_SELECT_H -DHAVE_SYS_SOCKET_H -DHAVE_SYS_STAT_H -DHAVE_SYS_TIME_H -DHAVE_SYS_TYPES_H -DHAVE_SYS_UIO_H -DHAVE_SYS_UN_H -DHAVE_SYS_XATTR_H -DHAVE_ALLOCA_H -DHAVE_ARPA_INET_H -DHAVE_ARPA_TFTP_H -DHAVE_ASSERT_H -DHAVE_ERR_H -DHAVE_ERRNO_H -DHAVE_FCNTL_H -DHAVE_IFADDRS_H -DHAVE_LIBGEN_H -DHAVE_LOCALE_H -DHAVE_NET_IF_H -DHAVE_NETDB_H -DHAVE_NETINET_IN_H -DHAVE_NETINET_TCP_H -DHAVE_POLL_H -DHAVE_PWD_H -DHAVE_SETJMP_H -DHAVE_SGTTY_H -DHAVE_SIGNAL_H -DHAVE_STDBOOL_H -DHAVE_STDINT_H -DHAVE_STDIO_H -DHAVE_STDLIB_H -DHAVE_STRING_H -DHAVE_STRINGS_H -DHAVE_TERMIO_H -DHAVE_TERMIOS_H -DHAVE_TIME_H -DHAVE_UNISTD_H -DHAVE_UTIME_H -DHAVE_STDDEF_H -DHAVE_DLFCN_H -DHAVE_MALLOC_H -DHAVE_MEMORY_H -DHAVE_NETINET_IF_ETHER_H -DHAVE_STDINT_H -DHAVE_SYS_UTSNAME_H -std=gnu11 -o CMakeFiles/cmTC_555b3.dir/CurlTests.c.o -c /home/vboxuser/Desktop/IRT/eval_k_means_coresets_main/cmake-3.20.2/Utilities/cmcurl/CMake/CurlTests.c
/home/vboxuser/Desktop/IRT/eval_k_means_coresets_main/cmake-3.20.2/Utilities/cmcurl/CMake/CurlTests.c: In function ‘main’:
/home/vboxuser/Desktop/IRT/eval_k_means_coresets_main/cmake-3.20.2/Utilities/cmcurl/CMake/CurlTests.c:568:26: error: ‘macOS’ undeclared (first use in this function)
  568 |   if(__builtin_available(macOS 10.12, *)) {}
      |                          ^~~~~
/home/vboxuser/Desktop/IRT/eval_k_means_coresets_main/cmake-3.20.2/Utilities/cmcurl/CMake/CurlTests.c:568:26: note: each undeclared identifier is reported only once for each function it appears in
/home/vboxuser/Desktop/IRT/eval_k_means_coresets_main/cmake-3.20.2/Utilities/cmcurl/CMake/CurlTests.c:568:31: error: expected ‘)’ before numeric constant
  568 |   if(__builtin_available(macOS 10.12, *)) {}
      |                         ~     ^~~~~~
      |                               )
gmake[1]: *** [CMakeFiles/cmTC_555b3.dir/build.make:78: CMakeFiles/cmTC_555b3.dir/CurlTests.c.o] Error 1
gmake[1]: Leaving directory '/home/vboxuser/Desktop/IRT/eval_k_means_coresets_main/cmake-3.20.2/CMakeFiles/CMakeTmp'
gmake: *** [Makefile:127: cmTC_555b3/fast] Error 2


Determining if the arc4random_buf exist failed with the following output:
Change Dir: /home/vboxuser/Desktop/IRT/eval_k_means_coresets_main/cmake-3.20.2/CMakeFiles/CMakeTmp

Run Build Command(s):/usr/bin/gmake -f Makefile cmTC_199b8/fast && gmake  -f CMakeFiles/cmTC_199b8.dir/build.make CMakeFiles/cmTC_199b8.dir/build
gmake[1]: Entering directory '/home/vboxuser/Desktop/IRT/eval_k_means_coresets_main/cmake-3.20.2/CMakeFiles/CMakeTmp'
Building C object CMakeFiles/cmTC_199b8.dir/CheckSymbolExists.c.o
/usr/bin/gcc   -w  -std=gnu11 -o CMakeFiles/cmTC_199b8.dir/CheckSymbolExists.c.o -c /home/vboxuser/Desktop/IRT/eval_k_means_coresets_main/cmake-3.20.2/CMakeFiles/CMakeTmp/CheckSymbolExists.c
/home/vboxuser/Desktop/IRT/eval_k_means_coresets_main/cmake-3.20.2/CMakeFiles/CMakeTmp/CheckSymbolExists.c: In function ‘main’:
/home/vboxuser/Desktop/IRT/eval_k_means_coresets_main/cmake-3.20.2/CMakeFiles/CMakeTmp/CheckSymbolExists.c:8:19: error: ‘arc4random_buf’ undeclared (first use in this function)
    8 |   return ((int*)(&arc4random_buf))[argc];
      |                   ^~~~~~~~~~~~~~
/home/vboxuser/Desktop/IRT/eval_k_means_coresets_main/cmake-3.20.2/CMakeFiles/CMakeTmp/CheckSymbolExists.c:8:19: note: each undeclared identifier is reported only once for each function it appears in
gmake[1]: *** [CMakeFiles/cmTC_199b8.dir/build.make:78: CMakeFiles/cmTC_199b8.dir/CheckSymbolExists.c.o] Error 1
gmake[1]: Leaving directory '/home/vboxuser/Desktop/IRT/eval_k_means_coresets_main/cmake-3.20.2/CMakeFiles/CMakeTmp'
gmake: *** [Makefile:127: cmTC_199b8/fast] Error 2


File /home/vboxuser/Desktop/IRT/eval_k_means_coresets_main/cmake-3.20.2/CMakeFiles/CMakeTmp/CheckSymbolExists.c:
/* */
#include <stdlib.h>

int main(int argc, char** argv)
{
  (void)argv;
#ifndef arc4random_buf
  return ((int*)(&arc4random_buf))[argc];
#else
  (void)argc;
  return 0;
#endif
}
Determining if the arc4random exist failed with the following output:
Change Dir: /home/vboxuser/Desktop/IRT/eval_k_means_coresets_main/cmake-3.20.2/CMakeFiles/CMakeTmp

Run Build Command(s):/usr/bin/gmake -f Makefile cmTC_c4804/fast && gmake  -f CMakeFiles/cmTC_c4804.dir/build.make CMakeFiles/cmTC_c4804.dir/build
gmake[1]: Entering directory '/home/vboxuser/Desktop/IRT/eval_k_means_coresets_main/cmake-3.20.2/CMakeFiles/CMakeTmp'
Building C object CMakeFiles/cmTC_c4804.dir/CheckSymbolExists.c.o
/usr/bin/gcc   -w  -std=gnu11 -o CMakeFiles/cmTC_c4804.dir/CheckSymbolExists.c.o -c /home/vboxuser/Desktop/IRT/eval_k_means_coresets_main/cmake-3.20.2/CMakeFiles/CMakeTmp/CheckSymbolExists.c
/home/vboxuser/Desktop/IRT/eval_k_means_coresets_main/cmake-3.20.2/CMakeFiles/CMakeTmp/CheckSymbolExists.c: In function ‘main’:
/home/vboxuser/Desktop/IRT/eval_k_means_coresets_main/cmake-3.20.2/CMakeFiles/CMakeTmp/CheckSymbolExists.c:8:19: error: ‘arc4random’ undeclared (first use in this function); did you mean ‘srandom’?
    8 |   return ((int*)(&arc4random))[argc];
      |                   ^~~~~~~~~~
      |                   srandom
/home/vboxuser/Desktop/IRT/eval_k_means_coresets_main/cmake-3.20.2/CMakeFiles/CMakeTmp/CheckSymbolExists.c:8:19: note: each undeclared identifier is reported only once for each function it appears in
gmake[1]: *** [CMakeFiles/cmTC_c4804.dir/build.make:78: CMakeFiles/cmTC_c4804.dir/CheckSymbolExists.c.o] Error 1
gmake[1]: Leaving directory '/home/vboxuser/Desktop/IRT/eval_k_means_coresets_main/cmake-3.20.2/CMakeFiles/CMakeTmp'
gmake: *** [Makefile:127: cmTC_c4804/fast] Error 2


File /home/vboxuser/Desktop/IRT/eval_k_means_coresets_main/cmake-3.20.2/CMakeFiles/CMakeTmp/CheckSymbolExists.c:
/* */
#include <stdlib.h>

int main(int argc, char** argv)
{
  (void)argv;
#ifndef arc4random
  return ((int*)(&arc4random))[argc];
#else
  (void)argc;
  return 0;
#endif
}
Determining if the include file sys/sysctl.h exists failed with the following output:
Change Dir: /home/vboxuser/Desktop/IRT/eval_k_means_coresets_main/cmake-3.20.2/CMakeFiles/CMakeTmp

Run Build Command(s):/usr/bin/gmake -f Makefile cmTC_b3230/fast && gmake  -f CMakeFiles/cmTC_b3230.dir/build.make CMakeFiles/cmTC_b3230.dir/build
gmake[1]: Entering directory '/home/vboxuser/Desktop/IRT/eval_k_means_coresets_main/cmake-3.20.2/CMakeFiles/CMakeTmp'
Building C object CMakeFiles/cmTC_b3230.dir/CheckIncludeFile.c.o
/usr/bin/gcc   -std=gnu11 -o CMakeFiles/cmTC_b3230.dir/CheckIncludeFile.c.o -c /home/vboxuser/Desktop/IRT/eval_k_means_coresets_main/cmake-3.20.2/CMakeFiles/CMakeTmp/CheckIncludeFile.c
/home/vboxuser/Desktop/IRT/eval_k_means_coresets_main/cmake-3.20.2/CMakeFiles/CMakeTmp/CheckIncludeFile.c:1:10: fatal error: sys/sysctl.h: No such file or directory
    1 | #include <sys/sysctl.h>
      |          ^~~~~~~~~~~~~~
compilation terminated.
gmake[1]: *** [CMakeFiles/cmTC_b3230.dir/build.make:78: CMakeFiles/cmTC_b3230.dir/CheckIncludeFile.c.o] Error 1
gmake[1]: Leaving directory '/home/vboxuser/Desktop/IRT/eval_k_means_coresets_main/cmake-3.20.2/CMakeFiles/CMakeTmp'
gmake: *** [Makefile:127: cmTC_b3230/fast] Error 2



Determining if files sys/types.h;ctype.h;copyfile.h exist failed with the following output:
Change Dir: /home/vboxuser/Desktop/IRT/eval_k_means_coresets_main/cmake-3.20.2/CMakeFiles/CMakeTmp

Run Build Command(s):/usr/bin/gmake -f Makefile cmTC_d76c1/fast && gmake  -f CMakeFiles/cmTC_d76c1.dir/build.make CMakeFiles/cmTC_d76c1.dir/build
gmake[1]: Entering directory '/home/vboxuser/Desktop/IRT/eval_k_means_coresets_main/cmake-3.20.2/CMakeFiles/CMakeTmp'
Building C object CMakeFiles/cmTC_d76c1.dir/HAVE_COPYFILE_H.c.o
/usr/bin/gcc   -w  -std=gnu11 -o CMakeFiles/cmTC_d76c1.dir/HAVE_COPYFILE_H.c.o -c /home/vboxuser/Desktop/IRT/eval_k_means_coresets_main/cmake-3.20.2/CMakeFiles/CheckIncludeFiles/HAVE_COPYFILE_H.c
/home/vboxuser/Desktop/IRT/eval_k_means_coresets_main/cmake-3.20.2/CMakeFiles/CheckIncludeFiles/HAVE_COPYFILE_H.c:4:10: fatal error: copyfile.h: No such file or directory
    4 | #include <copyfile.h>
      |          ^~~~~~~~~~~~
compilation terminated.
gmake[1]: *** [CMakeFiles/cmTC_d76c1.dir/build.make:78: CMakeFiles/cmTC_d76c1.dir/HAVE_COPYFILE_H.c.o] Error 1
gmake[1]: Leaving directory '/home/vboxuser/Desktop/IRT/eval_k_means_coresets_main/cmake-3.20.2/CMakeFiles/CMakeTmp'
gmake: *** [Makefile:127: cmTC_d76c1/fast] Error 2


Source:
/* */
#include <sys/types.h>
#include <ctype.h>
#include <copyfile.h>


int main(void){return 0;}

Determining if files sys/types.h;ctype.h;direct.h exist failed with the following output:
Change Dir: /home/vboxuser/Desktop/IRT/eval_k_means_coresets_main/cmake-3.20.2/CMakeFiles/CMakeTmp

Run Build Command(s):/usr/bin/gmake -f Makefile cmTC_fdfcb/fast && gmake  -f CMakeFiles/cmTC_fdfcb.dir/build.make CMakeFiles/cmTC_fdfcb.dir/build
gmake[1]: Entering directory '/home/vboxuser/Desktop/IRT/eval_k_means_coresets_main/cmake-3.20.2/CMakeFiles/CMakeTmp'
Building C object CMakeFiles/cmTC_fdfcb.dir/HAVE_DIRECT_H.c.o
/usr/bin/gcc   -w  -std=gnu11 -o CMakeFiles/cmTC_fdfcb.dir/HAVE_DIRECT_H.c.o -c /home/vboxuser/Desktop/IRT/eval_k_means_coresets_main/cmake-3.20.2/CMakeFiles/CheckIncludeFiles/HAVE_DIRECT_H.c
/home/vboxuser/Desktop/IRT/eval_k_means_coresets_main/cmake-3.20.2/CMakeFiles/CheckIncludeFiles/HAVE_DIRECT_H.c:4:10: fatal error: direct.h: No such file or directory
    4 | #include <direct.h>
      |          ^~~~~~~~~~
compilation terminated.
gmake[1]: *** [CMakeFiles/cmTC_fdfcb.dir/build.make:78: CMakeFiles/cmTC_fdfcb.dir/HAVE_DIRECT_H.c.o] Error 1
gmake[1]: Leaving directory '/home/vboxuser/Desktop/IRT/eval_k_means_coresets_main/cmake-3.20.2/CMakeFiles/CMakeTmp'
gmake: *** [Makefile:127: cmTC_fdfcb/fast] Error 2


Source:
/* */
#include <sys/types.h>
#include <ctype.h>
#include <direct.h>


int main(void){return 0;}

Determining if files sys/types.h;ctype.h;dlfcn.h;errno.h;ext2fs/ext2_fs.h exist failed with the following output:
Change Dir: /home/vboxuser/Desktop/IRT/eval_k_means_coresets_main/cmake-3.20.2/CMakeFiles/CMakeTmp

Run Build Command(s):/usr/bin/gmake -f Makefile cmTC_1cb7a/fast && gmake  -f CMakeFiles/cmTC_1cb7a.dir/build.make CMakeFiles/cmTC_1cb7a.dir/build
gmake[1]: Entering directory '/home/vboxuser/Desktop/IRT/eval_k_means_coresets_main/cmake-3.20.2/CMakeFiles/CMakeTmp'
Building C object CMakeFiles/cmTC_1cb7a.dir/HAVE_EXT2FS_EXT2_FS_H.c.o
/usr/bin/gcc   -w  -std=gnu11 -o CMakeFiles/cmTC_1cb7a.dir/HAVE_EXT2FS_EXT2_FS_H.c.o -c /home/vboxuser/Desktop/IRT/eval_k_means_coresets_main/cmake-3.20.2/CMakeFiles/CheckIncludeFiles/HAVE_EXT2FS_EXT2_FS_H.c
/home/vboxuser/Desktop/IRT/eval_k_means_coresets_main/cmake-3.20.2/CMakeFiles/CheckIncludeFiles/HAVE_EXT2FS_EXT2_FS_H.c:6:10: fatal error: ext2fs/ext2_fs.h: No such file or directory
    6 | #include <ext2fs/ext2_fs.h>
      |          ^~~~~~~~~~~~~~~~~~
compilation terminated.
gmake[1]: *** [CMakeFiles/cmTC_1cb7a.dir/build.make:78: CMakeFiles/cmTC_1cb7a.dir/HAVE_EXT2FS_EXT2_FS_H.c.o] Error 1
gmake[1]: Leaving directory '/home/vboxuser/Desktop/IRT/eval_k_means_coresets_main/cmake-3.20.2/CMakeFiles/CMakeTmp'
gmake: *** [Makefile:127: cmTC_1cb7a/fast] Error 2


Source:
/* */
#include <sys/types.h>
#include <ctype.h>
#include <dlfcn.h>
#include <errno.h>
#include <ext2fs/ext2_fs.h>


int main(void){return 0;}

Performing C SOURCE FILE Test HAVE_WORKING_EXT2_IOC_GETFLAGS failed with the following output:
Change Dir: /home/vboxuser/Desktop/IRT/eval_k_means_coresets_main/cmake-3.20.2/CMakeFiles/CMakeTmp

Run Build Command(s):/usr/bin/gmake -f Makefile cmTC_457e5/fast && gmake  -f CMakeFiles/cmTC_457e5.dir/build.make CMakeFiles/cmTC_457e5.dir/build
gmake[1]: Entering directory '/home/vboxuser/Desktop/IRT/eval_k_means_coresets_main/cmake-3.20.2/CMakeFiles/CMakeTmp'
Building C object CMakeFiles/cmTC_457e5.dir/src.c.o
/usr/bin/gcc -DHAVE_WORKING_EXT2_IOC_GETFLAGS  -w  -std=gnu11 -o CMakeFiles/cmTC_457e5.dir/src.c.o -c /home/vboxuser/Desktop/IRT/eval_k_means_coresets_main/cmake-3.20.2/CMakeFiles/CMakeTmp/src.c
/home/vboxuser/Desktop/IRT/eval_k_means_coresets_main/cmake-3.20.2/CMakeFiles/CMakeTmp/src.c:2:10: fatal error: ext2fs/ext2_fs.h: No such file or directory
    2 | #include <ext2fs/ext2_fs.h>
      |          ^~~~~~~~~~~~~~~~~~
compilation terminated.
gmake[1]: *** [CMakeFiles/cmTC_457e5.dir/build.make:78: CMakeFiles/cmTC_457e5.dir/src.c.o] Error 1
gmake[1]: Leaving directory '/home/vboxuser/Desktop/IRT/eval_k_means_coresets_main/cmake-3.20.2/CMakeFiles/CMakeTmp'
gmake: *** [Makefile:127: cmTC_457e5/fast] Error 2


Source file was:
#include <sys/ioctl.h>
#include <ext2fs/ext2_fs.h>
int main(void) { return EXT2_IOC_GETFLAGS; }
Determining if files sys/types.h;ctype.h;dlfcn.h;errno.h;fcntl.h;grp.h;langinfo.h;limits.h;linux/types.h;linux/fiemap.h;linux/fs.h;linux/magic.h;locale.h;membership.h exist failed with the following output:
Change Dir: /home/vboxuser/Desktop/IRT/eval_k_means_coresets_main/cmake-3.20.2/CMakeFiles/CMakeTmp

Run Build Command(s):/usr/bin/gmake -f Makefile cmTC_ad5d0/fast && gmake  -f CMakeFiles/cmTC_ad5d0.dir/build.make CMakeFiles/cmTC_ad5d0.dir/build
gmake[1]: Entering directory '/home/vboxuser/Desktop/IRT/eval_k_means_coresets_main/cmake-3.20.2/CMakeFiles/CMakeTmp'
Building C object CMakeFiles/cmTC_ad5d0.dir/HAVE_MEMBERSHIP_H.c.o
/usr/bin/gcc   -w  -std=gnu11 -o CMakeFiles/cmTC_ad5d0.dir/HAVE_MEMBERSHIP_H.c.o -c /home/vboxuser/Desktop/IRT/eval_k_means_coresets_main/cmake-3.20.2/CMakeFiles/CheckIncludeFiles/HAVE_MEMBERSHIP_H.c
/home/vboxuser/Desktop/IRT/eval_k_means_coresets_main/cmake-3.20.2/CMakeFiles/CheckIncludeFiles/HAVE_MEMBERSHIP_H.c:15:10: fatal error: membership.h: No such file or directory
   15 | #include <membership.h>
      |          ^~~~~~~~~~~~~~
compilation terminated.
gmake[1]: *** [CMakeFiles/cmTC_ad5d0.dir/build.make:78: CMakeFiles/cmTC_ad5d0.dir/HAVE_MEMBERSHIP_H.c.o] Error 1
gmake[1]: Leaving directory '/home/vboxuser/Desktop/IRT/eval_k_means_coresets_main/cmake-3.20.2/CMakeFiles/CMakeTmp'
gmake: *** [Makefile:127: cmTC_ad5d0/fast] Error 2


Source:
/* */
#include <sys/types.h>
#include <ctype.h>
#include <dlfcn.h>
#include <errno.h>
#include <fcntl.h>
#include <grp.h>
#include <langinfo.h>
#include <limits.h>
#include <linux/types.h>
#include <linux/fiemap.h>
#include <linux/fs.h>
#include <linux/magic.h>
#include <locale.h>
#include <membership.h>


int main(void){return 0;}

Determining if files sys/types.h;ctype.h;dlfcn.h;errno.h;fcntl.h;grp.h;langinfo.h;limits.h;linux/types.h;linux/fiemap.h;linux/fs.h;linux/magic.h;locale.h;memory.h;paths.h;poll.h;pthread.h;pwd.h;readpassphrase.h exist failed with the following output:
Change Dir: /home/vboxuser/Desktop/IRT/eval_k_means_coresets_main/cmake-3.20.2/CMakeFiles/CMakeTmp

Run Build Command(s):/usr/bin/gmake -f Makefile cmTC_f5f95/fast && gmake  -f CMakeFiles/cmTC_f5f95.dir/build.make CMakeFiles/cmTC_f5f95.dir/build
gmake[1]: Entering directory '/home/vboxuser/Desktop/IRT/eval_k_means_coresets_main/cmake-3.20.2/CMakeFiles/CMakeTmp'
Building C object CMakeFiles/cmTC_f5f95.dir/HAVE_READPASSPHRASE_H.c.o
/usr/bin/gcc   -w  -std=gnu11 -o CMakeFiles/cmTC_f5f95.dir/HAVE_READPASSPHRASE_H.c.o -c /home/vboxuser/Desktop/IRT/eval_k_means_coresets_main/cmake-3.20.2/CMakeFiles/CheckIncludeFiles/HAVE_READPASSPHRASE_H.c
/home/vboxuser/Desktop/IRT/eval_k_means_coresets_main/cmake-3.20.2/CMakeFiles/CheckIncludeFiles/HAVE_READPASSPHRASE_H.c:20:10: fatal error: readpassphrase.h: No such file or directory
   20 | #include <readpassphrase.h>
      |          ^~~~~~~~~~~~~~~~~~
compilation terminated.
gmake[1]: *** [CMakeFiles/cmTC_f5f95.dir/build.make:78: CMakeFiles/cmTC_f5f95.dir/HAVE_READPASSPHRASE_H.c.o] Error 1
gmake[1]: Leaving directory '/home/vboxuser/Desktop/IRT/eval_k_means_coresets_main/cmake-3.20.2/CMakeFiles/CMakeTmp'
gmake: *** [Makefile:127: cmTC_f5f95/fast] Error 2


Source:
/* */
#include <sys/types.h>
#include <ctype.h>
#include <dlfcn.h>
#include <errno.h>
#include <fcntl.h>
#include <grp.h>
#include <langinfo.h>
#include <limits.h>
#include <linux/types.h>
#include <linux/fiemap.h>
#include <linux/fs.h>
#include <linux/magic.h>
#include <locale.h>
#include <memory.h>
#include <paths.h>
#include <poll.h>
#include <pthread.h>
#include <pwd.h>
#include <readpassphrase.h>


int main(void){return 0;}

Determining if files sys/types.h;ctype.h;dlfcn.h;errno.h;fcntl.h;grp.h;langinfo.h;limits.h;linux/types.h;linux/fiemap.h;linux/fs.h;linux/magic.h;locale.h;memory.h;paths.h;poll.h;pthread.h;pwd.h;regex.h;signal.h;spawn.h;stdarg.h;stdlib.h;string.h;strings.h;sys/acl.h exist failed with the following output:
Change Dir: /home/vboxuser/Desktop/IRT/eval_k_means_coresets_main/cmake-3.20.2/CMakeFiles/CMakeTmp

Run Build Command(s):/usr/bin/gmake -f Makefile cmTC_06462/fast && gmake  -f CMakeFiles/cmTC_06462.dir/build.make CMakeFiles/cmTC_06462.dir/build
gmake[1]: Entering directory '/home/vboxuser/Desktop/IRT/eval_k_means_coresets_main/cmake-3.20.2/CMakeFiles/CMakeTmp'
Building C object CMakeFiles/cmTC_06462.dir/HAVE_SYS_ACL_H.c.o
/usr/bin/gcc   -w  -std=gnu11 -o CMakeFiles/cmTC_06462.dir/HAVE_SYS_ACL_H.c.o -c /home/vboxuser/Desktop/IRT/eval_k_means_coresets_main/cmake-3.20.2/CMakeFiles/CheckIncludeFiles/HAVE_SYS_ACL_H.c
/home/vboxuser/Desktop/IRT/eval_k_means_coresets_main/cmake-3.20.2/CMakeFiles/CheckIncludeFiles/HAVE_SYS_ACL_H.c:27:10: fatal error: sys/acl.h: No such file or directory
   27 | #include <sys/acl.h>
      |          ^~~~~~~~~~~
compilation terminated.
gmake[1]: *** [CMakeFiles/cmTC_06462.dir/build.make:78: CMakeFiles/cmTC_06462.dir/HAVE_SYS_ACL_H.c.o] Error 1
gmake[1]: Leaving directory '/home/vboxuser/Desktop/IRT/eval_k_means_coresets_main/cmake-3.20.2/CMakeFiles/CMakeTmp'
gmake: *** [Makefile:127: cmTC_06462/fast] Error 2


Source:
/* */
#include <sys/types.h>
#include <ctype.h>
#include <dlfcn.h>
#include <errno.h>
#include <fcntl.h>
#include <grp.h>
#include <langinfo.h>
#include <limits.h>
#include <linux/types.h>
#include <linux/fiemap.h>
#include <linux/fs.h>
#include <linux/magic.h>
#include <locale.h>
#include <memory.h>
#include <paths.h>
#include <poll.h>
#include <pthread.h>
#include <pwd.h>
#include <regex.h>
#include <signal.h>
#include <spawn.h>
#include <stdarg.h>
#include <stdlib.h>
#include <string.h>
#include <strings.h>
#include <sys/acl.h>


int main(void){return 0;}

Determining if files sys/types.h;ctype.h;dlfcn.h;errno.h;fcntl.h;grp.h;langinfo.h;limits.h;linux/types.h;linux/fiemap.h;linux/fs.h;linux/magic.h;locale.h;memory.h;paths.h;poll.h;pthread.h;pwd.h;regex.h;signal.h;spawn.h;stdarg.h;stdlib.h;string.h;strings.h;sys/cdefs.h;sys/extattr.h exist failed with the following output:
Change Dir: /home/vboxuser/Desktop/IRT/eval_k_means_coresets_main/cmake-3.20.2/CMakeFiles/CMakeTmp

Run Build Command(s):/usr/bin/gmake -f Makefile cmTC_e637f/fast && gmake  -f CMakeFiles/cmTC_e637f.dir/build.make CMakeFiles/cmTC_e637f.dir/build
gmake[1]: Entering directory '/home/vboxuser/Desktop/IRT/eval_k_means_coresets_main/cmake-3.20.2/CMakeFiles/CMakeTmp'
Building C object CMakeFiles/cmTC_e637f.dir/HAVE_SYS_EXTATTR_H.c.o
/usr/bin/gcc   -w  -std=gnu11 -o CMakeFiles/cmTC_e637f.dir/HAVE_SYS_EXTATTR_H.c.o -c /home/vboxuser/Desktop/IRT/eval_k_means_coresets_main/cmake-3.20.2/CMakeFiles/CheckIncludeFiles/HAVE_SYS_EXTATTR_H.c
/home/vboxuser/Desktop/IRT/eval_k_means_coresets_main/cmake-3.20.2/CMakeFiles/CheckIncludeFiles/HAVE_SYS_EXTATTR_H.c:28:10: fatal error: sys/extattr.h: No such file or directory
   28 | #include <sys/extattr.h>
      |          ^~~~~~~~~~~~~~~
compilation terminated.
gmake[1]: *** [CMakeFiles/cmTC_e637f.dir/build.make:78: CMakeFiles/cmTC_e637f.dir/HAVE_SYS_EXTATTR_H.c.o] Error 1
gmake[1]: Leaving directory '/home/vboxuser/Desktop/IRT/eval_k_means_coresets_main/cmake-3.20.2/CMakeFiles/CMakeTmp'
gmake: *** [Makefile:127: cmTC_e637f/fast] Error 2


Source:
/* */
#include <sys/types.h>
#include <ctype.h>
#include <dlfcn.h>
#include <errno.h>
#include <fcntl.h>
#include <grp.h>
#include <langinfo.h>
#include <limits.h>
#include <linux/types.h>
#include <linux/fiemap.h>
#include <linux/fs.h>
#include <linux/magic.h>
#include <locale.h>
#include <memory.h>
#include <paths.h>
#include <poll.h>
#include <pthread.h>
#include <pwd.h>
#include <regex.h>
#include <signal.h>
#include <spawn.h>
#include <stdarg.h>
#include <stdlib.h>
#include <string.h>
#include <strings.h>
#include <sys/cdefs.h>
#include <sys/extattr.h>


int main(void){return 0;}

Determining if files sys/types.h;ctype.h;dlfcn.h;errno.h;fcntl.h;grp.h;langinfo.h;limits.h;linux/types.h;linux/fiemap.h;linux/fs.h;linux/magic.h;locale.h;memory.h;paths.h;poll.h;pthread.h;pwd.h;regex.h;signal.h;spawn.h;stdarg.h;stdlib.h;string.h;strings.h;sys/cdefs.h;sys/ioctl.h;sys/mkdev.h exist failed with the following output:
Change Dir: /home/vboxuser/Desktop/IRT/eval_k_means_coresets_main/cmake-3.20.2/CMakeFiles/CMakeTmp

Run Build Command(s):/usr/bin/gmake -f Makefile cmTC_30c8c/fast && gmake  -f CMakeFiles/cmTC_30c8c.dir/build.make CMakeFiles/cmTC_30c8c.dir/build
gmake[1]: Entering directory '/home/vboxuser/Desktop/IRT/eval_k_means_coresets_main/cmake-3.20.2/CMakeFiles/CMakeTmp'
Building C object CMakeFiles/cmTC_30c8c.dir/HAVE_SYS_MKDEV_H.c.o
/usr/bin/gcc   -w  -std=gnu11 -o CMakeFiles/cmTC_30c8c.dir/HAVE_SYS_MKDEV_H.c.o -c /home/vboxuser/Desktop/IRT/eval_k_means_coresets_main/cmake-3.20.2/CMakeFiles/CheckIncludeFiles/HAVE_SYS_MKDEV_H.c
/home/vboxuser/Desktop/IRT/eval_k_means_coresets_main/cmake-3.20.2/CMakeFiles/CheckIncludeFiles/HAVE_SYS_MKDEV_H.c:29:10: fatal error: sys/mkdev.h: No such file or directory
   29 | #include <sys/mkdev.h>
      |          ^~~~~~~~~~~~~
compilation terminated.
gmake[1]: *** [CMakeFiles/cmTC_30c8c.dir/build.make:78: CMakeFiles/cmTC_30c8c.dir/HAVE_SYS_MKDEV_H.c.o] Error 1
gmake[1]: Leaving directory '/home/vboxuser/Desktop/IRT/eval_k_means_coresets_main/cmake-3.20.2/CMakeFiles/CMakeTmp'
gmake: *** [Makefile:127: cmTC_30c8c/fast] Error 2


Source:
/* */
#include <sys/types.h>
#include <ctype.h>
#include <dlfcn.h>
#include <errno.h>
#include <fcntl.h>
#include <grp.h>
#include <langinfo.h>
#include <limits.h>
#include <linux/types.h>
#include <linux/fiemap.h>
#include <linux/fs.h>
#include <linux/magic.h>
#include <locale.h>
#include <memory.h>
#include <paths.h>
#include <poll.h>
#include <pthread.h>
#include <pwd.h>
#include <regex.h>
#include <signal.h>
#include <spawn.h>
#include <stdarg.h>
#include <stdlib.h>
#include <string.h>
#include <strings.h>
#include <sys/cdefs.h>
#include <sys/ioctl.h>
#include <sys/mkdev.h>


int main(void){return 0;}

Determining if files sys/types.h;ctype.h;dlfcn.h;errno.h;fcntl.h;grp.h;langinfo.h;limits.h;linux/types.h;linux/fiemap.h;linux/fs.h;linux/magic.h;locale.h;memory.h;paths.h;poll.h;pthread.h;pwd.h;regex.h;signal.h;spawn.h;stdarg.h;stdlib.h;string.h;strings.h;sys/cdefs.h;sys/ioctl.h;sys/mount.h exist failed with the following output:
Change Dir: /home/vboxuser/Desktop/IRT/eval_k_means_coresets_main/cmake-3.20.2/CMakeFiles/CMakeTmp

Run Build Command(s):/usr/bin/gmake -f Makefile cmTC_aefc0/fast && gmake  -f CMakeFiles/cmTC_aefc0.dir/build.make CMakeFiles/cmTC_aefc0.dir/build
gmake[1]: Entering directory '/home/vboxuser/Desktop/IRT/eval_k_means_coresets_main/cmake-3.20.2/CMakeFiles/CMakeTmp'
Building C object CMakeFiles/cmTC_aefc0.dir/HAVE_SYS_MOUNT_H.c.o
/usr/bin/gcc   -w  -std=gnu11 -o CMakeFiles/cmTC_aefc0.dir/HAVE_SYS_MOUNT_H.c.o -c /home/vboxuser/Desktop/IRT/eval_k_means_coresets_main/cmake-3.20.2/CMakeFiles/CheckIncludeFiles/HAVE_SYS_MOUNT_H.c
In file included from /usr/include/linux/fs.h:19,
                 from /home/vboxuser/Desktop/IRT/eval_k_means_coresets_main/cmake-3.20.2/CMakeFiles/CheckIncludeFiles/HAVE_SYS_MOUNT_H.c:12:
/usr/include/x86_64-linux-gnu/sys/mount.h:35:3: error: expected identifier before numeric constant
   35 |   MS_RDONLY = 1,                /* Mount read-only.  */
      |   ^~~~~~~~~
gmake[1]: *** [CMakeFiles/cmTC_aefc0.dir/build.make:78: CMakeFiles/cmTC_aefc0.dir/HAVE_SYS_MOUNT_H.c.o] Error 1
gmake[1]: Leaving directory '/home/vboxuser/Desktop/IRT/eval_k_means_coresets_main/cmake-3.20.2/CMakeFiles/CMakeTmp'
gmake: *** [Makefile:127: cmTC_aefc0/fast] Error 2


Source:
/* */
#include <sys/types.h>
#include <ctype.h>
#include <dlfcn.h>
#include <errno.h>
#include <fcntl.h>
#include <grp.h>
#include <langinfo.h>
#include <limits.h>
#include <linux/types.h>
#include <linux/fiemap.h>
#include <linux/fs.h>
#include <linux/magic.h>
#include <locale.h>
#include <memory.h>
#include <paths.h>
#include <poll.h>
#include <pthread.h>
#include <pwd.h>
#include <regex.h>
#include <signal.h>
#include <spawn.h>
#include <stdarg.h>
#include <stdlib.h>
#include <string.h>
#include <strings.h>
#include <sys/cdefs.h>
#include <sys/ioctl.h>
#include <sys/mount.h>


int main(void){return 0;}

Determining if files sys/types.h;ctype.h;dlfcn.h;errno.h;fcntl.h;grp.h;langinfo.h;limits.h;linux/types.h;linux/fiemap.h;linux/fs.h;linux/magic.h;locale.h;memory.h;paths.h;poll.h;pthread.h;pwd.h;regex.h;signal.h;spawn.h;stdarg.h;stdlib.h;string.h;strings.h;sys/cdefs.h;sys/ioctl.h;sys/param.h;sys/poll.h;sys/richacl.h exist failed with the following output:
Change Dir: /home/vboxuser/Desktop/IRT/eval_k_means_coresets_main/cmake-3.20.2/CMakeFiles/CMakeTmp

Run Build Command(s):/usr/bin/gmake -f Makefile cmTC_e34ee/fast && gmake  -f CMakeFiles/cmTC_e34ee.dir/build.make CMakeFiles/cmTC_e34ee.dir/build
gmake[1]: Entering directory '/home/vboxuser/Desktop/IRT/eval_k_means_coresets_main/cmake-3.20.2/CMakeFiles/CMakeTmp'
Building C object CMakeFiles/cmTC_e34ee.dir/HAVE_SYS_RICHACL_H.c.o
/usr/bin/gcc   -w  -std=gnu11 -o CMakeFiles/cmTC_e34ee.dir/HAVE_SYS_RICHACL_H.c.o -c /home/vboxuser/Desktop/IRT/eval_k_means_coresets_main/cmake-3.20.2/CMakeFiles/CheckIncludeFiles/HAVE_SYS_RICHACL_H.c
/home/vboxuser/Desktop/IRT/eval_k_means_coresets_main/cmake-3.20.2/CMakeFiles/CheckIncludeFiles/HAVE_SYS_RICHACL_H.c:31:10: fatal error: sys/richacl.h: No such file or directory
   31 | #include <sys/richacl.h>
      |          ^~~~~~~~~~~~~~~
compilation terminated.
gmake[1]: *** [CMakeFiles/cmTC_e34ee.dir/build.make:78: CMakeFiles/cmTC_e34ee.dir/HAVE_SYS_RICHACL_H.c.o] Error 1
gmake[1]: Leaving directory '/home/vboxuser/Desktop/IRT/eval_k_means_coresets_main/cmake-3.20.2/CMakeFiles/CMakeTmp'
gmake: *** [Makefile:127: cmTC_e34ee/fast] Error 2


Source:
/* */
#include <sys/types.h>
#include <ctype.h>
#include <dlfcn.h>
#include <errno.h>
#include <fcntl.h>
#include <grp.h>
#include <langinfo.h>
#include <limits.h>
#include <linux/types.h>
#include <linux/fiemap.h>
#include <linux/fs.h>
#include <linux/magic.h>
#include <locale.h>
#include <memory.h>
#include <paths.h>
#include <poll.h>
#include <pthread.h>
#include <pwd.h>
#include <regex.h>
#include <signal.h>
#include <spawn.h>
#include <stdarg.h>
#include <stdlib.h>
#include <string.h>
#include <strings.h>
#include <sys/cdefs.h>
#include <sys/ioctl.h>
#include <sys/param.h>
#include <sys/poll.h>
#include <sys/richacl.h>


int main(void){return 0;}

Determining if files sys/types.h;ctype.h;dlfcn.h;errno.h;fcntl.h;grp.h;langinfo.h;limits.h;linux/types.h;linux/fiemap.h;linux/fs.h;linux/magic.h;locale.h;memory.h;paths.h;poll.h;pthread.h;pwd.h;regex.h;signal.h;spawn.h;stdarg.h;stdlib.h;string.h;strings.h;sys/cdefs.h;sys/ioctl.h;sys/param.h;sys/poll.h;sys/select.h;sys/stat.h;sys/statfs.h;sys/statvfs.h;sys/sysmacros.h;sys/time.h;sys/utsname.h;sys/vfs.h;sys/wait.h;sys/xattr.h;time.h;unistd.h;utime.h;wchar.h;wctype.h;windows.h exist failed with the following output:
Change Dir: /home/vboxuser/Desktop/IRT/eval_k_means_coresets_main/cmake-3.20.2/CMakeFiles/CMakeTmp

Run Build Command(s):/usr/bin/gmake -f Makefile cmTC_03388/fast && gmake  -f CMakeFiles/cmTC_03388.dir/build.make CMakeFiles/cmTC_03388.dir/build
gmake[1]: Entering directory '/home/vboxuser/Desktop/IRT/eval_k_means_coresets_main/cmake-3.20.2/CMakeFiles/CMakeTmp'
Building C object CMakeFiles/cmTC_03388.dir/HAVE_WINDOWS_H.c.o
/usr/bin/gcc   -w  -std=gnu11 -o CMakeFiles/cmTC_03388.dir/HAVE_WINDOWS_H.c.o -c /home/vboxuser/Desktop/IRT/eval_k_means_coresets_main/cmake-3.20.2/CMakeFiles/CheckIncludeFiles/HAVE_WINDOWS_H.c
/home/vboxuser/Desktop/IRT/eval_k_means_coresets_main/cmake-3.20.2/CMakeFiles/CheckIncludeFiles/HAVE_WINDOWS_H.c:46:10: fatal error: windows.h: No such file or directory
   46 | #include <windows.h>
      |          ^~~~~~~~~~~
compilation terminated.
gmake[1]: *** [CMakeFiles/cmTC_03388.dir/build.make:78: CMakeFiles/cmTC_03388.dir/HAVE_WINDOWS_H.c.o] Error 1
gmake[1]: Leaving directory '/home/vboxuser/Desktop/IRT/eval_k_means_coresets_main/cmake-3.20.2/CMakeFiles/CMakeTmp'
gmake: *** [Makefile:127: cmTC_03388/fast] Error 2


Source:
/* */
#include <sys/types.h>
#include <ctype.h>
#include <dlfcn.h>
#include <errno.h>
#include <fcntl.h>
#include <grp.h>
#include <langinfo.h>
#include <limits.h>
#include <linux/types.h>
#include <linux/fiemap.h>
#include <linux/fs.h>
#include <linux/magic.h>
#include <locale.h>
#include <memory.h>
#include <paths.h>
#include <poll.h>
#include <pthread.h>
#include <pwd.h>
#include <regex.h>
#include <signal.h>
#include <spawn.h>
#include <stdarg.h>
#include <stdlib.h>
#include <string.h>
#include <strings.h>
#include <sys/cdefs.h>
#include <sys/ioctl.h>
#include <sys/param.h>
#include <sys/poll.h>
#include <sys/select.h>
#include <sys/stat.h>
#include <sys/statfs.h>
#include <sys/statvfs.h>
#include <sys/sysmacros.h>
#include <sys/time.h>
#include <sys/utsname.h>
#include <sys/vfs.h>
#include <sys/wait.h>
#include <sys/xattr.h>
#include <time.h>
#include <unistd.h>
#include <utime.h>
#include <wchar.h>
#include <wctype.h>
#include <windows.h>


int main(void){return 0;}

Determining if files sys/types.h;ctype.h;dlfcn.h;errno.h;fcntl.h;grp.h;langinfo.h;limits.h;linux/types.h;linux/fiemap.h;linux/fs.h;linux/magic.h;locale.h;memory.h;paths.h;poll.h;pthread.h;pwd.h;regex.h;signal.h;spawn.h;stdarg.h;stdlib.h;string.h;strings.h;sys/cdefs.h;sys/ioctl.h;sys/param.h;sys/poll.h;sys/select.h;sys/stat.h;sys/statfs.h;sys/statvfs.h;sys/sysmacros.h;sys/time.h;sys/utsname.h;sys/vfs.h;sys/wait.h;sys/xattr.h;time.h;unistd.h;utime.h;wchar.h;wctype.h;wincrypt.h exist failed with the following output:
Change Dir: /home/vboxuser/Desktop/IRT/eval_k_means_coresets_main/cmake-3.20.2/CMakeFiles/CMakeTmp

Run Build Command(s):/usr/bin/gmake -f Makefile cmTC_71b40/fast && gmake  -f CMakeFiles/cmTC_71b40.dir/build.make CMakeFiles/cmTC_71b40.dir/build
gmake[1]: Entering directory '/home/vboxuser/Desktop/IRT/eval_k_means_coresets_main/cmake-3.20.2/CMakeFiles/CMakeTmp'
Building C object CMakeFiles/cmTC_71b40.dir/HAVE_WINCRYPT_H.c.o
/usr/bin/gcc   -w  -std=gnu11 -o CMakeFiles/cmTC_71b40.dir/HAVE_WINCRYPT_H.c.o -c /home/vboxuser/Desktop/IRT/eval_k_means_coresets_main/cmake-3.20.2/CMakeFiles/CheckIncludeFiles/HAVE_WINCRYPT_H.c
/home/vboxuser/Desktop/IRT/eval_k_means_coresets_main/cmake-3.20.2/CMakeFiles/CheckIncludeFiles/HAVE_WINCRYPT_H.c:46:10: fatal error: wincrypt.h: No such file or directory
   46 | #include <wincrypt.h>
      |          ^~~~~~~~~~~~
compilation terminated.
gmake[1]: *** [CMakeFiles/cmTC_71b40.dir/build.make:78: CMakeFiles/cmTC_71b40.dir/HAVE_WINCRYPT_H.c.o] Error 1
gmake[1]: Leaving directory '/home/vboxuser/Desktop/IRT/eval_k_means_coresets_main/cmake-3.20.2/CMakeFiles/CMakeTmp'
gmake: *** [Makefile:127: cmTC_71b40/fast] Error 2


Source:
/* */
#include <sys/types.h>
#include <ctype.h>
#include <dlfcn.h>
#include <errno.h>
#include <fcntl.h>
#include <grp.h>
#include <langinfo.h>
#include <limits.h>
#include <linux/types.h>
#include <linux/fiemap.h>
#include <linux/fs.h>
#include <linux/magic.h>
#include <locale.h>
#include <memory.h>
#include <paths.h>
#include <poll.h>
#include <pthread.h>
#include <pwd.h>
#include <regex.h>
#include <signal.h>
#include <spawn.h>
#include <stdarg.h>
#include <stdlib.h>
#include <string.h>
#include <strings.h>
#include <sys/cdefs.h>
#include <sys/ioctl.h>
#include <sys/param.h>
#include <sys/poll.h>
#include <sys/select.h>
#include <sys/stat.h>
#include <sys/statfs.h>
#include <sys/statvfs.h>
#include <sys/sysmacros.h>
#include <sys/time.h>
#include <sys/utsname.h>
#include <sys/vfs.h>
#include <sys/wait.h>
#include <sys/xattr.h>
#include <time.h>
#include <unistd.h>
#include <utime.h>
#include <wchar.h>
#include <wctype.h>
#include <wincrypt.h>


int main(void){return 0;}

Determining if files sys/types.h;ctype.h;dlfcn.h;errno.h;fcntl.h;grp.h;langinfo.h;limits.h;linux/types.h;linux/fiemap.h;linux/fs.h;linux/magic.h;locale.h;memory.h;paths.h;poll.h;pthread.h;pwd.h;regex.h;signal.h;spawn.h;stdarg.h;stdlib.h;string.h;strings.h;sys/cdefs.h;sys/ioctl.h;sys/param.h;sys/poll.h;sys/select.h;sys/stat.h;sys/statfs.h;sys/statvfs.h;sys/sysmacros.h;sys/time.h;sys/utsname.h;sys/vfs.h;sys/wait.h;sys/xattr.h;time.h;unistd.h;utime.h;wchar.h;wctype.h;winioctl.h exist failed with the following output:
Change Dir: /home/vboxuser/Desktop/IRT/eval_k_means_coresets_main/cmake-3.20.2/CMakeFiles/CMakeTmp

Run Build Command(s):/usr/bin/gmake -f Makefile cmTC_974e5/fast && gmake  -f CMakeFiles/cmTC_974e5.dir/build.make CMakeFiles/cmTC_974e5.dir/build
gmake[1]: Entering directory '/home/vboxuser/Desktop/IRT/eval_k_means_coresets_main/cmake-3.20.2/CMakeFiles/CMakeTmp'
Building C object CMakeFiles/cmTC_974e5.dir/HAVE_WINIOCTL_H.c.o
/usr/bin/gcc   -w  -std=gnu11 -o CMakeFiles/cmTC_974e5.dir/HAVE_WINIOCTL_H.c.o -c /home/vboxuser/Desktop/IRT/eval_k_means_coresets_main/cmake-3.20.2/CMakeFiles/CheckIncludeFiles/HAVE_WINIOCTL_H.c
/home/vboxuser/Desktop/IRT/eval_k_means_coresets_main/cmake-3.20.2/CMakeFiles/CheckIncludeFiles/HAVE_WINIOCTL_H.c:46:10: fatal error: winioctl.h: No such file or directory
   46 | #include <winioctl.h>
      |          ^~~~~~~~~~~~
compilation terminated.
gmake[1]: *** [CMakeFiles/cmTC_974e5.dir/build.make:78: CMakeFiles/cmTC_974e5.dir/HAVE_WINIOCTL_H.c.o] Error 1
gmake[1]: Leaving directory '/home/vboxuser/Desktop/IRT/eval_k_means_coresets_main/cmake-3.20.2/CMakeFiles/CMakeTmp'
gmake: *** [Makefile:127: cmTC_974e5/fast] Error 2


Source:
/* */
#include <sys/types.h>
#include <ctype.h>
#include <dlfcn.h>
#include <errno.h>
#include <fcntl.h>
#include <grp.h>
#include <langinfo.h>
#include <limits.h>
#include <linux/types.h>
#include <linux/fiemap.h>
#include <linux/fs.h>
#include <linux/magic.h>
#include <locale.h>
#include <memory.h>
#include <paths.h>
#include <poll.h>
#include <pthread.h>
#include <pwd.h>
#include <regex.h>
#include <signal.h>
#include <spawn.h>
#include <stdarg.h>
#include <stdlib.h>
#include <string.h>
#include <strings.h>
#include <sys/cdefs.h>
#include <sys/ioctl.h>
#include <sys/param.h>
#include <sys/poll.h>
#include <sys/select.h>
#include <sys/stat.h>
#include <sys/statfs.h>
#include <sys/statvfs.h>
#include <sys/sysmacros.h>
#include <sys/time.h>
#include <sys/utsname.h>
#include <sys/vfs.h>
#include <sys/wait.h>
#include <sys/xattr.h>
#include <time.h>
#include <unistd.h>
#include <utime.h>
#include <wchar.h>
#include <wctype.h>
#include <winioctl.h>


int main(void){return 0;}

Determining if the function getvfsbyname exists failed with the following output:
Change Dir: /home/vboxuser/Desktop/IRT/eval_k_means_coresets_main/cmake-3.20.2/CMakeFiles/CMakeTmp

Run Build Command(s):/usr/bin/gmake -f Makefile cmTC_92879/fast && gmake  -f CMakeFiles/cmTC_92879.dir/build.make CMakeFiles/cmTC_92879.dir/build
gmake[1]: Entering directory '/home/vboxuser/Desktop/IRT/eval_k_means_coresets_main/cmake-3.20.2/CMakeFiles/CMakeTmp'
Building C object CMakeFiles/cmTC_92879.dir/CheckFunctionExists.c.o
/usr/bin/gcc   -w -DCHECK_FUNCTION_EXISTS=getvfsbyname  -fno-builtin -std=gnu11 -o CMakeFiles/cmTC_92879.dir/CheckFunctionExists.c.o -c /home/vboxuser/Desktop/IRT/eval_k_means_coresets_main/cmake-3.20.2/Modules/CheckFunctionExists.c
Linking C executable cmTC_92879
/home/vboxuser/Desktop/IRT/eval_k_means_coresets_main/cmake-3.20.2/Bootstrap.cmk/cmake -E cmake_link_script CMakeFiles/cmTC_92879.dir/link.txt --verbose=1
/usr/bin/gcc  -w -DCHECK_FUNCTION_EXISTS=getvfsbyname  -fno-builtin CMakeFiles/cmTC_92879.dir/CheckFunctionExists.c.o -o cmTC_92879 
/usr/bin/ld: CMakeFiles/cmTC_92879.dir/CheckFunctionExists.c.o: in function `main':
CheckFunctionExists.c:(.text+0x14): undefined reference to `getvfsbyname'
collect2: error: ld returned 1 exit status
gmake[1]: *** [CMakeFiles/cmTC_92879.dir/build.make:99: cmTC_92879] Error 1
gmake[1]: Leaving directory '/home/vboxuser/Desktop/IRT/eval_k_means_coresets_main/cmake-3.20.2/CMakeFiles/CMakeTmp'
gmake: *** [Makefile:127: cmTC_92879/fast] Error 2



Determining if the function lchflags exists failed with the following output:
Change Dir: /home/vboxuser/Desktop/IRT/eval_k_means_coresets_main/cmake-3.20.2/CMakeFiles/CMakeTmp

Run Build Command(s):/usr/bin/gmake -f Makefile cmTC_0bade/fast && gmake  -f CMakeFiles/cmTC_0bade.dir/build.make CMakeFiles/cmTC_0bade.dir/build
gmake[1]: Entering directory '/home/vboxuser/Desktop/IRT/eval_k_means_coresets_main/cmake-3.20.2/CMakeFiles/CMakeTmp'
Building C object CMakeFiles/cmTC_0bade.dir/CheckFunctionExists.c.o
/usr/bin/gcc   -w -DCHECK_FUNCTION_EXISTS=lchflags  -fno-builtin -std=gnu11 -o CMakeFiles/cmTC_0bade.dir/CheckFunctionExists.c.o -c /home/vboxuser/Desktop/IRT/eval_k_means_coresets_main/cmake-3.20.2/Modules/CheckFunctionExists.c
Linking C executable cmTC_0bade
/home/vboxuser/Desktop/IRT/eval_k_means_coresets_main/cmake-3.20.2/Bootstrap.cmk/cmake -E cmake_link_script CMakeFiles/cmTC_0bade.dir/link.txt --verbose=1
/usr/bin/gcc  -w -DCHECK_FUNCTION_EXISTS=lchflags  -fno-builtin CMakeFiles/cmTC_0bade.dir/CheckFunctionExists.c.o -o cmTC_0bade 
/usr/bin/ld: CMakeFiles/cmTC_0bade.dir/CheckFunctionExists.c.o: in function `main':
CheckFunctionExists.c:(.text+0x14): undefined reference to `lchflags'
collect2: error: ld returned 1 exit status
gmake[1]: *** [CMakeFiles/cmTC_0bade.dir/build.make:99: cmTC_0bade] Error 1
gmake[1]: Leaving directory '/home/vboxuser/Desktop/IRT/eval_k_means_coresets_main/cmake-3.20.2/CMakeFiles/CMakeTmp'
gmake: *** [Makefile:127: cmTC_0bade/fast] Error 2



Determining if the function readpassphrase exists failed with the following output:
Change Dir: /home/vboxuser/Desktop/IRT/eval_k_means_coresets_main/cmake-3.20.2/CMakeFiles/CMakeTmp

Run Build Command(s):/usr/bin/gmake -f Makefile cmTC_2f7a0/fast && gmake  -f CMakeFiles/cmTC_2f7a0.dir/build.make CMakeFiles/cmTC_2f7a0.dir/build
gmake[1]: Entering directory '/home/vboxuser/Desktop/IRT/eval_k_means_coresets_main/cmake-3.20.2/CMakeFiles/CMakeTmp'
Building C object CMakeFiles/cmTC_2f7a0.dir/CheckFunctionExists.c.o
/usr/bin/gcc   -w -DCHECK_FUNCTION_EXISTS=readpassphrase  -fno-builtin -std=gnu11 -o CMakeFiles/cmTC_2f7a0.dir/CheckFunctionExists.c.o -c /home/vboxuser/Desktop/IRT/eval_k_means_coresets_main/cmake-3.20.2/Modules/CheckFunctionExists.c
Linking C executable cmTC_2f7a0
/home/vboxuser/Desktop/IRT/eval_k_means_coresets_main/cmake-3.20.2/Bootstrap.cmk/cmake -E cmake_link_script CMakeFiles/cmTC_2f7a0.dir/link.txt --verbose=1
/usr/bin/gcc  -w -DCHECK_FUNCTION_EXISTS=readpassphrase  -fno-builtin CMakeFiles/cmTC_2f7a0.dir/CheckFunctionExists.c.o -o cmTC_2f7a0 
/usr/bin/ld: CMakeFiles/cmTC_2f7a0.dir/CheckFunctionExists.c.o: in function `main':
CheckFunctionExists.c:(.text+0x14): undefined reference to `readpassphrase'
collect2: error: ld returned 1 exit status
gmake[1]: *** [CMakeFiles/cmTC_2f7a0.dir/build.make:99: cmTC_2f7a0] Error 1
gmake[1]: Leaving directory '/home/vboxuser/Desktop/IRT/eval_k_means_coresets_main/cmake-3.20.2/CMakeFiles/CMakeTmp'
gmake: *** [Makefile:127: cmTC_2f7a0/fast] Error 2



Determining if the function strncpy_s exists failed with the following output:
Change Dir: /home/vboxuser/Desktop/IRT/eval_k_means_coresets_main/cmake-3.20.2/CMakeFiles/CMakeTmp

Run Build Command(s):/usr/bin/gmake -f Makefile cmTC_47f97/fast && gmake  -f CMakeFiles/cmTC_47f97.dir/build.make CMakeFiles/cmTC_47f97.dir/build
gmake[1]: Entering directory '/home/vboxuser/Desktop/IRT/eval_k_means_coresets_main/cmake-3.20.2/CMakeFiles/CMakeTmp'
Building C object CMakeFiles/cmTC_47f97.dir/CheckFunctionExists.c.o
/usr/bin/gcc   -w -DCHECK_FUNCTION_EXISTS=strncpy_s  -fno-builtin -std=gnu11 -o CMakeFiles/cmTC_47f97.dir/CheckFunctionExists.c.o -c /home/vboxuser/Desktop/IRT/eval_k_means_coresets_main/cmake-3.20.2/Modules/CheckFunctionExists.c
Linking C executable cmTC_47f97
/home/vboxuser/Desktop/IRT/eval_k_means_coresets_main/cmake-3.20.2/Bootstrap.cmk/cmake -E cmake_link_script CMakeFiles/cmTC_47f97.dir/link.txt --verbose=1
/usr/bin/gcc  -w -DCHECK_FUNCTION_EXISTS=strncpy_s  -fno-builtin CMakeFiles/cmTC_47f97.dir/CheckFunctionExists.c.o -o cmTC_47f97 
/usr/bin/ld: CMakeFiles/cmTC_47f97.dir/CheckFunctionExists.c.o: in function `main':
CheckFunctionExists.c:(.text+0x14): undefined reference to `strncpy_s'
collect2: error: ld returned 1 exit status
gmake[1]: *** [CMakeFiles/cmTC_47f97.dir/build.make:99: cmTC_47f97] Error 1
gmake[1]: Leaving directory '/home/vboxuser/Desktop/IRT/eval_k_means_coresets_main/cmake-3.20.2/CMakeFiles/CMakeTmp'
gmake: *** [Makefile:127: cmTC_47f97/fast] Error 2



Determining if the function _ctime64_s exists failed with the following output:
Change Dir: /home/vboxuser/Desktop/IRT/eval_k_means_coresets_main/cmake-3.20.2/CMakeFiles/CMakeTmp

Run Build Command(s):/usr/bin/gmake -f Makefile cmTC_6abe7/fast && gmake  -f CMakeFiles/cmTC_6abe7.dir/build.make CMakeFiles/cmTC_6abe7.dir/build
gmake[1]: Entering directory '/home/vboxuser/Desktop/IRT/eval_k_means_coresets_main/cmake-3.20.2/CMakeFiles/CMakeTmp'
Building C object CMakeFiles/cmTC_6abe7.dir/CheckFunctionExists.c.o
/usr/bin/gcc   -w -DCHECK_FUNCTION_EXISTS=_ctime64_s  -fno-builtin -std=gnu11 -o CMakeFiles/cmTC_6abe7.dir/CheckFunctionExists.c.o -c /home/vboxuser/Desktop/IRT/eval_k_means_coresets_main/cmake-3.20.2/Modules/CheckFunctionExists.c
Linking C executable cmTC_6abe7
/home/vboxuser/Desktop/IRT/eval_k_means_coresets_main/cmake-3.20.2/Bootstrap.cmk/cmake -E cmake_link_script CMakeFiles/cmTC_6abe7.dir/link.txt --verbose=1
/usr/bin/gcc  -w -DCHECK_FUNCTION_EXISTS=_ctime64_s  -fno-builtin CMakeFiles/cmTC_6abe7.dir/CheckFunctionExists.c.o -o cmTC_6abe7 
/usr/bin/ld: CMakeFiles/cmTC_6abe7.dir/CheckFunctionExists.c.o: in function `main':
CheckFunctionExists.c:(.text+0x14): undefined reference to `_ctime64_s'
collect2: error: ld returned 1 exit status
gmake[1]: *** [CMakeFiles/cmTC_6abe7.dir/build.make:99: cmTC_6abe7] Error 1
gmake[1]: Leaving directory '/home/vboxuser/Desktop/IRT/eval_k_means_coresets_main/cmake-3.20.2/CMakeFiles/CMakeTmp'
gmake: *** [Makefile:127: cmTC_6abe7/fast] Error 2



Determining if the function _fseeki64 exists failed with the following output:
Change Dir: /home/vboxuser/Desktop/IRT/eval_k_means_coresets_main/cmake-3.20.2/CMakeFiles/CMakeTmp

Run Build Command(s):/usr/bin/gmake -f Makefile cmTC_b6cd0/fast && gmake  -f CMakeFiles/cmTC_b6cd0.dir/build.make CMakeFiles/cmTC_b6cd0.dir/build
gmake[1]: Entering directory '/home/vboxuser/Desktop/IRT/eval_k_means_coresets_main/cmake-3.20.2/CMakeFiles/CMakeTmp'
Building C object CMakeFiles/cmTC_b6cd0.dir/CheckFunctionExists.c.o
/usr/bin/gcc   -w -DCHECK_FUNCTION_EXISTS=_fseeki64  -fno-builtin -std=gnu11 -o CMakeFiles/cmTC_b6cd0.dir/CheckFunctionExists.c.o -c /home/vboxuser/Desktop/IRT/eval_k_means_coresets_main/cmake-3.20.2/Modules/CheckFunctionExists.c
Linking C executable cmTC_b6cd0
/home/vboxuser/Desktop/IRT/eval_k_means_coresets_main/cmake-3.20.2/Bootstrap.cmk/cmake -E cmake_link_script CMakeFiles/cmTC_b6cd0.dir/link.txt --verbose=1
/usr/bin/gcc  -w -DCHECK_FUNCTION_EXISTS=_fseeki64  -fno-builtin CMakeFiles/cmTC_b6cd0.dir/CheckFunctionExists.c.o -o cmTC_b6cd0 
/usr/bin/ld: CMakeFiles/cmTC_b6cd0.dir/CheckFunctionExists.c.o: in function `main':
CheckFunctionExists.c:(.text+0x14): undefined reference to `_fseeki64'
collect2: error: ld returned 1 exit status
gmake[1]: *** [CMakeFiles/cmTC_b6cd0.dir/build.make:99: cmTC_b6cd0] Error 1
gmake[1]: Leaving directory '/home/vboxuser/Desktop/IRT/eval_k_means_coresets_main/cmake-3.20.2/CMakeFiles/CMakeTmp'
gmake: *** [Makefile:127: cmTC_b6cd0/fast] Error 2



Determining if the function _get_timezone exists failed with the following output:
Change Dir: /home/vboxuser/Desktop/IRT/eval_k_means_coresets_main/cmake-3.20.2/CMakeFiles/CMakeTmp

Run Build Command(s):/usr/bin/gmake -f Makefile cmTC_5efea/fast && gmake  -f CMakeFiles/cmTC_5efea.dir/build.make CMakeFiles/cmTC_5efea.dir/build
gmake[1]: Entering directory '/home/vboxuser/Desktop/IRT/eval_k_means_coresets_main/cmake-3.20.2/CMakeFiles/CMakeTmp'
Building C object CMakeFiles/cmTC_5efea.dir/CheckFunctionExists.c.o
/usr/bin/gcc   -w -DCHECK_FUNCTION_EXISTS=_get_timezone  -fno-builtin -std=gnu11 -o CMakeFiles/cmTC_5efea.dir/CheckFunctionExists.c.o -c /home/vboxuser/Desktop/IRT/eval_k_means_coresets_main/cmake-3.20.2/Modules/CheckFunctionExists.c
Linking C executable cmTC_5efea
/home/vboxuser/Desktop/IRT/eval_k_means_coresets_main/cmake-3.20.2/Bootstrap.cmk/cmake -E cmake_link_script CMakeFiles/cmTC_5efea.dir/link.txt --verbose=1
/usr/bin/gcc  -w -DCHECK_FUNCTION_EXISTS=_get_timezone  -fno-builtin CMakeFiles/cmTC_5efea.dir/CheckFunctionExists.c.o -o cmTC_5efea 
/usr/bin/ld: CMakeFiles/cmTC_5efea.dir/CheckFunctionExists.c.o: in function `main':
CheckFunctionExists.c:(.text+0x14): undefined reference to `_get_timezone'
collect2: error: ld returned 1 exit status
gmake[1]: *** [CMakeFiles/cmTC_5efea.dir/build.make:99: cmTC_5efea] Error 1
gmake[1]: Leaving directory '/home/vboxuser/Desktop/IRT/eval_k_means_coresets_main/cmake-3.20.2/CMakeFiles/CMakeTmp'
gmake: *** [Makefile:127: cmTC_5efea/fast] Error 2



Determining if the function _gmtime64_s exists failed with the following output:
Change Dir: /home/vboxuser/Desktop/IRT/eval_k_means_coresets_main/cmake-3.20.2/CMakeFiles/CMakeTmp

Run Build Command(s):/usr/bin/gmake -f Makefile cmTC_3c027/fast && gmake  -f CMakeFiles/cmTC_3c027.dir/build.make CMakeFiles/cmTC_3c027.dir/build
gmake[1]: Entering directory '/home/vboxuser/Desktop/IRT/eval_k_means_coresets_main/cmake-3.20.2/CMakeFiles/CMakeTmp'
Building C object CMakeFiles/cmTC_3c027.dir/CheckFunctionExists.c.o
/usr/bin/gcc   -w -DCHECK_FUNCTION_EXISTS=_gmtime64_s  -fno-builtin -std=gnu11 -o CMakeFiles/cmTC_3c027.dir/CheckFunctionExists.c.o -c /home/vboxuser/Desktop/IRT/eval_k_means_coresets_main/cmake-3.20.2/Modules/CheckFunctionExists.c
Linking C executable cmTC_3c027
/home/vboxuser/Desktop/IRT/eval_k_means_coresets_main/cmake-3.20.2/Bootstrap.cmk/cmake -E cmake_link_script CMakeFiles/cmTC_3c027.dir/link.txt --verbose=1
/usr/bin/gcc  -w -DCHECK_FUNCTION_EXISTS=_gmtime64_s  -fno-builtin CMakeFiles/cmTC_3c027.dir/CheckFunctionExists.c.o -o cmTC_3c027 
/usr/bin/ld: CMakeFiles/cmTC_3c027.dir/CheckFunctionExists.c.o: in function `main':
CheckFunctionExists.c:(.text+0x14): undefined reference to `_gmtime64_s'
collect2: error: ld returned 1 exit status
gmake[1]: *** [CMakeFiles/cmTC_3c027.dir/build.make:99: cmTC_3c027] Error 1
gmake[1]: Leaving directory '/home/vboxuser/Desktop/IRT/eval_k_means_coresets_main/cmake-3.20.2/CMakeFiles/CMakeTmp'
gmake: *** [Makefile:127: cmTC_3c027/fast] Error 2



Determining if the function _localtime64_s exists failed with the following output:
Change Dir: /home/vboxuser/Desktop/IRT/eval_k_means_coresets_main/cmake-3.20.2/CMakeFiles/CMakeTmp

Run Build Command(s):/usr/bin/gmake -f Makefile cmTC_70cd0/fast && gmake  -f CMakeFiles/cmTC_70cd0.dir/build.make CMakeFiles/cmTC_70cd0.dir/build
gmake[1]: Entering directory '/home/vboxuser/Desktop/IRT/eval_k_means_coresets_main/cmake-3.20.2/CMakeFiles/CMakeTmp'
Building C object CMakeFiles/cmTC_70cd0.dir/CheckFunctionExists.c.o
/usr/bin/gcc   -w -DCHECK_FUNCTION_EXISTS=_localtime64_s  -fno-builtin -std=gnu11 -o CMakeFiles/cmTC_70cd0.dir/CheckFunctionExists.c.o -c /home/vboxuser/Desktop/IRT/eval_k_means_coresets_main/cmake-3.20.2/Modules/CheckFunctionExists.c
Linking C executable cmTC_70cd0
/home/vboxuser/Desktop/IRT/eval_k_means_coresets_main/cmake-3.20.2/Bootstrap.cmk/cmake -E cmake_link_script CMakeFiles/cmTC_70cd0.dir/link.txt --verbose=1
/usr/bin/gcc  -w -DCHECK_FUNCTION_EXISTS=_localtime64_s  -fno-builtin CMakeFiles/cmTC_70cd0.dir/CheckFunctionExists.c.o -o cmTC_70cd0 
/usr/bin/ld: CMakeFiles/cmTC_70cd0.dir/CheckFunctionExists.c.o: in function `main':
CheckFunctionExists.c:(.text+0x14): undefined reference to `_localtime64_s'
collect2: error: ld returned 1 exit status
gmake[1]: *** [CMakeFiles/cmTC_70cd0.dir/build.make:99: cmTC_70cd0] Error 1
gmake[1]: Leaving directory '/home/vboxuser/Desktop/IRT/eval_k_means_coresets_main/cmake-3.20.2/CMakeFiles/CMakeTmp'
gmake: *** [Makefile:127: cmTC_70cd0/fast] Error 2



Determining if the function _mkgmtime64 exists failed with the following output:
Change Dir: /home/vboxuser/Desktop/IRT/eval_k_means_coresets_main/cmake-3.20.2/CMakeFiles/CMakeTmp

Run Build Command(s):/usr/bin/gmake -f Makefile cmTC_351b2/fast && gmake  -f CMakeFiles/cmTC_351b2.dir/build.make CMakeFiles/cmTC_351b2.dir/build
gmake[1]: Entering directory '/home/vboxuser/Desktop/IRT/eval_k_means_coresets_main/cmake-3.20.2/CMakeFiles/CMakeTmp'
Building C object CMakeFiles/cmTC_351b2.dir/CheckFunctionExists.c.o
/usr/bin/gcc   -w -DCHECK_FUNCTION_EXISTS=_mkgmtime64  -fno-builtin -std=gnu11 -o CMakeFiles/cmTC_351b2.dir/CheckFunctionExists.c.o -c /home/vboxuser/Desktop/IRT/eval_k_means_coresets_main/cmake-3.20.2/Modules/CheckFunctionExists.c
Linking C executable cmTC_351b2
/home/vboxuser/Desktop/IRT/eval_k_means_coresets_main/cmake-3.20.2/Bootstrap.cmk/cmake -E cmake_link_script CMakeFiles/cmTC_351b2.dir/link.txt --verbose=1
/usr/bin/gcc  -w -DCHECK_FUNCTION_EXISTS=_mkgmtime64  -fno-builtin CMakeFiles/cmTC_351b2.dir/CheckFunctionExists.c.o -o cmTC_351b2 
/usr/bin/ld: CMakeFiles/cmTC_351b2.dir/CheckFunctionExists.c.o: in function `main':
CheckFunctionExists.c:(.text+0x14): undefined reference to `_mkgmtime64'
collect2: error: ld returned 1 exit status
gmake[1]: *** [CMakeFiles/cmTC_351b2.dir/build.make:99: cmTC_351b2] Error 1
gmake[1]: Leaving directory '/home/vboxuser/Desktop/IRT/eval_k_means_coresets_main/cmake-3.20.2/CMakeFiles/CMakeTmp'
gmake: *** [Makefile:127: cmTC_351b2/fast] Error 2



Determining if the function cygwin_conv_path exists failed with the following output:
Change Dir: /home/vboxuser/Desktop/IRT/eval_k_means_coresets_main/cmake-3.20.2/CMakeFiles/CMakeTmp

Run Build Command(s):/usr/bin/gmake -f Makefile cmTC_4c4f3/fast && gmake  -f CMakeFiles/cmTC_4c4f3.dir/build.make CMakeFiles/cmTC_4c4f3.dir/build
gmake[1]: Entering directory '/home/vboxuser/Desktop/IRT/eval_k_means_coresets_main/cmake-3.20.2/CMakeFiles/CMakeTmp'
Building C object CMakeFiles/cmTC_4c4f3.dir/CheckFunctionExists.c.o
/usr/bin/gcc   -w -DCHECK_FUNCTION_EXISTS=cygwin_conv_path  -fno-builtin -std=gnu11 -o CMakeFiles/cmTC_4c4f3.dir/CheckFunctionExists.c.o -c /home/vboxuser/Desktop/IRT/eval_k_means_coresets_main/cmake-3.20.2/Modules/CheckFunctionExists.c
Linking C executable cmTC_4c4f3
/home/vboxuser/Desktop/IRT/eval_k_means_coresets_main/cmake-3.20.2/Bootstrap.cmk/cmake -E cmake_link_script CMakeFiles/cmTC_4c4f3.dir/link.txt --verbose=1
/usr/bin/gcc  -w -DCHECK_FUNCTION_EXISTS=cygwin_conv_path  -fno-builtin CMakeFiles/cmTC_4c4f3.dir/CheckFunctionExists.c.o -o cmTC_4c4f3 
/usr/bin/ld: CMakeFiles/cmTC_4c4f3.dir/CheckFunctionExists.c.o: in function `main':
CheckFunctionExists.c:(.text+0x14): undefined reference to `cygwin_conv_path'
collect2: error: ld returned 1 exit status
gmake[1]: *** [CMakeFiles/cmTC_4c4f3.dir/build.make:99: cmTC_4c4f3] Error 1
gmake[1]: Leaving directory '/home/vboxuser/Desktop/IRT/eval_k_means_coresets_main/cmake-3.20.2/CMakeFiles/CMakeTmp'
gmake: *** [Makefile:127: cmTC_4c4f3/fast] Error 2



Performing C SOURCE FILE Test HAVE_STRUCT_VFSCONF failed with the following output:
Change Dir: /home/vboxuser/Desktop/IRT/eval_k_means_coresets_main/cmake-3.20.2/CMakeFiles/CMakeTmp

Run Build Command(s):/usr/bin/gmake -f Makefile cmTC_ad4c3/fast && gmake  -f CMakeFiles/cmTC_ad4c3.dir/build.make CMakeFiles/cmTC_ad4c3.dir/build
gmake[1]: Entering directory '/home/vboxuser/Desktop/IRT/eval_k_means_coresets_main/cmake-3.20.2/CMakeFiles/CMakeTmp'
Building C object CMakeFiles/cmTC_ad4c3.dir/src.c.o
/usr/bin/gcc -DHAVE_STRUCT_VFSCONF  -w  -std=gnu11 -o CMakeFiles/cmTC_ad4c3.dir/src.c.o -c /home/vboxuser/Desktop/IRT/eval_k_means_coresets_main/cmake-3.20.2/CMakeFiles/CMakeTmp/src.c
/home/vboxuser/Desktop/IRT/eval_k_means_coresets_main/cmake-3.20.2/CMakeFiles/CMakeTmp/src.c: In function ‘main’:
/home/vboxuser/Desktop/IRT/eval_k_means_coresets_main/cmake-3.20.2/CMakeFiles/CMakeTmp/src.c:3:33: error: storage size of ‘v’ isn’t known
    3 | int main(void) { struct vfsconf v; return sizeof(v);}
      |                                 ^
gmake[1]: *** [CMakeFiles/cmTC_ad4c3.dir/build.make:78: CMakeFiles/cmTC_ad4c3.dir/src.c.o] Error 1
gmake[1]: Leaving directory '/home/vboxuser/Desktop/IRT/eval_k_means_coresets_main/cmake-3.20.2/CMakeFiles/CMakeTmp'
gmake: *** [Makefile:127: cmTC_ad4c3/fast] Error 2


Source file was:
#include <sys/types.h>
#include <sys/mount.h>
int main(void) { struct vfsconf v; return sizeof(v);}
Performing C SOURCE FILE Test HAVE_STRUCT_XVFSCONF failed with the following output:
Change Dir: /home/vboxuser/Desktop/IRT/eval_k_means_coresets_main/cmake-3.20.2/CMakeFiles/CMakeTmp

Run Build Command(s):/usr/bin/gmake -f Makefile cmTC_a1b62/fast && gmake  -f CMakeFiles/cmTC_a1b62.dir/build.make CMakeFiles/cmTC_a1b62.dir/build
gmake[1]: Entering directory '/home/vboxuser/Desktop/IRT/eval_k_means_coresets_main/cmake-3.20.2/CMakeFiles/CMakeTmp'
Building C object CMakeFiles/cmTC_a1b62.dir/src.c.o
/usr/bin/gcc -DHAVE_STRUCT_XVFSCONF  -w  -std=gnu11 -o CMakeFiles/cmTC_a1b62.dir/src.c.o -c /home/vboxuser/Desktop/IRT/eval_k_means_coresets_main/cmake-3.20.2/CMakeFiles/CMakeTmp/src.c
/home/vboxuser/Desktop/IRT/eval_k_means_coresets_main/cmake-3.20.2/CMakeFiles/CMakeTmp/src.c: In function ‘main’:
/home/vboxuser/Desktop/IRT/eval_k_means_coresets_main/cmake-3.20.2/CMakeFiles/CMakeTmp/src.c:3:34: error: storage size of ‘v’ isn’t known
    3 | int main(void) { struct xvfsconf v; return sizeof(v);}
      |                                  ^
gmake[1]: *** [CMakeFiles/cmTC_a1b62.dir/build.make:78: CMakeFiles/cmTC_a1b62.dir/src.c.o] Error 1
gmake[1]: Leaving directory '/home/vboxuser/Desktop/IRT/eval_k_means_coresets_main/cmake-3.20.2/CMakeFiles/CMakeTmp'
gmake: *** [Makefile:127: cmTC_a1b62/fast] Error 2


Source file was:
#include <sys/types.h>
#include <sys/mount.h>
int main(void) { struct xvfsconf v; return sizeof(v);}
Performing C SOURCE FILE Test MAJOR_IN_MKDEV failed with the following output:
Change Dir: /home/vboxuser/Desktop/IRT/eval_k_means_coresets_main/cmake-3.20.2/CMakeFiles/CMakeTmp

Run Build Command(s):/usr/bin/gmake -f Makefile cmTC_d7980/fast && gmake  -f CMakeFiles/cmTC_d7980.dir/build.make CMakeFiles/cmTC_d7980.dir/build
gmake[1]: Entering directory '/home/vboxuser/Desktop/IRT/eval_k_means_coresets_main/cmake-3.20.2/CMakeFiles/CMakeTmp'
Building C object CMakeFiles/cmTC_d7980.dir/src.c.o
/usr/bin/gcc -DMAJOR_IN_MKDEV  -w  -std=gnu11 -o CMakeFiles/cmTC_d7980.dir/src.c.o -c /home/vboxuser/Desktop/IRT/eval_k_means_coresets_main/cmake-3.20.2/CMakeFiles/CMakeTmp/src.c
/home/vboxuser/Desktop/IRT/eval_k_means_coresets_main/cmake-3.20.2/CMakeFiles/CMakeTmp/src.c:1:10: fatal error: sys/mkdev.h: No such file or directory
    1 | #include <sys/mkdev.h>
      |          ^~~~~~~~~~~~~
compilation terminated.
gmake[1]: *** [CMakeFiles/cmTC_d7980.dir/build.make:78: CMakeFiles/cmTC_d7980.dir/src.c.o] Error 1
gmake[1]: Leaving directory '/home/vboxuser/Desktop/IRT/eval_k_means_coresets_main/cmake-3.20.2/CMakeFiles/CMakeTmp'
gmake: *** [Makefile:127: cmTC_d7980/fast] Error 2


Source file was:
#include <sys/mkdev.h>
int main() { return major(256); }
Performing C SOURCE FILE Test HAVE_LZMA_STREAM_ENCODER_MT failed with the following output:
Change Dir: /home/vboxuser/Desktop/IRT/eval_k_means_coresets_main/cmake-3.20.2/CMakeFiles/CMakeTmp

Run Build Command(s):/usr/bin/gmake -f Makefile cmTC_16ad9/fast && gmake  -f CMakeFiles/cmTC_16ad9.dir/build.make CMakeFiles/cmTC_16ad9.dir/build
gmake[1]: Entering directory '/home/vboxuser/Desktop/IRT/eval_k_means_coresets_main/cmake-3.20.2/CMakeFiles/CMakeTmp'
Building C object CMakeFiles/cmTC_16ad9.dir/src.c.o
/usr/bin/gcc -DHAVE_LZMA_STREAM_ENCODER_MT -I/home/vboxuser/Desktop/IRT/eval_k_means_coresets_main/cmake-3.20.2/Utilities/cmliblzma/liblzma/api -w  -std=gnu11 -o CMakeFiles/cmTC_16ad9.dir/src.c.o -c /home/vboxuser/Desktop/IRT/eval_k_means_coresets_main/cmake-3.20.2/CMakeFiles/CMakeTmp/src.c
Linking C executable cmTC_16ad9
/home/vboxuser/Desktop/IRT/eval_k_means_coresets_main/cmake-3.20.2/Bootstrap.cmk/cmake -E cmake_link_script CMakeFiles/cmTC_16ad9.dir/link.txt --verbose=1
/usr/bin/gcc  -w  CMakeFiles/cmTC_16ad9.dir/src.c.o -o cmTC_16ad9  -lcmliblzma 
/usr/bin/ld: cannot find -lcmliblzma: No such file or directory
collect2: error: ld returned 1 exit status
gmake[1]: *** [CMakeFiles/cmTC_16ad9.dir/build.make:99: cmTC_16ad9] Error 1
gmake[1]: Leaving directory '/home/vboxuser/Desktop/IRT/eval_k_means_coresets_main/cmake-3.20.2/CMakeFiles/CMakeTmp'
gmake: *** [Makefile:127: cmTC_16ad9/fast] Error 2


Source file was:
#include <lzma.h>
#if LZMA_VERSION < 50020000
#error unsupported
#endif
int main(void){lzma_stream_encoder_mt(0, 0); return 0;}
Determining if the EFTYPE exist failed with the following output:
Change Dir: /home/vboxuser/Desktop/IRT/eval_k_means_coresets_main/cmake-3.20.2/CMakeFiles/CMakeTmp

Run Build Command(s):/usr/bin/gmake -f Makefile cmTC_f00f8/fast && gmake  -f CMakeFiles/cmTC_f00f8.dir/build.make CMakeFiles/cmTC_f00f8.dir/build
gmake[1]: Entering directory '/home/vboxuser/Desktop/IRT/eval_k_means_coresets_main/cmake-3.20.2/CMakeFiles/CMakeTmp'
Building C object CMakeFiles/cmTC_f00f8.dir/CheckSymbolExists.c.o
/usr/bin/gcc   -w  -std=gnu11 -o CMakeFiles/cmTC_f00f8.dir/CheckSymbolExists.c.o -c /home/vboxuser/Desktop/IRT/eval_k_means_coresets_main/cmake-3.20.2/CMakeFiles/CMakeTmp/CheckSymbolExists.c
/home/vboxuser/Desktop/IRT/eval_k_means_coresets_main/cmake-3.20.2/CMakeFiles/CMakeTmp/CheckSymbolExists.c: In function ‘main’:
/home/vboxuser/Desktop/IRT/eval_k_means_coresets_main/cmake-3.20.2/CMakeFiles/CMakeTmp/CheckSymbolExists.c:8:19: error: ‘EFTYPE’ undeclared (first use in this function)
    8 |   return ((int*)(&EFTYPE))[argc];
      |                   ^~~~~~
/home/vboxuser/Desktop/IRT/eval_k_means_coresets_main/cmake-3.20.2/CMakeFiles/CMakeTmp/CheckSymbolExists.c:8:19: note: each undeclared identifier is reported only once for each function it appears in
gmake[1]: *** [CMakeFiles/cmTC_f00f8.dir/build.make:78: CMakeFiles/cmTC_f00f8.dir/CheckSymbolExists.c.o] Error 1
gmake[1]: Leaving directory '/home/vboxuser/Desktop/IRT/eval_k_means_coresets_main/cmake-3.20.2/CMakeFiles/CMakeTmp'
gmake: *** [Makefile:127: cmTC_f00f8/fast] Error 2


File /home/vboxuser/Desktop/IRT/eval_k_means_coresets_main/cmake-3.20.2/CMakeFiles/CMakeTmp/CheckSymbolExists.c:
/* */
#include <errno.h>

int main(int argc, char** argv)
{
  (void)argv;
#ifndef EFTYPE
  return ((int*)(&EFTYPE))[argc];
#else
  (void)argc;
  return 0;
#endif
}
Determining if the D_MD_ORDER exist failed with the following output:
Change Dir: /home/vboxuser/Desktop/IRT/eval_k_means_coresets_main/cmake-3.20.2/CMakeFiles/CMakeTmp

Run Build Command(s):/usr/bin/gmake -f Makefile cmTC_cfe12/fast && gmake  -f CMakeFiles/cmTC_cfe12.dir/build.make CMakeFiles/cmTC_cfe12.dir/build
gmake[1]: Entering directory '/home/vboxuser/Desktop/IRT/eval_k_means_coresets_main/cmake-3.20.2/CMakeFiles/CMakeTmp'
Building C object CMakeFiles/cmTC_cfe12.dir/CheckSymbolExists.c.o
/usr/bin/gcc   -w  -std=gnu11 -o CMakeFiles/cmTC_cfe12.dir/CheckSymbolExists.c.o -c /home/vboxuser/Desktop/IRT/eval_k_means_coresets_main/cmake-3.20.2/CMakeFiles/CMakeTmp/CheckSymbolExists.c
/home/vboxuser/Desktop/IRT/eval_k_means_coresets_main/cmake-3.20.2/CMakeFiles/CMakeTmp/CheckSymbolExists.c: In function ‘main’:
/home/vboxuser/Desktop/IRT/eval_k_means_coresets_main/cmake-3.20.2/CMakeFiles/CMakeTmp/CheckSymbolExists.c:8:19: error: ‘D_MD_ORDER’ undeclared (first use in this function)
    8 |   return ((int*)(&D_MD_ORDER))[argc];
      |                   ^~~~~~~~~~
/home/vboxuser/Desktop/IRT/eval_k_means_coresets_main/cmake-3.20.2/CMakeFiles/CMakeTmp/CheckSymbolExists.c:8:19: note: each undeclared identifier is reported only once for each function it appears in
gmake[1]: *** [CMakeFiles/cmTC_cfe12.dir/build.make:78: CMakeFiles/cmTC_cfe12.dir/CheckSymbolExists.c.o] Error 1
gmake[1]: Leaving directory '/home/vboxuser/Desktop/IRT/eval_k_means_coresets_main/cmake-3.20.2/CMakeFiles/CMakeTmp'
gmake: *** [Makefile:127: cmTC_cfe12/fast] Error 2


File /home/vboxuser/Desktop/IRT/eval_k_means_coresets_main/cmake-3.20.2/CMakeFiles/CMakeTmp/CheckSymbolExists.c:
/* */
#include <langinfo.h>

int main(int argc, char** argv)
{
  (void)argv;
#ifndef D_MD_ORDER
  return ((int*)(&D_MD_ORDER))[argc];
#else
  (void)argc;
  return 0;
#endif
}
Performing C SOURCE FILE Test HAVE_STRUCT_TM___TM_GMTOFF failed with the following output:
Change Dir: /home/vboxuser/Desktop/IRT/eval_k_means_coresets_main/cmake-3.20.2/CMakeFiles/CMakeTmp

Run Build Command(s):/usr/bin/gmake -f Makefile cmTC_b60f7/fast && gmake  -f CMakeFiles/cmTC_b60f7.dir/build.make CMakeFiles/cmTC_b60f7.dir/build
gmake[1]: Entering directory '/home/vboxuser/Desktop/IRT/eval_k_means_coresets_main/cmake-3.20.2/CMakeFiles/CMakeTmp'
Building C object CMakeFiles/cmTC_b60f7.dir/src.c.o
/usr/bin/gcc -DHAVE_STRUCT_TM___TM_GMTOFF  -w  -std=gnu11 -o CMakeFiles/cmTC_b60f7.dir/src.c.o -c /home/vboxuser/Desktop/IRT/eval_k_means_coresets_main/cmake-3.20.2/CMakeFiles/CMakeTmp/src.c
/home/vboxuser/Desktop/IRT/eval_k_means_coresets_main/cmake-3.20.2/CMakeFiles/CMakeTmp/src.c: In function ‘main’:
/home/vboxuser/Desktop/IRT/eval_k_means_coresets_main/cmake-3.20.2/CMakeFiles/CMakeTmp/src.c:6:34: error: ‘struct tm’ has no member named ‘__tm_gmtoff’; did you mean ‘tm_gmtoff’?
    6 |   (void)sizeof(((struct tm *)0)->__tm_gmtoff);
      |                                  ^~~~~~~~~~~
      |                                  tm_gmtoff
gmake[1]: *** [CMakeFiles/cmTC_b60f7.dir/build.make:78: CMakeFiles/cmTC_b60f7.dir/src.c.o] Error 1
gmake[1]: Leaving directory '/home/vboxuser/Desktop/IRT/eval_k_means_coresets_main/cmake-3.20.2/CMakeFiles/CMakeTmp'
gmake: *** [Makefile:127: cmTC_b60f7/fast] Error 2


Source file was:

#include <time.h>

int main()
{
  (void)sizeof(((struct tm *)0)->__tm_gmtoff);
  return 0;
}

Performing C SOURCE FILE Test HAVE_STRUCT_STATFS_F_NAMEMAX failed with the following output:
Change Dir: /home/vboxuser/Desktop/IRT/eval_k_means_coresets_main/cmake-3.20.2/CMakeFiles/CMakeTmp

Run Build Command(s):/usr/bin/gmake -f Makefile cmTC_b9c85/fast && gmake  -f CMakeFiles/cmTC_b9c85.dir/build.make CMakeFiles/cmTC_b9c85.dir/build
gmake[1]: Entering directory '/home/vboxuser/Desktop/IRT/eval_k_means_coresets_main/cmake-3.20.2/CMakeFiles/CMakeTmp'
Building C object CMakeFiles/cmTC_b9c85.dir/src.c.o
/usr/bin/gcc -DHAVE_STRUCT_STATFS_F_NAMEMAX  -w  -std=gnu11 -o CMakeFiles/cmTC_b9c85.dir/src.c.o -c /home/vboxuser/Desktop/IRT/eval_k_means_coresets_main/cmake-3.20.2/CMakeFiles/CMakeTmp/src.c
/home/vboxuser/Desktop/IRT/eval_k_means_coresets_main/cmake-3.20.2/CMakeFiles/CMakeTmp/src.c: In function ‘main’:
/home/vboxuser/Desktop/IRT/eval_k_means_coresets_main/cmake-3.20.2/CMakeFiles/CMakeTmp/src.c:7:36: error: invalid use of undefined type ‘struct statfs’
    7 |   (void)sizeof(((struct statfs *)0)->f_namemax);
      |                                    ^~
gmake[1]: *** [CMakeFiles/cmTC_b9c85.dir/build.make:78: CMakeFiles/cmTC_b9c85.dir/src.c.o] Error 1
gmake[1]: Leaving directory '/home/vboxuser/Desktop/IRT/eval_k_means_coresets_main/cmake-3.20.2/CMakeFiles/CMakeTmp'
gmake: *** [Makefile:127: cmTC_b9c85/fast] Error 2


Source file was:

#include <sys/param.h>
#include <sys/mount.h>

int main()
{
  (void)sizeof(((struct statfs *)0)->f_namemax);
  return 0;
}

Performing C SOURCE FILE Test HAVE_STRUCT_STAT_ST_BIRTHTIME failed with the following output:
Change Dir: /home/vboxuser/Desktop/IRT/eval_k_means_coresets_main/cmake-3.20.2/CMakeFiles/CMakeTmp

Run Build Command(s):/usr/bin/gmake -f Makefile cmTC_18f55/fast && gmake  -f CMakeFiles/cmTC_18f55.dir/build.make CMakeFiles/cmTC_18f55.dir/build
gmake[1]: Entering directory '/home/vboxuser/Desktop/IRT/eval_k_means_coresets_main/cmake-3.20.2/CMakeFiles/CMakeTmp'
Building C object CMakeFiles/cmTC_18f55.dir/src.c.o
/usr/bin/gcc -DHAVE_STRUCT_STAT_ST_BIRTHTIME  -w  -std=gnu11 -o CMakeFiles/cmTC_18f55.dir/src.c.o -c /home/vboxuser/Desktop/IRT/eval_k_means_coresets_main/cmake-3.20.2/CMakeFiles/CMakeTmp/src.c
/home/vboxuser/Desktop/IRT/eval_k_means_coresets_main/cmake-3.20.2/CMakeFiles/CMakeTmp/src.c: In function ‘main’:
/home/vboxuser/Desktop/IRT/eval_k_means_coresets_main/cmake-3.20.2/CMakeFiles/CMakeTmp/src.c:7:34: error: ‘struct stat’ has no member named ‘st_birthtime’
    7 |   (void)sizeof(((struct stat *)0)->st_birthtime);
      |                                  ^~
gmake[1]: *** [CMakeFiles/cmTC_18f55.dir/build.make:78: CMakeFiles/cmTC_18f55.dir/src.c.o] Error 1
gmake[1]: Leaving directory '/home/vboxuser/Desktop/IRT/eval_k_means_coresets_main/cmake-3.20.2/CMakeFiles/CMakeTmp'
gmake: *** [Makefile:127: cmTC_18f55/fast] Error 2


Source file was:

#include <sys/types.h>
#include <sys/stat.h>

int main()
{
  (void)sizeof(((struct stat *)0)->st_birthtime);
  return 0;
}

Performing C SOURCE FILE Test HAVE_STRUCT_STAT_ST_BIRTHTIMESPEC_TV_NSEC failed with the following output:
Change Dir: /home/vboxuser/Desktop/IRT/eval_k_means_coresets_main/cmake-3.20.2/CMakeFiles/CMakeTmp

Run Build Command(s):/usr/bin/gmake -f Makefile cmTC_194dd/fast && gmake  -f CMakeFiles/cmTC_194dd.dir/build.make CMakeFiles/cmTC_194dd.dir/build
gmake[1]: Entering directory '/home/vboxuser/Desktop/IRT/eval_k_means_coresets_main/cmake-3.20.2/CMakeFiles/CMakeTmp'
Building C object CMakeFiles/cmTC_194dd.dir/src.c.o
/usr/bin/gcc -DHAVE_STRUCT_STAT_ST_BIRTHTIMESPEC_TV_NSEC  -w  -std=gnu11 -o CMakeFiles/cmTC_194dd.dir/src.c.o -c /home/vboxuser/Desktop/IRT/eval_k_means_coresets_main/cmake-3.20.2/CMakeFiles/CMakeTmp/src.c
/home/vboxuser/Desktop/IRT/eval_k_means_coresets_main/cmake-3.20.2/CMakeFiles/CMakeTmp/src.c: In function ‘main’:
/home/vboxuser/Desktop/IRT/eval_k_means_coresets_main/cmake-3.20.2/CMakeFiles/CMakeTmp/src.c:7:34: error: ‘struct stat’ has no member named ‘st_birthtimespec’
    7 |   (void)sizeof(((struct stat *)0)->st_birthtimespec.tv_nsec);
      |                                  ^~
gmake[1]: *** [CMakeFiles/cmTC_194dd.dir/build.make:78: CMakeFiles/cmTC_194dd.dir/src.c.o] Error 1
gmake[1]: Leaving directory '/home/vboxuser/Desktop/IRT/eval_k_means_coresets_main/cmake-3.20.2/CMakeFiles/CMakeTmp'
gmake: *** [Makefile:127: cmTC_194dd/fast] Error 2


Source file was:

#include <sys/types.h>
#include <sys/stat.h>

int main()
{
  (void)sizeof(((struct stat *)0)->st_birthtimespec.tv_nsec);
  return 0;
}

Performing C SOURCE FILE Test HAVE_STRUCT_STAT_ST_MTIMESPEC_TV_NSEC failed with the following output:
Change Dir: /home/vboxuser/Desktop/IRT/eval_k_means_coresets_main/cmake-3.20.2/CMakeFiles/CMakeTmp

Run Build Command(s):/usr/bin/gmake -f Makefile cmTC_8fcaa/fast && gmake  -f CMakeFiles/cmTC_8fcaa.dir/build.make CMakeFiles/cmTC_8fcaa.dir/build
gmake[1]: Entering directory '/home/vboxuser/Desktop/IRT/eval_k_means_coresets_main/cmake-3.20.2/CMakeFiles/CMakeTmp'
Building C object CMakeFiles/cmTC_8fcaa.dir/src.c.o
/usr/bin/gcc -DHAVE_STRUCT_STAT_ST_MTIMESPEC_TV_NSEC  -w  -std=gnu11 -o CMakeFiles/cmTC_8fcaa.dir/src.c.o -c /home/vboxuser/Desktop/IRT/eval_k_means_coresets_main/cmake-3.20.2/CMakeFiles/CMakeTmp/src.c
/home/vboxuser/Desktop/IRT/eval_k_means_coresets_main/cmake-3.20.2/CMakeFiles/CMakeTmp/src.c: In function ‘main’:
/home/vboxuser/Desktop/IRT/eval_k_means_coresets_main/cmake-3.20.2/CMakeFiles/CMakeTmp/src.c:7:34: error: ‘struct stat’ has no member named ‘st_mtimespec’
    7 |   (void)sizeof(((struct stat *)0)->st_mtimespec.tv_nsec);
      |                                  ^~
gmake[1]: *** [CMakeFiles/cmTC_8fcaa.dir/build.make:78: CMakeFiles/cmTC_8fcaa.dir/src.c.o] Error 1
gmake[1]: Leaving directory '/home/vboxuser/Desktop/IRT/eval_k_means_coresets_main/cmake-3.20.2/CMakeFiles/CMakeTmp'
gmake: *** [Makefile:127: cmTC_8fcaa/fast] Error 2


Source file was:

#include <sys/types.h>
#include <sys/stat.h>

int main()
{
  (void)sizeof(((struct stat *)0)->st_mtimespec.tv_nsec);
  return 0;
}

Performing C SOURCE FILE Test HAVE_STRUCT_STAT_ST_MTIME_N failed with the following output:
Change Dir: /home/vboxuser/Desktop/IRT/eval_k_means_coresets_main/cmake-3.20.2/CMakeFiles/CMakeTmp

Run Build Command(s):/usr/bin/gmake -f Makefile cmTC_9b629/fast && gmake  -f CMakeFiles/cmTC_9b629.dir/build.make CMakeFiles/cmTC_9b629.dir/build
gmake[1]: Entering directory '/home/vboxuser/Desktop/IRT/eval_k_means_coresets_main/cmake-3.20.2/CMakeFiles/CMakeTmp'
Building C object CMakeFiles/cmTC_9b629.dir/src.c.o
/usr/bin/gcc -DHAVE_STRUCT_STAT_ST_MTIME_N  -w  -std=gnu11 -o CMakeFiles/cmTC_9b629.dir/src.c.o -c /home/vboxuser/Desktop/IRT/eval_k_means_coresets_main/cmake-3.20.2/CMakeFiles/CMakeTmp/src.c
/home/vboxuser/Desktop/IRT/eval_k_means_coresets_main/cmake-3.20.2/CMakeFiles/CMakeTmp/src.c: In function ‘main’:
/home/vboxuser/Desktop/IRT/eval_k_means_coresets_main/cmake-3.20.2/CMakeFiles/CMakeTmp/src.c:7:36: error: ‘struct stat’ has no member named ‘st_mtime_n’; did you mean ‘st_mtim’?
    7 |   (void)sizeof(((struct stat *)0)->st_mtime_n);
      |                                    ^~~~~~~~~~
      |                                    st_mtim
gmake[1]: *** [CMakeFiles/cmTC_9b629.dir/build.make:78: CMakeFiles/cmTC_9b629.dir/src.c.o] Error 1
gmake[1]: Leaving directory '/home/vboxuser/Desktop/IRT/eval_k_means_coresets_main/cmake-3.20.2/CMakeFiles/CMakeTmp'
gmake: *** [Makefile:127: cmTC_9b629/fast] Error 2


Source file was:

#include <sys/types.h>
#include <sys/stat.h>

int main()
{
  (void)sizeof(((struct stat *)0)->st_mtime_n);
  return 0;
}

Performing C SOURCE FILE Test HAVE_STRUCT_STAT_ST_UMTIME failed with the following output:
Change Dir: /home/vboxuser/Desktop/IRT/eval_k_means_coresets_main/cmake-3.20.2/CMakeFiles/CMakeTmp

Run Build Command(s):/usr/bin/gmake -f Makefile cmTC_9d268/fast && gmake  -f CMakeFiles/cmTC_9d268.dir/build.make CMakeFiles/cmTC_9d268.dir/build
gmake[1]: Entering directory '/home/vboxuser/Desktop/IRT/eval_k_means_coresets_main/cmake-3.20.2/CMakeFiles/CMakeTmp'
Building C object CMakeFiles/cmTC_9d268.dir/src.c.o
/usr/bin/gcc -DHAVE_STRUCT_STAT_ST_UMTIME  -w  -std=gnu11 -o CMakeFiles/cmTC_9d268.dir/src.c.o -c /home/vboxuser/Desktop/IRT/eval_k_means_coresets_main/cmake-3.20.2/CMakeFiles/CMakeTmp/src.c
/home/vboxuser/Desktop/IRT/eval_k_means_coresets_main/cmake-3.20.2/CMakeFiles/CMakeTmp/src.c: In function ‘main’:
/home/vboxuser/Desktop/IRT/eval_k_means_coresets_main/cmake-3.20.2/CMakeFiles/CMakeTmp/src.c:7:36: error: ‘struct stat’ has no member named ‘st_umtime’; did you mean ‘st_mtim’?
    7 |   (void)sizeof(((struct stat *)0)->st_umtime);
      |                                    ^~~~~~~~~
      |                                    st_mtim
gmake[1]: *** [CMakeFiles/cmTC_9d268.dir/build.make:78: CMakeFiles/cmTC_9d268.dir/src.c.o] Error 1
gmake[1]: Leaving directory '/home/vboxuser/Desktop/IRT/eval_k_means_coresets_main/cmake-3.20.2/CMakeFiles/CMakeTmp'
gmake: *** [Makefile:127: cmTC_9d268/fast] Error 2


Source file was:

#include <sys/types.h>
#include <sys/stat.h>

int main()
{
  (void)sizeof(((struct stat *)0)->st_umtime);
  return 0;
}

Performing C SOURCE FILE Test HAVE_STRUCT_STAT_ST_MTIME_USEC failed with the following output:
Change Dir: /home/vboxuser/Desktop/IRT/eval_k_means_coresets_main/cmake-3.20.2/CMakeFiles/CMakeTmp

Run Build Command(s):/usr/bin/gmake -f Makefile cmTC_3d4ab/fast && gmake  -f CMakeFiles/cmTC_3d4ab.dir/build.make CMakeFiles/cmTC_3d4ab.dir/build
gmake[1]: Entering directory '/home/vboxuser/Desktop/IRT/eval_k_means_coresets_main/cmake-3.20.2/CMakeFiles/CMakeTmp'
Building C object CMakeFiles/cmTC_3d4ab.dir/src.c.o
/usr/bin/gcc -DHAVE_STRUCT_STAT_ST_MTIME_USEC  -w  -std=gnu11 -o CMakeFiles/cmTC_3d4ab.dir/src.c.o -c /home/vboxuser/Desktop/IRT/eval_k_means_coresets_main/cmake-3.20.2/CMakeFiles/CMakeTmp/src.c
/home/vboxuser/Desktop/IRT/eval_k_means_coresets_main/cmake-3.20.2/CMakeFiles/CMakeTmp/src.c: In function ‘main’:
/home/vboxuser/Desktop/IRT/eval_k_means_coresets_main/cmake-3.20.2/CMakeFiles/CMakeTmp/src.c:7:34: error: ‘struct stat’ has no member named ‘st_mtime_usec’
    7 |   (void)sizeof(((struct stat *)0)->st_mtime_usec);
      |                                  ^~
gmake[1]: *** [CMakeFiles/cmTC_3d4ab.dir/build.make:78: CMakeFiles/cmTC_3d4ab.dir/src.c.o] Error 1
gmake[1]: Leaving directory '/home/vboxuser/Desktop/IRT/eval_k_means_coresets_main/cmake-3.20.2/CMakeFiles/CMakeTmp'
gmake: *** [Makefile:127: cmTC_3d4ab/fast] Error 2


Source file was:

#include <sys/types.h>
#include <sys/stat.h>

int main()
{
  (void)sizeof(((struct stat *)0)->st_mtime_usec);
  return 0;
}

Performing C SOURCE FILE Test HAVE_STRUCT_STAT_ST_FLAGS failed with the following output:
Change Dir: /home/vboxuser/Desktop/IRT/eval_k_means_coresets_main/cmake-3.20.2/CMakeFiles/CMakeTmp

Run Build Command(s):/usr/bin/gmake -f Makefile cmTC_5c18f/fast && gmake  -f CMakeFiles/cmTC_5c18f.dir/build.make CMakeFiles/cmTC_5c18f.dir/build
gmake[1]: Entering directory '/home/vboxuser/Desktop/IRT/eval_k_means_coresets_main/cmake-3.20.2/CMakeFiles/CMakeTmp'
Building C object CMakeFiles/cmTC_5c18f.dir/src.c.o
/usr/bin/gcc -DHAVE_STRUCT_STAT_ST_FLAGS  -w  -std=gnu11 -o CMakeFiles/cmTC_5c18f.dir/src.c.o -c /home/vboxuser/Desktop/IRT/eval_k_means_coresets_main/cmake-3.20.2/CMakeFiles/CMakeTmp/src.c
/home/vboxuser/Desktop/IRT/eval_k_means_coresets_main/cmake-3.20.2/CMakeFiles/CMakeTmp/src.c: In function ‘main’:
/home/vboxuser/Desktop/IRT/eval_k_means_coresets_main/cmake-3.20.2/CMakeFiles/CMakeTmp/src.c:7:34: error: ‘struct stat’ has no member named ‘st_flags’
    7 |   (void)sizeof(((struct stat *)0)->st_flags);
      |                                  ^~
gmake[1]: *** [CMakeFiles/cmTC_5c18f.dir/build.make:78: CMakeFiles/cmTC_5c18f.dir/src.c.o] Error 1
gmake[1]: Leaving directory '/home/vboxuser/Desktop/IRT/eval_k_means_coresets_main/cmake-3.20.2/CMakeFiles/CMakeTmp'
gmake: *** [Makefile:127: cmTC_5c18f/fast] Error 2


Source file was:

#include <sys/types.h>
#include <sys/stat.h>

int main()
{
  (void)sizeof(((struct stat *)0)->st_flags);
  return 0;
}

Performing C SOURCE FILE Test HAVE_STRUCT_STATVFS_F_IOSIZE failed with the following output:
Change Dir: /home/vboxuser/Desktop/IRT/eval_k_means_coresets_main/cmake-3.20.2/CMakeFiles/CMakeTmp

Run Build Command(s):/usr/bin/gmake -f Makefile cmTC_c9e4a/fast && gmake  -f CMakeFiles/cmTC_c9e4a.dir/build.make CMakeFiles/cmTC_c9e4a.dir/build
gmake[1]: Entering directory '/home/vboxuser/Desktop/IRT/eval_k_means_coresets_main/cmake-3.20.2/CMakeFiles/CMakeTmp'
Building C object CMakeFiles/cmTC_c9e4a.dir/src.c.o
/usr/bin/gcc -DHAVE_STRUCT_STATVFS_F_IOSIZE  -w  -std=gnu11 -o CMakeFiles/cmTC_c9e4a.dir/src.c.o -c /home/vboxuser/Desktop/IRT/eval_k_means_coresets_main/cmake-3.20.2/CMakeFiles/CMakeTmp/src.c
/home/vboxuser/Desktop/IRT/eval_k_means_coresets_main/cmake-3.20.2/CMakeFiles/CMakeTmp/src.c: In function ‘main’:
/home/vboxuser/Desktop/IRT/eval_k_means_coresets_main/cmake-3.20.2/CMakeFiles/CMakeTmp/src.c:7:39: error: ‘struct statvfs’ has no member named ‘f_iosize’; did you mean ‘f_bsize’?
    7 |   (void)sizeof(((struct statvfs *)0)->f_iosize);
      |                                       ^~~~~~~~
      |                                       f_bsize
gmake[1]: *** [CMakeFiles/cmTC_c9e4a.dir/build.make:78: CMakeFiles/cmTC_c9e4a.dir/src.c.o] Error 1
gmake[1]: Leaving directory '/home/vboxuser/Desktop/IRT/eval_k_means_coresets_main/cmake-3.20.2/CMakeFiles/CMakeTmp'
gmake: *** [Makefile:127: cmTC_c9e4a/fast] Error 2


Source file was:

#include <sys/types.h>
#include <sys/statvfs.h>

int main()
{
  (void)sizeof(((struct statvfs *)0)->f_iosize);
  return 0;
}

